[2024-05-19 02:35:01,689] {taskinstance.py:1032} INFO - Dependencies all met for <TaskInstance: keypoints_dag.preprocess_data manual__2024-05-18T21:04:03.051208+00:00 [queued]>
[2024-05-19 02:35:01,692] {taskinstance.py:1032} INFO - Dependencies all met for <TaskInstance: keypoints_dag.preprocess_data manual__2024-05-18T21:04:03.051208+00:00 [queued]>
[2024-05-19 02:35:01,692] {taskinstance.py:1238} INFO - 
--------------------------------------------------------------------------------
[2024-05-19 02:35:01,692] {taskinstance.py:1239} INFO - Starting attempt 1 of 1
[2024-05-19 02:35:01,692] {taskinstance.py:1240} INFO - 
--------------------------------------------------------------------------------
[2024-05-19 02:35:01,696] {taskinstance.py:1259} INFO - Executing <Task(PythonOperator): preprocess_data> on 2024-05-18 21:04:03.051208+00:00
[2024-05-19 02:35:01,705] {standard_task_runner.py:52} INFO - Started process 36420 to run task
[2024-05-19 02:35:01,710] {standard_task_runner.py:76} INFO - Running: ['airflow', 'tasks', 'run', 'keypoints_dag', 'preprocess_data', 'manual__2024-05-18T21:04:03.051208+00:00', '--job-id', '15', '--raw', '--subdir', 'DAGS_FOLDER/preprocess_airflow.py', '--cfg-path', '/var/folders/hr/cn8gd6d15xv_6m22yptdtyhw0000gn/T/tmpab0mjzpr', '--error-file', '/var/folders/hr/cn8gd6d15xv_6m22yptdtyhw0000gn/T/tmpi4rb4sc4']
[2024-05-19 02:35:01,711] {standard_task_runner.py:77} INFO - Job 15: Subtask preprocess_data
[2024-05-19 02:35:01,733] {logging_mixin.py:109} INFO - Running <TaskInstance: keypoints_dag.preprocess_data manual__2024-05-18T21:04:03.051208+00:00 [running]> on host 1.0.0.0.0.0.0.0.0.0.0.0.0.0.0.0.0.0.0.0.0.0.0.0.0.0.0.0.0.0.0.0.ip6.arpa
[2024-05-19 02:35:01,749] {taskinstance.py:1424} INFO - Exporting the following env vars:
AIRFLOW_CTX_DAG_OWNER=airflow
AIRFLOW_CTX_DAG_ID=keypoints_dag
AIRFLOW_CTX_TASK_ID=preprocess_data
AIRFLOW_CTX_EXECUTION_DATE=2024-05-18T21:04:03.051208+00:00
AIRFLOW_CTX_DAG_RUN_ID=manual__2024-05-18T21:04:03.051208+00:00
[2024-05-19 02:35:01,753] {logging_mixin.py:109} WARNING - /Users/nikhilanand/airflow_venv/lib/python3.9/site-packages/airflow/utils/context.py:152 AirflowContextDeprecationWarning: Accessing 'execution_date' from the template is deprecated and will be removed in a future version. Please use 'data_interval_start' or 'logical_date' instead.
[2024-05-19 02:35:01,754] {logging_mixin.py:109} WARNING - /Users/nikhilanand/airflow_venv/lib/python3.9/site-packages/airflow/utils/context.py:152 AirflowContextDeprecationWarning: Accessing 'next_ds' from the template is deprecated and will be removed in a future version. Please use '{{ data_interval_end | ds }}' instead.
[2024-05-19 02:35:01,754] {logging_mixin.py:109} WARNING - /Users/nikhilanand/airflow_venv/lib/python3.9/site-packages/airflow/utils/context.py:152 AirflowContextDeprecationWarning: Accessing 'next_ds_nodash' from the template is deprecated and will be removed in a future version. Please use '{{ data_interval_end | ds_nodash }}' instead.
[2024-05-19 02:35:01,755] {logging_mixin.py:109} WARNING - /Users/nikhilanand/airflow_venv/lib/python3.9/site-packages/airflow/utils/context.py:152 AirflowContextDeprecationWarning: Accessing 'next_execution_date' from the template is deprecated and will be removed in a future version. Please use 'data_interval_end' instead.
[2024-05-19 02:35:01,755] {logging_mixin.py:109} WARNING - /Users/nikhilanand/airflow_venv/lib/python3.9/site-packages/airflow/utils/context.py:152 AirflowContextDeprecationWarning: Accessing 'prev_ds' from the template is deprecated and will be removed in a future version.
[2024-05-19 02:35:01,756] {logging_mixin.py:109} WARNING - /Users/nikhilanand/airflow_venv/lib/python3.9/site-packages/airflow/utils/context.py:152 AirflowContextDeprecationWarning: Accessing 'prev_ds_nodash' from the template is deprecated and will be removed in a future version.
[2024-05-19 02:35:01,756] {logging_mixin.py:109} WARNING - /Users/nikhilanand/airflow_venv/lib/python3.9/site-packages/airflow/utils/context.py:152 AirflowContextDeprecationWarning: Accessing 'prev_execution_date' from the template is deprecated and will be removed in a future version.
[2024-05-19 02:35:01,756] {logging_mixin.py:109} WARNING - /Users/nikhilanand/airflow_venv/lib/python3.9/site-packages/airflow/utils/context.py:152 AirflowContextDeprecationWarning: Accessing 'prev_execution_date_success' from the template is deprecated and will be removed in a future version. Please use 'prev_data_interval_start_success' instead.
[2024-05-19 02:35:01,757] {logging_mixin.py:109} WARNING - /Users/nikhilanand/airflow_venv/lib/python3.9/site-packages/airflow/utils/context.py:152 AirflowContextDeprecationWarning: Accessing 'tomorrow_ds' from the template is deprecated and will be removed in a future version.
[2024-05-19 02:35:01,757] {logging_mixin.py:109} WARNING - /Users/nikhilanand/airflow_venv/lib/python3.9/site-packages/airflow/utils/context.py:152 AirflowContextDeprecationWarning: Accessing 'tomorrow_ds_nodash' from the template is deprecated and will be removed in a future version.
[2024-05-19 02:35:01,758] {logging_mixin.py:109} WARNING - /Users/nikhilanand/airflow_venv/lib/python3.9/site-packages/airflow/utils/context.py:152 AirflowContextDeprecationWarning: Accessing 'yesterday_ds' from the template is deprecated and will be removed in a future version.
[2024-05-19 02:35:01,758] {logging_mixin.py:109} WARNING - /Users/nikhilanand/airflow_venv/lib/python3.9/site-packages/airflow/utils/context.py:152 AirflowContextDeprecationWarning: Accessing 'yesterday_ds_nodash' from the template is deprecated and will be removed in a future version.
[2024-05-19 02:35:09,799] {python.py:175} INFO - Done. Returned value was: None
[2024-05-19 02:35:09,803] {taskinstance.py:1267} INFO - Marking task as SUCCESS. dag_id=keypoints_dag, task_id=preprocess_data, execution_date=20240518T210403, start_date=20240518T210501, end_date=20240518T210509
[2024-05-19 02:35:09,822] {local_task_job.py:154} INFO - Task exited with return code 0
[2024-05-19 02:35:09,828] {local_task_job.py:264} INFO - 0 downstream tasks scheduled from follow-on schedule check
