[2024-05-19 02:27:43,863] {processor.py:163} INFO - Started process (PID=30954) to work on /Users/nikhilanand/airflow_venv/lib/python3.9/site-packages/airflow/example_dags/subdags/subdag.py
[2024-05-19 02:27:43,863] {processor.py:642} INFO - Processing file /Users/nikhilanand/airflow_venv/lib/python3.9/site-packages/airflow/example_dags/subdags/subdag.py for tasks to queue
[2024-05-19 02:27:43,864] {logging_mixin.py:109} INFO - [2024-05-19 02:27:43,864] {dagbag.py:500} INFO - Filling up the DagBag from /Users/nikhilanand/airflow_venv/lib/python3.9/site-packages/airflow/example_dags/subdags/subdag.py
[2024-05-19 02:27:43,876] {processor.py:656} WARNING - No viable dags retrieved from /Users/nikhilanand/airflow_venv/lib/python3.9/site-packages/airflow/example_dags/subdags/subdag.py
[2024-05-19 02:27:43,877] {processor.py:171} INFO - Processing /Users/nikhilanand/airflow_venv/lib/python3.9/site-packages/airflow/example_dags/subdags/subdag.py took 0.014 seconds
[2024-05-19 02:28:47,798] {processor.py:163} INFO - Started process (PID=32152) to work on /Users/nikhilanand/airflow_venv/lib/python3.9/site-packages/airflow/example_dags/subdags/subdag.py
[2024-05-19 02:28:47,798] {processor.py:642} INFO - Processing file /Users/nikhilanand/airflow_venv/lib/python3.9/site-packages/airflow/example_dags/subdags/subdag.py for tasks to queue
[2024-05-19 02:28:47,798] {logging_mixin.py:109} INFO - [2024-05-19 02:28:47,798] {dagbag.py:500} INFO - Filling up the DagBag from /Users/nikhilanand/airflow_venv/lib/python3.9/site-packages/airflow/example_dags/subdags/subdag.py
[2024-05-19 02:28:47,812] {processor.py:656} WARNING - No viable dags retrieved from /Users/nikhilanand/airflow_venv/lib/python3.9/site-packages/airflow/example_dags/subdags/subdag.py
[2024-05-19 02:28:47,813] {processor.py:171} INFO - Processing /Users/nikhilanand/airflow_venv/lib/python3.9/site-packages/airflow/example_dags/subdags/subdag.py took 0.015 seconds
[2024-05-19 02:29:22,479] {processor.py:163} INFO - Started process (PID=32553) to work on /Users/nikhilanand/airflow_venv/lib/python3.9/site-packages/airflow/example_dags/subdags/subdag.py
[2024-05-19 02:29:22,479] {processor.py:642} INFO - Processing file /Users/nikhilanand/airflow_venv/lib/python3.9/site-packages/airflow/example_dags/subdags/subdag.py for tasks to queue
[2024-05-19 02:29:22,479] {logging_mixin.py:109} INFO - [2024-05-19 02:29:22,479] {dagbag.py:500} INFO - Filling up the DagBag from /Users/nikhilanand/airflow_venv/lib/python3.9/site-packages/airflow/example_dags/subdags/subdag.py
[2024-05-19 02:29:22,492] {processor.py:656} WARNING - No viable dags retrieved from /Users/nikhilanand/airflow_venv/lib/python3.9/site-packages/airflow/example_dags/subdags/subdag.py
[2024-05-19 02:29:22,493] {processor.py:171} INFO - Processing /Users/nikhilanand/airflow_venv/lib/python3.9/site-packages/airflow/example_dags/subdags/subdag.py took 0.014 seconds
[2024-05-19 02:30:27,576] {processor.py:163} INFO - Started process (PID=33302) to work on /Users/nikhilanand/airflow_venv/lib/python3.9/site-packages/airflow/example_dags/subdags/subdag.py
[2024-05-19 02:30:27,577] {processor.py:642} INFO - Processing file /Users/nikhilanand/airflow_venv/lib/python3.9/site-packages/airflow/example_dags/subdags/subdag.py for tasks to queue
[2024-05-19 02:30:27,577] {logging_mixin.py:109} INFO - [2024-05-19 02:30:27,577] {dagbag.py:500} INFO - Filling up the DagBag from /Users/nikhilanand/airflow_venv/lib/python3.9/site-packages/airflow/example_dags/subdags/subdag.py
[2024-05-19 02:30:27,590] {processor.py:656} WARNING - No viable dags retrieved from /Users/nikhilanand/airflow_venv/lib/python3.9/site-packages/airflow/example_dags/subdags/subdag.py
[2024-05-19 02:30:27,591] {processor.py:171} INFO - Processing /Users/nikhilanand/airflow_venv/lib/python3.9/site-packages/airflow/example_dags/subdags/subdag.py took 0.016 seconds
[2024-05-19 02:31:50,756] {processor.py:163} INFO - Started process (PID=34234) to work on /Users/nikhilanand/airflow_venv/lib/python3.9/site-packages/airflow/example_dags/subdags/subdag.py
[2024-05-19 02:31:50,757] {processor.py:642} INFO - Processing file /Users/nikhilanand/airflow_venv/lib/python3.9/site-packages/airflow/example_dags/subdags/subdag.py for tasks to queue
[2024-05-19 02:31:50,757] {logging_mixin.py:109} INFO - [2024-05-19 02:31:50,757] {dagbag.py:500} INFO - Filling up the DagBag from /Users/nikhilanand/airflow_venv/lib/python3.9/site-packages/airflow/example_dags/subdags/subdag.py
[2024-05-19 02:31:50,770] {processor.py:656} WARNING - No viable dags retrieved from /Users/nikhilanand/airflow_venv/lib/python3.9/site-packages/airflow/example_dags/subdags/subdag.py
[2024-05-19 02:31:50,771] {processor.py:171} INFO - Processing /Users/nikhilanand/airflow_venv/lib/python3.9/site-packages/airflow/example_dags/subdags/subdag.py took 0.015 seconds
[2024-05-19 02:32:43,008] {processor.py:163} INFO - Started process (PID=34837) to work on /Users/nikhilanand/airflow_venv/lib/python3.9/site-packages/airflow/example_dags/subdags/subdag.py
[2024-05-19 02:32:43,008] {processor.py:642} INFO - Processing file /Users/nikhilanand/airflow_venv/lib/python3.9/site-packages/airflow/example_dags/subdags/subdag.py for tasks to queue
[2024-05-19 02:32:43,008] {logging_mixin.py:109} INFO - [2024-05-19 02:32:43,008] {dagbag.py:500} INFO - Filling up the DagBag from /Users/nikhilanand/airflow_venv/lib/python3.9/site-packages/airflow/example_dags/subdags/subdag.py
[2024-05-19 02:32:43,021] {processor.py:656} WARNING - No viable dags retrieved from /Users/nikhilanand/airflow_venv/lib/python3.9/site-packages/airflow/example_dags/subdags/subdag.py
[2024-05-19 02:32:43,021] {processor.py:171} INFO - Processing /Users/nikhilanand/airflow_venv/lib/python3.9/site-packages/airflow/example_dags/subdags/subdag.py took 0.014 seconds
[2024-05-19 02:33:42,701] {processor.py:163} INFO - Started process (PID=35523) to work on /Users/nikhilanand/airflow_venv/lib/python3.9/site-packages/airflow/example_dags/subdags/subdag.py
[2024-05-19 02:33:42,701] {processor.py:642} INFO - Processing file /Users/nikhilanand/airflow_venv/lib/python3.9/site-packages/airflow/example_dags/subdags/subdag.py for tasks to queue
[2024-05-19 02:33:42,701] {logging_mixin.py:109} INFO - [2024-05-19 02:33:42,701] {dagbag.py:500} INFO - Filling up the DagBag from /Users/nikhilanand/airflow_venv/lib/python3.9/site-packages/airflow/example_dags/subdags/subdag.py
[2024-05-19 02:33:42,714] {processor.py:656} WARNING - No viable dags retrieved from /Users/nikhilanand/airflow_venv/lib/python3.9/site-packages/airflow/example_dags/subdags/subdag.py
[2024-05-19 02:33:42,714] {processor.py:171} INFO - Processing /Users/nikhilanand/airflow_venv/lib/python3.9/site-packages/airflow/example_dags/subdags/subdag.py took 0.014 seconds
[2024-05-19 02:35:32,761] {processor.py:163} INFO - Started process (PID=36776) to work on /Users/nikhilanand/airflow_venv/lib/python3.9/site-packages/airflow/example_dags/subdags/subdag.py
[2024-05-19 02:35:32,762] {processor.py:642} INFO - Processing file /Users/nikhilanand/airflow_venv/lib/python3.9/site-packages/airflow/example_dags/subdags/subdag.py for tasks to queue
[2024-05-19 02:35:32,762] {logging_mixin.py:109} INFO - [2024-05-19 02:35:32,762] {dagbag.py:500} INFO - Filling up the DagBag from /Users/nikhilanand/airflow_venv/lib/python3.9/site-packages/airflow/example_dags/subdags/subdag.py
[2024-05-19 02:35:32,774] {processor.py:656} WARNING - No viable dags retrieved from /Users/nikhilanand/airflow_venv/lib/python3.9/site-packages/airflow/example_dags/subdags/subdag.py
[2024-05-19 02:35:32,775] {processor.py:171} INFO - Processing /Users/nikhilanand/airflow_venv/lib/python3.9/site-packages/airflow/example_dags/subdags/subdag.py took 0.015 seconds
[2024-05-19 02:36:24,505] {processor.py:163} INFO - Started process (PID=37365) to work on /Users/nikhilanand/airflow_venv/lib/python3.9/site-packages/airflow/example_dags/subdags/subdag.py
[2024-05-19 02:36:24,505] {processor.py:642} INFO - Processing file /Users/nikhilanand/airflow_venv/lib/python3.9/site-packages/airflow/example_dags/subdags/subdag.py for tasks to queue
[2024-05-19 02:36:24,505] {logging_mixin.py:109} INFO - [2024-05-19 02:36:24,505] {dagbag.py:500} INFO - Filling up the DagBag from /Users/nikhilanand/airflow_venv/lib/python3.9/site-packages/airflow/example_dags/subdags/subdag.py
[2024-05-19 02:36:24,517] {processor.py:656} WARNING - No viable dags retrieved from /Users/nikhilanand/airflow_venv/lib/python3.9/site-packages/airflow/example_dags/subdags/subdag.py
[2024-05-19 02:36:24,518] {processor.py:171} INFO - Processing /Users/nikhilanand/airflow_venv/lib/python3.9/site-packages/airflow/example_dags/subdags/subdag.py took 0.014 seconds
