[2024-05-19 02:28:07,058] {processor.py:163} INFO - Started process (PID=31634) to work on /Users/nikhilanand/airflow_venv/lib/python3.9/site-packages/airflow/example_dags/example_task_group.py
[2024-05-19 02:28:07,058] {processor.py:642} INFO - Processing file /Users/nikhilanand/airflow_venv/lib/python3.9/site-packages/airflow/example_dags/example_task_group.py for tasks to queue
[2024-05-19 02:28:07,059] {logging_mixin.py:109} INFO - [2024-05-19 02:28:07,059] {dagbag.py:500} INFO - Filling up the DagBag from /Users/nikhilanand/airflow_venv/lib/python3.9/site-packages/airflow/example_dags/example_task_group.py
[2024-05-19 02:28:07,074] {processor.py:654} INFO - DAG(s) dict_keys(['example_task_group']) retrieved from /Users/nikhilanand/airflow_venv/lib/python3.9/site-packages/airflow/example_dags/example_task_group.py
[2024-05-19 02:28:07,083] {logging_mixin.py:109} INFO - [2024-05-19 02:28:07,083] {dag.py:2396} INFO - Sync 1 DAGs
[2024-05-19 02:28:07,088] {logging_mixin.py:109} INFO - [2024-05-19 02:28:07,088] {dag.py:2935} INFO - Setting next_dagrun for example_task_group to 2024-05-17T20:58:07.088164+00:00
[2024-05-19 02:28:07,092] {processor.py:171} INFO - Processing /Users/nikhilanand/airflow_venv/lib/python3.9/site-packages/airflow/example_dags/example_task_group.py took 0.034 seconds
[2024-05-19 02:29:10,880] {processor.py:163} INFO - Started process (PID=32419) to work on /Users/nikhilanand/airflow_venv/lib/python3.9/site-packages/airflow/example_dags/example_task_group.py
[2024-05-19 02:29:10,880] {processor.py:642} INFO - Processing file /Users/nikhilanand/airflow_venv/lib/python3.9/site-packages/airflow/example_dags/example_task_group.py for tasks to queue
[2024-05-19 02:29:10,881] {logging_mixin.py:109} INFO - [2024-05-19 02:29:10,881] {dagbag.py:500} INFO - Filling up the DagBag from /Users/nikhilanand/airflow_venv/lib/python3.9/site-packages/airflow/example_dags/example_task_group.py
[2024-05-19 02:29:10,897] {processor.py:654} INFO - DAG(s) dict_keys(['example_task_group']) retrieved from /Users/nikhilanand/airflow_venv/lib/python3.9/site-packages/airflow/example_dags/example_task_group.py
[2024-05-19 02:29:10,906] {logging_mixin.py:109} INFO - [2024-05-19 02:29:10,906] {dag.py:2396} INFO - Sync 1 DAGs
[2024-05-19 02:29:10,911] {logging_mixin.py:109} INFO - [2024-05-19 02:29:10,910] {dag.py:2935} INFO - Setting next_dagrun for example_task_group to 2024-05-17T20:59:10.910887+00:00
[2024-05-19 02:29:10,915] {processor.py:171} INFO - Processing /Users/nikhilanand/airflow_venv/lib/python3.9/site-packages/airflow/example_dags/example_task_group.py took 0.035 seconds
[2024-05-19 02:30:51,299] {processor.py:163} INFO - Started process (PID=33566) to work on /Users/nikhilanand/airflow_venv/lib/python3.9/site-packages/airflow/example_dags/example_task_group.py
[2024-05-19 02:30:51,300] {processor.py:642} INFO - Processing file /Users/nikhilanand/airflow_venv/lib/python3.9/site-packages/airflow/example_dags/example_task_group.py for tasks to queue
[2024-05-19 02:30:51,300] {logging_mixin.py:109} INFO - [2024-05-19 02:30:51,300] {dagbag.py:500} INFO - Filling up the DagBag from /Users/nikhilanand/airflow_venv/lib/python3.9/site-packages/airflow/example_dags/example_task_group.py
[2024-05-19 02:30:51,317] {processor.py:654} INFO - DAG(s) dict_keys(['example_task_group']) retrieved from /Users/nikhilanand/airflow_venv/lib/python3.9/site-packages/airflow/example_dags/example_task_group.py
[2024-05-19 02:30:51,327] {logging_mixin.py:109} INFO - [2024-05-19 02:30:51,327] {dag.py:2396} INFO - Sync 1 DAGs
[2024-05-19 02:30:51,332] {logging_mixin.py:109} INFO - [2024-05-19 02:30:51,332] {dag.py:2935} INFO - Setting next_dagrun for example_task_group to 2024-05-17T21:00:51.331990+00:00
[2024-05-19 02:30:51,336] {processor.py:171} INFO - Processing /Users/nikhilanand/airflow_venv/lib/python3.9/site-packages/airflow/example_dags/example_task_group.py took 0.037 seconds
[2024-05-19 02:32:14,032] {processor.py:163} INFO - Started process (PID=34506) to work on /Users/nikhilanand/airflow_venv/lib/python3.9/site-packages/airflow/example_dags/example_task_group.py
[2024-05-19 02:32:14,032] {processor.py:642} INFO - Processing file /Users/nikhilanand/airflow_venv/lib/python3.9/site-packages/airflow/example_dags/example_task_group.py for tasks to queue
[2024-05-19 02:32:14,033] {logging_mixin.py:109} INFO - [2024-05-19 02:32:14,033] {dagbag.py:500} INFO - Filling up the DagBag from /Users/nikhilanand/airflow_venv/lib/python3.9/site-packages/airflow/example_dags/example_task_group.py
[2024-05-19 02:32:14,049] {processor.py:654} INFO - DAG(s) dict_keys(['example_task_group']) retrieved from /Users/nikhilanand/airflow_venv/lib/python3.9/site-packages/airflow/example_dags/example_task_group.py
[2024-05-19 02:32:14,059] {logging_mixin.py:109} INFO - [2024-05-19 02:32:14,059] {dag.py:2396} INFO - Sync 1 DAGs
[2024-05-19 02:32:14,064] {logging_mixin.py:109} INFO - [2024-05-19 02:32:14,064] {dag.py:2935} INFO - Setting next_dagrun for example_task_group to 2024-05-17T21:02:14.063972+00:00
[2024-05-19 02:32:14,068] {processor.py:171} INFO - Processing /Users/nikhilanand/airflow_venv/lib/python3.9/site-packages/airflow/example_dags/example_task_group.py took 0.036 seconds
[2024-05-19 02:33:54,063] {processor.py:163} INFO - Started process (PID=35650) to work on /Users/nikhilanand/airflow_venv/lib/python3.9/site-packages/airflow/example_dags/example_task_group.py
[2024-05-19 02:33:54,064] {processor.py:642} INFO - Processing file /Users/nikhilanand/airflow_venv/lib/python3.9/site-packages/airflow/example_dags/example_task_group.py for tasks to queue
[2024-05-19 02:33:54,064] {logging_mixin.py:109} INFO - [2024-05-19 02:33:54,064] {dagbag.py:500} INFO - Filling up the DagBag from /Users/nikhilanand/airflow_venv/lib/python3.9/site-packages/airflow/example_dags/example_task_group.py
[2024-05-19 02:33:54,081] {processor.py:654} INFO - DAG(s) dict_keys(['example_task_group']) retrieved from /Users/nikhilanand/airflow_venv/lib/python3.9/site-packages/airflow/example_dags/example_task_group.py
[2024-05-19 02:33:54,090] {logging_mixin.py:109} INFO - [2024-05-19 02:33:54,090] {dag.py:2396} INFO - Sync 1 DAGs
[2024-05-19 02:33:54,095] {logging_mixin.py:109} INFO - [2024-05-19 02:33:54,095] {dag.py:2935} INFO - Setting next_dagrun for example_task_group to 2024-05-17T21:03:54.095138+00:00
[2024-05-19 02:33:54,099] {processor.py:171} INFO - Processing /Users/nikhilanand/airflow_venv/lib/python3.9/site-packages/airflow/example_dags/example_task_group.py took 0.036 seconds
[2024-05-19 02:35:55,760] {processor.py:163} INFO - Started process (PID=37026) to work on /Users/nikhilanand/airflow_venv/lib/python3.9/site-packages/airflow/example_dags/example_task_group.py
[2024-05-19 02:35:55,761] {processor.py:642} INFO - Processing file /Users/nikhilanand/airflow_venv/lib/python3.9/site-packages/airflow/example_dags/example_task_group.py for tasks to queue
[2024-05-19 02:35:55,761] {logging_mixin.py:109} INFO - [2024-05-19 02:35:55,761] {dagbag.py:500} INFO - Filling up the DagBag from /Users/nikhilanand/airflow_venv/lib/python3.9/site-packages/airflow/example_dags/example_task_group.py
[2024-05-19 02:35:55,777] {processor.py:654} INFO - DAG(s) dict_keys(['example_task_group']) retrieved from /Users/nikhilanand/airflow_venv/lib/python3.9/site-packages/airflow/example_dags/example_task_group.py
[2024-05-19 02:35:55,786] {logging_mixin.py:109} INFO - [2024-05-19 02:35:55,786] {dag.py:2396} INFO - Sync 1 DAGs
[2024-05-19 02:35:55,790] {logging_mixin.py:109} INFO - [2024-05-19 02:35:55,790] {dag.py:2935} INFO - Setting next_dagrun for example_task_group to 2024-05-17T21:05:55.790713+00:00
[2024-05-19 02:35:55,794] {processor.py:171} INFO - Processing /Users/nikhilanand/airflow_venv/lib/python3.9/site-packages/airflow/example_dags/example_task_group.py took 0.034 seconds
[2024-05-19 02:37:01,217] {processor.py:163} INFO - Started process (PID=37797) to work on /Users/nikhilanand/airflow_venv/lib/python3.9/site-packages/airflow/example_dags/example_task_group.py
[2024-05-19 02:37:01,217] {processor.py:642} INFO - Processing file /Users/nikhilanand/airflow_venv/lib/python3.9/site-packages/airflow/example_dags/example_task_group.py for tasks to queue
[2024-05-19 02:37:01,217] {logging_mixin.py:109} INFO - [2024-05-19 02:37:01,217] {dagbag.py:500} INFO - Filling up the DagBag from /Users/nikhilanand/airflow_venv/lib/python3.9/site-packages/airflow/example_dags/example_task_group.py
[2024-05-19 02:37:01,235] {processor.py:654} INFO - DAG(s) dict_keys(['example_task_group']) retrieved from /Users/nikhilanand/airflow_venv/lib/python3.9/site-packages/airflow/example_dags/example_task_group.py
[2024-05-19 02:37:01,245] {logging_mixin.py:109} INFO - [2024-05-19 02:37:01,245] {dag.py:2396} INFO - Sync 1 DAGs
[2024-05-19 02:37:01,249] {logging_mixin.py:109} INFO - [2024-05-19 02:37:01,249] {dag.py:2935} INFO - Setting next_dagrun for example_task_group to 2024-05-17T21:07:01.249504+00:00
[2024-05-19 02:37:01,254] {processor.py:171} INFO - Processing /Users/nikhilanand/airflow_venv/lib/python3.9/site-packages/airflow/example_dags/example_task_group.py took 0.037 seconds
