[2024-05-19 02:28:08,922] {processor.py:163} INFO - Started process (PID=31660) to work on /Users/nikhilanand/airflow_venv/lib/python3.9/site-packages/airflow/example_dags/example_subdag_operator.py
[2024-05-19 02:28:08,922] {processor.py:642} INFO - Processing file /Users/nikhilanand/airflow_venv/lib/python3.9/site-packages/airflow/example_dags/example_subdag_operator.py for tasks to queue
[2024-05-19 02:28:08,922] {logging_mixin.py:109} INFO - [2024-05-19 02:28:08,922] {dagbag.py:500} INFO - Filling up the DagBag from /Users/nikhilanand/airflow_venv/lib/python3.9/site-packages/airflow/example_dags/example_subdag_operator.py
[2024-05-19 02:28:08,940] {processor.py:654} INFO - DAG(s) dict_keys(['example_subdag_operator.section-1', 'example_subdag_operator.section-2', 'example_subdag_operator']) retrieved from /Users/nikhilanand/airflow_venv/lib/python3.9/site-packages/airflow/example_dags/example_subdag_operator.py
[2024-05-19 02:28:08,950] {logging_mixin.py:109} INFO - [2024-05-19 02:28:08,950] {dag.py:2396} INFO - Sync 3 DAGs
[2024-05-19 02:28:08,954] {logging_mixin.py:109} INFO - [2024-05-19 02:28:08,954] {dag.py:2935} INFO - Setting next_dagrun for example_subdag_operator to 2024-05-16T00:00:00+00:00
[2024-05-19 02:28:08,954] {logging_mixin.py:109} INFO - [2024-05-19 02:28:08,954] {dag.py:2935} INFO - Setting next_dagrun for example_subdag_operator.section-1 to None
[2024-05-19 02:28:08,954] {logging_mixin.py:109} INFO - [2024-05-19 02:28:08,954] {dag.py:2935} INFO - Setting next_dagrun for example_subdag_operator.section-2 to None
[2024-05-19 02:28:08,956] {logging_mixin.py:109} INFO - [2024-05-19 02:28:08,956] {dag.py:2396} INFO - Sync 2 DAGs
[2024-05-19 02:28:08,959] {logging_mixin.py:109} INFO - [2024-05-19 02:28:08,959] {dag.py:2935} INFO - Setting next_dagrun for example_subdag_operator.section-1 to None
[2024-05-19 02:28:08,959] {logging_mixin.py:109} INFO - [2024-05-19 02:28:08,959] {dag.py:2935} INFO - Setting next_dagrun for example_subdag_operator.section-2 to None
[2024-05-19 02:28:08,962] {processor.py:171} INFO - Processing /Users/nikhilanand/airflow_venv/lib/python3.9/site-packages/airflow/example_dags/example_subdag_operator.py took 0.040 seconds
[2024-05-19 02:29:12,770] {processor.py:163} INFO - Started process (PID=32436) to work on /Users/nikhilanand/airflow_venv/lib/python3.9/site-packages/airflow/example_dags/example_subdag_operator.py
[2024-05-19 02:29:12,770] {processor.py:642} INFO - Processing file /Users/nikhilanand/airflow_venv/lib/python3.9/site-packages/airflow/example_dags/example_subdag_operator.py for tasks to queue
[2024-05-19 02:29:12,771] {logging_mixin.py:109} INFO - [2024-05-19 02:29:12,771] {dagbag.py:500} INFO - Filling up the DagBag from /Users/nikhilanand/airflow_venv/lib/python3.9/site-packages/airflow/example_dags/example_subdag_operator.py
[2024-05-19 02:29:12,790] {processor.py:654} INFO - DAG(s) dict_keys(['example_subdag_operator.section-1', 'example_subdag_operator.section-2', 'example_subdag_operator']) retrieved from /Users/nikhilanand/airflow_venv/lib/python3.9/site-packages/airflow/example_dags/example_subdag_operator.py
[2024-05-19 02:29:12,801] {logging_mixin.py:109} INFO - [2024-05-19 02:29:12,801] {dag.py:2396} INFO - Sync 3 DAGs
[2024-05-19 02:29:12,805] {logging_mixin.py:109} INFO - [2024-05-19 02:29:12,805] {dag.py:2935} INFO - Setting next_dagrun for example_subdag_operator to 2024-05-16T00:00:00+00:00
[2024-05-19 02:29:12,806] {logging_mixin.py:109} INFO - [2024-05-19 02:29:12,806] {dag.py:2935} INFO - Setting next_dagrun for example_subdag_operator.section-1 to None
[2024-05-19 02:29:12,806] {logging_mixin.py:109} INFO - [2024-05-19 02:29:12,806] {dag.py:2935} INFO - Setting next_dagrun for example_subdag_operator.section-2 to None
[2024-05-19 02:29:12,807] {logging_mixin.py:109} INFO - [2024-05-19 02:29:12,807] {dag.py:2396} INFO - Sync 2 DAGs
[2024-05-19 02:29:12,810] {logging_mixin.py:109} INFO - [2024-05-19 02:29:12,810] {dag.py:2935} INFO - Setting next_dagrun for example_subdag_operator.section-1 to None
[2024-05-19 02:29:12,810] {logging_mixin.py:109} INFO - [2024-05-19 02:29:12,810] {dag.py:2935} INFO - Setting next_dagrun for example_subdag_operator.section-2 to None
[2024-05-19 02:29:12,813] {processor.py:171} INFO - Processing /Users/nikhilanand/airflow_venv/lib/python3.9/site-packages/airflow/example_dags/example_subdag_operator.py took 0.043 seconds
[2024-05-19 02:30:53,288] {processor.py:163} INFO - Started process (PID=33583) to work on /Users/nikhilanand/airflow_venv/lib/python3.9/site-packages/airflow/example_dags/example_subdag_operator.py
[2024-05-19 02:30:53,289] {processor.py:642} INFO - Processing file /Users/nikhilanand/airflow_venv/lib/python3.9/site-packages/airflow/example_dags/example_subdag_operator.py for tasks to queue
[2024-05-19 02:30:53,289] {logging_mixin.py:109} INFO - [2024-05-19 02:30:53,289] {dagbag.py:500} INFO - Filling up the DagBag from /Users/nikhilanand/airflow_venv/lib/python3.9/site-packages/airflow/example_dags/example_subdag_operator.py
[2024-05-19 02:30:53,346] {processor.py:654} INFO - DAG(s) dict_keys(['example_subdag_operator.section-1', 'example_subdag_operator.section-2', 'example_subdag_operator']) retrieved from /Users/nikhilanand/airflow_venv/lib/python3.9/site-packages/airflow/example_dags/example_subdag_operator.py
[2024-05-19 02:30:53,359] {logging_mixin.py:109} INFO - [2024-05-19 02:30:53,359] {dag.py:2396} INFO - Sync 3 DAGs
[2024-05-19 02:30:53,365] {logging_mixin.py:109} INFO - [2024-05-19 02:30:53,365] {dag.py:2935} INFO - Setting next_dagrun for example_subdag_operator to 2024-05-16T00:00:00+00:00
[2024-05-19 02:30:53,365] {logging_mixin.py:109} INFO - [2024-05-19 02:30:53,365] {dag.py:2935} INFO - Setting next_dagrun for example_subdag_operator.section-1 to None
[2024-05-19 02:30:53,366] {logging_mixin.py:109} INFO - [2024-05-19 02:30:53,366] {dag.py:2935} INFO - Setting next_dagrun for example_subdag_operator.section-2 to None
[2024-05-19 02:30:53,368] {logging_mixin.py:109} INFO - [2024-05-19 02:30:53,367] {dag.py:2396} INFO - Sync 2 DAGs
[2024-05-19 02:30:53,370] {logging_mixin.py:109} INFO - [2024-05-19 02:30:53,370] {dag.py:2935} INFO - Setting next_dagrun for example_subdag_operator.section-1 to None
[2024-05-19 02:30:53,370] {logging_mixin.py:109} INFO - [2024-05-19 02:30:53,370] {dag.py:2935} INFO - Setting next_dagrun for example_subdag_operator.section-2 to None
[2024-05-19 02:30:53,374] {processor.py:171} INFO - Processing /Users/nikhilanand/airflow_venv/lib/python3.9/site-packages/airflow/example_dags/example_subdag_operator.py took 0.086 seconds
[2024-05-19 02:32:16,013] {processor.py:163} INFO - Started process (PID=34523) to work on /Users/nikhilanand/airflow_venv/lib/python3.9/site-packages/airflow/example_dags/example_subdag_operator.py
[2024-05-19 02:32:16,014] {processor.py:642} INFO - Processing file /Users/nikhilanand/airflow_venv/lib/python3.9/site-packages/airflow/example_dags/example_subdag_operator.py for tasks to queue
[2024-05-19 02:32:16,014] {logging_mixin.py:109} INFO - [2024-05-19 02:32:16,014] {dagbag.py:500} INFO - Filling up the DagBag from /Users/nikhilanand/airflow_venv/lib/python3.9/site-packages/airflow/example_dags/example_subdag_operator.py
[2024-05-19 02:32:16,033] {processor.py:654} INFO - DAG(s) dict_keys(['example_subdag_operator.section-1', 'example_subdag_operator.section-2', 'example_subdag_operator']) retrieved from /Users/nikhilanand/airflow_venv/lib/python3.9/site-packages/airflow/example_dags/example_subdag_operator.py
[2024-05-19 02:32:16,043] {logging_mixin.py:109} INFO - [2024-05-19 02:32:16,043] {dag.py:2396} INFO - Sync 3 DAGs
[2024-05-19 02:32:16,047] {logging_mixin.py:109} INFO - [2024-05-19 02:32:16,047] {dag.py:2935} INFO - Setting next_dagrun for example_subdag_operator to 2024-05-16T00:00:00+00:00
[2024-05-19 02:32:16,047] {logging_mixin.py:109} INFO - [2024-05-19 02:32:16,047] {dag.py:2935} INFO - Setting next_dagrun for example_subdag_operator.section-1 to None
[2024-05-19 02:32:16,048] {logging_mixin.py:109} INFO - [2024-05-19 02:32:16,048] {dag.py:2935} INFO - Setting next_dagrun for example_subdag_operator.section-2 to None
[2024-05-19 02:32:16,049] {logging_mixin.py:109} INFO - [2024-05-19 02:32:16,049] {dag.py:2396} INFO - Sync 2 DAGs
[2024-05-19 02:32:16,052] {logging_mixin.py:109} INFO - [2024-05-19 02:32:16,052] {dag.py:2935} INFO - Setting next_dagrun for example_subdag_operator.section-1 to None
[2024-05-19 02:32:16,052] {logging_mixin.py:109} INFO - [2024-05-19 02:32:16,052] {dag.py:2935} INFO - Setting next_dagrun for example_subdag_operator.section-2 to None
[2024-05-19 02:32:16,055] {processor.py:171} INFO - Processing /Users/nikhilanand/airflow_venv/lib/python3.9/site-packages/airflow/example_dags/example_subdag_operator.py took 0.042 seconds
[2024-05-19 02:33:55,937] {processor.py:163} INFO - Started process (PID=35678) to work on /Users/nikhilanand/airflow_venv/lib/python3.9/site-packages/airflow/example_dags/example_subdag_operator.py
[2024-05-19 02:33:55,937] {processor.py:642} INFO - Processing file /Users/nikhilanand/airflow_venv/lib/python3.9/site-packages/airflow/example_dags/example_subdag_operator.py for tasks to queue
[2024-05-19 02:33:55,937] {logging_mixin.py:109} INFO - [2024-05-19 02:33:55,937] {dagbag.py:500} INFO - Filling up the DagBag from /Users/nikhilanand/airflow_venv/lib/python3.9/site-packages/airflow/example_dags/example_subdag_operator.py
[2024-05-19 02:33:55,956] {processor.py:654} INFO - DAG(s) dict_keys(['example_subdag_operator.section-1', 'example_subdag_operator.section-2', 'example_subdag_operator']) retrieved from /Users/nikhilanand/airflow_venv/lib/python3.9/site-packages/airflow/example_dags/example_subdag_operator.py
[2024-05-19 02:33:55,965] {logging_mixin.py:109} INFO - [2024-05-19 02:33:55,965] {dag.py:2396} INFO - Sync 3 DAGs
[2024-05-19 02:33:55,969] {logging_mixin.py:109} INFO - [2024-05-19 02:33:55,969] {dag.py:2935} INFO - Setting next_dagrun for example_subdag_operator to 2024-05-16T00:00:00+00:00
[2024-05-19 02:33:55,969] {logging_mixin.py:109} INFO - [2024-05-19 02:33:55,969] {dag.py:2935} INFO - Setting next_dagrun for example_subdag_operator.section-1 to None
[2024-05-19 02:33:55,969] {logging_mixin.py:109} INFO - [2024-05-19 02:33:55,969] {dag.py:2935} INFO - Setting next_dagrun for example_subdag_operator.section-2 to None
[2024-05-19 02:33:55,971] {logging_mixin.py:109} INFO - [2024-05-19 02:33:55,971] {dag.py:2396} INFO - Sync 2 DAGs
[2024-05-19 02:33:55,974] {logging_mixin.py:109} INFO - [2024-05-19 02:33:55,974] {dag.py:2935} INFO - Setting next_dagrun for example_subdag_operator.section-1 to None
[2024-05-19 02:33:55,974] {logging_mixin.py:109} INFO - [2024-05-19 02:33:55,974] {dag.py:2935} INFO - Setting next_dagrun for example_subdag_operator.section-2 to None
[2024-05-19 02:33:55,977] {processor.py:171} INFO - Processing /Users/nikhilanand/airflow_venv/lib/python3.9/site-packages/airflow/example_dags/example_subdag_operator.py took 0.040 seconds
[2024-05-19 02:35:57,672] {processor.py:163} INFO - Started process (PID=37043) to work on /Users/nikhilanand/airflow_venv/lib/python3.9/site-packages/airflow/example_dags/example_subdag_operator.py
[2024-05-19 02:35:57,673] {processor.py:642} INFO - Processing file /Users/nikhilanand/airflow_venv/lib/python3.9/site-packages/airflow/example_dags/example_subdag_operator.py for tasks to queue
[2024-05-19 02:35:57,673] {logging_mixin.py:109} INFO - [2024-05-19 02:35:57,673] {dagbag.py:500} INFO - Filling up the DagBag from /Users/nikhilanand/airflow_venv/lib/python3.9/site-packages/airflow/example_dags/example_subdag_operator.py
[2024-05-19 02:35:57,692] {processor.py:654} INFO - DAG(s) dict_keys(['example_subdag_operator.section-1', 'example_subdag_operator.section-2', 'example_subdag_operator']) retrieved from /Users/nikhilanand/airflow_venv/lib/python3.9/site-packages/airflow/example_dags/example_subdag_operator.py
[2024-05-19 02:35:57,701] {logging_mixin.py:109} INFO - [2024-05-19 02:35:57,701] {dag.py:2396} INFO - Sync 3 DAGs
[2024-05-19 02:35:57,705] {logging_mixin.py:109} INFO - [2024-05-19 02:35:57,705] {dag.py:2935} INFO - Setting next_dagrun for example_subdag_operator to 2024-05-16T00:00:00+00:00
[2024-05-19 02:35:57,705] {logging_mixin.py:109} INFO - [2024-05-19 02:35:57,705] {dag.py:2935} INFO - Setting next_dagrun for example_subdag_operator.section-1 to None
[2024-05-19 02:35:57,705] {logging_mixin.py:109} INFO - [2024-05-19 02:35:57,705] {dag.py:2935} INFO - Setting next_dagrun for example_subdag_operator.section-2 to None
[2024-05-19 02:35:57,707] {logging_mixin.py:109} INFO - [2024-05-19 02:35:57,707] {dag.py:2396} INFO - Sync 2 DAGs
[2024-05-19 02:35:57,710] {logging_mixin.py:109} INFO - [2024-05-19 02:35:57,710] {dag.py:2935} INFO - Setting next_dagrun for example_subdag_operator.section-1 to None
[2024-05-19 02:35:57,710] {logging_mixin.py:109} INFO - [2024-05-19 02:35:57,710] {dag.py:2935} INFO - Setting next_dagrun for example_subdag_operator.section-2 to None
[2024-05-19 02:35:57,712] {processor.py:171} INFO - Processing /Users/nikhilanand/airflow_venv/lib/python3.9/site-packages/airflow/example_dags/example_subdag_operator.py took 0.040 seconds
[2024-05-19 02:37:03,101] {processor.py:163} INFO - Started process (PID=37812) to work on /Users/nikhilanand/airflow_venv/lib/python3.9/site-packages/airflow/example_dags/example_subdag_operator.py
[2024-05-19 02:37:03,101] {processor.py:642} INFO - Processing file /Users/nikhilanand/airflow_venv/lib/python3.9/site-packages/airflow/example_dags/example_subdag_operator.py for tasks to queue
[2024-05-19 02:37:03,101] {logging_mixin.py:109} INFO - [2024-05-19 02:37:03,101] {dagbag.py:500} INFO - Filling up the DagBag from /Users/nikhilanand/airflow_venv/lib/python3.9/site-packages/airflow/example_dags/example_subdag_operator.py
[2024-05-19 02:37:03,120] {processor.py:654} INFO - DAG(s) dict_keys(['example_subdag_operator.section-1', 'example_subdag_operator.section-2', 'example_subdag_operator']) retrieved from /Users/nikhilanand/airflow_venv/lib/python3.9/site-packages/airflow/example_dags/example_subdag_operator.py
[2024-05-19 02:37:03,129] {logging_mixin.py:109} INFO - [2024-05-19 02:37:03,129] {dag.py:2396} INFO - Sync 3 DAGs
[2024-05-19 02:37:03,133] {logging_mixin.py:109} INFO - [2024-05-19 02:37:03,133] {dag.py:2935} INFO - Setting next_dagrun for example_subdag_operator to 2024-05-16T00:00:00+00:00
[2024-05-19 02:37:03,133] {logging_mixin.py:109} INFO - [2024-05-19 02:37:03,133] {dag.py:2935} INFO - Setting next_dagrun for example_subdag_operator.section-1 to None
[2024-05-19 02:37:03,134] {logging_mixin.py:109} INFO - [2024-05-19 02:37:03,134] {dag.py:2935} INFO - Setting next_dagrun for example_subdag_operator.section-2 to None
[2024-05-19 02:37:03,135] {logging_mixin.py:109} INFO - [2024-05-19 02:37:03,135] {dag.py:2396} INFO - Sync 2 DAGs
[2024-05-19 02:37:03,138] {logging_mixin.py:109} INFO - [2024-05-19 02:37:03,138] {dag.py:2935} INFO - Setting next_dagrun for example_subdag_operator.section-1 to None
[2024-05-19 02:37:03,138] {logging_mixin.py:109} INFO - [2024-05-19 02:37:03,138] {dag.py:2935} INFO - Setting next_dagrun for example_subdag_operator.section-2 to None
[2024-05-19 02:37:03,141] {processor.py:171} INFO - Processing /Users/nikhilanand/airflow_venv/lib/python3.9/site-packages/airflow/example_dags/example_subdag_operator.py took 0.041 seconds
