[2024-05-19 02:28:04,935] {processor.py:163} INFO - Started process (PID=31606) to work on /Users/nikhilanand/airflow_venv/lib/python3.9/site-packages/airflow/example_dags/example_task_group_decorator.py
[2024-05-19 02:28:04,935] {processor.py:642} INFO - Processing file /Users/nikhilanand/airflow_venv/lib/python3.9/site-packages/airflow/example_dags/example_task_group_decorator.py for tasks to queue
[2024-05-19 02:28:04,936] {logging_mixin.py:109} INFO - [2024-05-19 02:28:04,936] {dagbag.py:500} INFO - Filling up the DagBag from /Users/nikhilanand/airflow_venv/lib/python3.9/site-packages/airflow/example_dags/example_task_group_decorator.py
[2024-05-19 02:28:04,963] {processor.py:654} INFO - DAG(s) dict_keys(['example_task_group_decorator']) retrieved from /Users/nikhilanand/airflow_venv/lib/python3.9/site-packages/airflow/example_dags/example_task_group_decorator.py
[2024-05-19 02:28:05,078] {logging_mixin.py:109} INFO - [2024-05-19 02:28:05,078] {dag.py:2396} INFO - Sync 1 DAGs
[2024-05-19 02:28:05,083] {logging_mixin.py:109} INFO - [2024-05-19 02:28:05,083] {dag.py:2935} INFO - Setting next_dagrun for example_task_group_decorator to 2024-05-17T20:58:05.083211+00:00
[2024-05-19 02:28:05,088] {processor.py:171} INFO - Processing /Users/nikhilanand/airflow_venv/lib/python3.9/site-packages/airflow/example_dags/example_task_group_decorator.py took 0.153 seconds
[2024-05-19 02:29:08,833] {processor.py:163} INFO - Started process (PID=32394) to work on /Users/nikhilanand/airflow_venv/lib/python3.9/site-packages/airflow/example_dags/example_task_group_decorator.py
[2024-05-19 02:29:08,834] {processor.py:642} INFO - Processing file /Users/nikhilanand/airflow_venv/lib/python3.9/site-packages/airflow/example_dags/example_task_group_decorator.py for tasks to queue
[2024-05-19 02:29:08,834] {logging_mixin.py:109} INFO - [2024-05-19 02:29:08,834] {dagbag.py:500} INFO - Filling up the DagBag from /Users/nikhilanand/airflow_venv/lib/python3.9/site-packages/airflow/example_dags/example_task_group_decorator.py
[2024-05-19 02:29:08,862] {processor.py:654} INFO - DAG(s) dict_keys(['example_task_group_decorator']) retrieved from /Users/nikhilanand/airflow_venv/lib/python3.9/site-packages/airflow/example_dags/example_task_group_decorator.py
[2024-05-19 02:29:08,986] {logging_mixin.py:109} INFO - [2024-05-19 02:29:08,986] {dag.py:2396} INFO - Sync 1 DAGs
[2024-05-19 02:29:08,990] {logging_mixin.py:109} INFO - [2024-05-19 02:29:08,990] {dag.py:2935} INFO - Setting next_dagrun for example_task_group_decorator to 2024-05-17T20:59:08.990697+00:00
[2024-05-19 02:29:08,995] {processor.py:171} INFO - Processing /Users/nikhilanand/airflow_venv/lib/python3.9/site-packages/airflow/example_dags/example_task_group_decorator.py took 0.162 seconds
[2024-05-19 02:30:49,122] {processor.py:163} INFO - Started process (PID=33541) to work on /Users/nikhilanand/airflow_venv/lib/python3.9/site-packages/airflow/example_dags/example_task_group_decorator.py
[2024-05-19 02:30:49,123] {processor.py:642} INFO - Processing file /Users/nikhilanand/airflow_venv/lib/python3.9/site-packages/airflow/example_dags/example_task_group_decorator.py for tasks to queue
[2024-05-19 02:30:49,123] {logging_mixin.py:109} INFO - [2024-05-19 02:30:49,123] {dagbag.py:500} INFO - Filling up the DagBag from /Users/nikhilanand/airflow_venv/lib/python3.9/site-packages/airflow/example_dags/example_task_group_decorator.py
[2024-05-19 02:30:49,154] {processor.py:654} INFO - DAG(s) dict_keys(['example_task_group_decorator']) retrieved from /Users/nikhilanand/airflow_venv/lib/python3.9/site-packages/airflow/example_dags/example_task_group_decorator.py
[2024-05-19 02:30:49,286] {logging_mixin.py:109} INFO - [2024-05-19 02:30:49,286] {dag.py:2396} INFO - Sync 1 DAGs
[2024-05-19 02:30:49,290] {logging_mixin.py:109} INFO - [2024-05-19 02:30:49,290] {dag.py:2935} INFO - Setting next_dagrun for example_task_group_decorator to 2024-05-17T21:00:49.290826+00:00
[2024-05-19 02:30:49,297] {processor.py:171} INFO - Processing /Users/nikhilanand/airflow_venv/lib/python3.9/site-packages/airflow/example_dags/example_task_group_decorator.py took 0.176 seconds
[2024-05-19 02:32:12,022] {processor.py:163} INFO - Started process (PID=34478) to work on /Users/nikhilanand/airflow_venv/lib/python3.9/site-packages/airflow/example_dags/example_task_group_decorator.py
[2024-05-19 02:32:12,023] {processor.py:642} INFO - Processing file /Users/nikhilanand/airflow_venv/lib/python3.9/site-packages/airflow/example_dags/example_task_group_decorator.py for tasks to queue
[2024-05-19 02:32:12,023] {logging_mixin.py:109} INFO - [2024-05-19 02:32:12,023] {dagbag.py:500} INFO - Filling up the DagBag from /Users/nikhilanand/airflow_venv/lib/python3.9/site-packages/airflow/example_dags/example_task_group_decorator.py
[2024-05-19 02:32:12,050] {processor.py:654} INFO - DAG(s) dict_keys(['example_task_group_decorator']) retrieved from /Users/nikhilanand/airflow_venv/lib/python3.9/site-packages/airflow/example_dags/example_task_group_decorator.py
[2024-05-19 02:32:12,172] {logging_mixin.py:109} INFO - [2024-05-19 02:32:12,172] {dag.py:2396} INFO - Sync 1 DAGs
[2024-05-19 02:32:12,177] {logging_mixin.py:109} INFO - [2024-05-19 02:32:12,177] {dag.py:2935} INFO - Setting next_dagrun for example_task_group_decorator to 2024-05-17T21:02:12.177137+00:00
[2024-05-19 02:32:12,182] {processor.py:171} INFO - Processing /Users/nikhilanand/airflow_venv/lib/python3.9/site-packages/airflow/example_dags/example_task_group_decorator.py took 0.160 seconds
[2024-05-19 02:33:52,061] {processor.py:163} INFO - Started process (PID=35633) to work on /Users/nikhilanand/airflow_venv/lib/python3.9/site-packages/airflow/example_dags/example_task_group_decorator.py
[2024-05-19 02:33:52,061] {processor.py:642} INFO - Processing file /Users/nikhilanand/airflow_venv/lib/python3.9/site-packages/airflow/example_dags/example_task_group_decorator.py for tasks to queue
[2024-05-19 02:33:52,061] {logging_mixin.py:109} INFO - [2024-05-19 02:33:52,061] {dagbag.py:500} INFO - Filling up the DagBag from /Users/nikhilanand/airflow_venv/lib/python3.9/site-packages/airflow/example_dags/example_task_group_decorator.py
[2024-05-19 02:33:52,088] {processor.py:654} INFO - DAG(s) dict_keys(['example_task_group_decorator']) retrieved from /Users/nikhilanand/airflow_venv/lib/python3.9/site-packages/airflow/example_dags/example_task_group_decorator.py
[2024-05-19 02:33:52,209] {logging_mixin.py:109} INFO - [2024-05-19 02:33:52,209] {dag.py:2396} INFO - Sync 1 DAGs
[2024-05-19 02:33:52,214] {logging_mixin.py:109} INFO - [2024-05-19 02:33:52,214] {dag.py:2935} INFO - Setting next_dagrun for example_task_group_decorator to 2024-05-17T21:03:52.214460+00:00
[2024-05-19 02:33:52,219] {processor.py:171} INFO - Processing /Users/nikhilanand/airflow_venv/lib/python3.9/site-packages/airflow/example_dags/example_task_group_decorator.py took 0.159 seconds
[2024-05-19 02:35:53,747] {processor.py:163} INFO - Started process (PID=37003) to work on /Users/nikhilanand/airflow_venv/lib/python3.9/site-packages/airflow/example_dags/example_task_group_decorator.py
[2024-05-19 02:35:53,748] {processor.py:642} INFO - Processing file /Users/nikhilanand/airflow_venv/lib/python3.9/site-packages/airflow/example_dags/example_task_group_decorator.py for tasks to queue
[2024-05-19 02:35:53,748] {logging_mixin.py:109} INFO - [2024-05-19 02:35:53,748] {dagbag.py:500} INFO - Filling up the DagBag from /Users/nikhilanand/airflow_venv/lib/python3.9/site-packages/airflow/example_dags/example_task_group_decorator.py
[2024-05-19 02:35:53,775] {processor.py:654} INFO - DAG(s) dict_keys(['example_task_group_decorator']) retrieved from /Users/nikhilanand/airflow_venv/lib/python3.9/site-packages/airflow/example_dags/example_task_group_decorator.py
[2024-05-19 02:35:53,891] {logging_mixin.py:109} INFO - [2024-05-19 02:35:53,891] {dag.py:2396} INFO - Sync 1 DAGs
[2024-05-19 02:35:53,895] {logging_mixin.py:109} INFO - [2024-05-19 02:35:53,895] {dag.py:2935} INFO - Setting next_dagrun for example_task_group_decorator to 2024-05-17T21:05:53.895692+00:00
[2024-05-19 02:35:53,900] {processor.py:171} INFO - Processing /Users/nikhilanand/airflow_venv/lib/python3.9/site-packages/airflow/example_dags/example_task_group_decorator.py took 0.153 seconds
[2024-05-19 02:36:59,230] {processor.py:163} INFO - Started process (PID=37774) to work on /Users/nikhilanand/airflow_venv/lib/python3.9/site-packages/airflow/example_dags/example_task_group_decorator.py
[2024-05-19 02:36:59,230] {processor.py:642} INFO - Processing file /Users/nikhilanand/airflow_venv/lib/python3.9/site-packages/airflow/example_dags/example_task_group_decorator.py for tasks to queue
[2024-05-19 02:36:59,230] {logging_mixin.py:109} INFO - [2024-05-19 02:36:59,230] {dagbag.py:500} INFO - Filling up the DagBag from /Users/nikhilanand/airflow_venv/lib/python3.9/site-packages/airflow/example_dags/example_task_group_decorator.py
[2024-05-19 02:36:59,257] {processor.py:654} INFO - DAG(s) dict_keys(['example_task_group_decorator']) retrieved from /Users/nikhilanand/airflow_venv/lib/python3.9/site-packages/airflow/example_dags/example_task_group_decorator.py
[2024-05-19 02:36:59,376] {logging_mixin.py:109} INFO - [2024-05-19 02:36:59,376] {dag.py:2396} INFO - Sync 1 DAGs
[2024-05-19 02:36:59,381] {logging_mixin.py:109} INFO - [2024-05-19 02:36:59,381] {dag.py:2935} INFO - Setting next_dagrun for example_task_group_decorator to 2024-05-17T21:06:59.380960+00:00
[2024-05-19 02:36:59,385] {processor.py:171} INFO - Processing /Users/nikhilanand/airflow_venv/lib/python3.9/site-packages/airflow/example_dags/example_task_group_decorator.py took 0.156 seconds
