[2024-05-19 02:28:43,604] {processor.py:163} INFO - Started process (PID=32109) to work on /Users/nikhilanand/airflow_venv/lib/python3.9/site-packages/airflow/example_dags/example_bash_operator.py
[2024-05-19 02:28:43,605] {processor.py:642} INFO - Processing file /Users/nikhilanand/airflow_venv/lib/python3.9/site-packages/airflow/example_dags/example_bash_operator.py for tasks to queue
[2024-05-19 02:28:43,605] {logging_mixin.py:109} INFO - [2024-05-19 02:28:43,605] {dagbag.py:500} INFO - Filling up the DagBag from /Users/nikhilanand/airflow_venv/lib/python3.9/site-packages/airflow/example_dags/example_bash_operator.py
[2024-05-19 02:28:43,624] {processor.py:654} INFO - DAG(s) dict_keys(['example_bash_operator']) retrieved from /Users/nikhilanand/airflow_venv/lib/python3.9/site-packages/airflow/example_dags/example_bash_operator.py
[2024-05-19 02:28:43,634] {logging_mixin.py:109} INFO - [2024-05-19 02:28:43,634] {dag.py:2396} INFO - Sync 1 DAGs
[2024-05-19 02:28:43,640] {logging_mixin.py:109} INFO - [2024-05-19 02:28:43,640] {dag.py:2935} INFO - Setting next_dagrun for example_bash_operator to 2024-05-17 00:00:00+00:00
[2024-05-19 02:28:43,645] {processor.py:171} INFO - Processing /Users/nikhilanand/airflow_venv/lib/python3.9/site-packages/airflow/example_dags/example_bash_operator.py took 0.041 seconds
[2024-05-19 02:30:23,173] {processor.py:163} INFO - Started process (PID=33252) to work on /Users/nikhilanand/airflow_venv/lib/python3.9/site-packages/airflow/example_dags/example_bash_operator.py
[2024-05-19 02:30:23,174] {processor.py:642} INFO - Processing file /Users/nikhilanand/airflow_venv/lib/python3.9/site-packages/airflow/example_dags/example_bash_operator.py for tasks to queue
[2024-05-19 02:30:23,174] {logging_mixin.py:109} INFO - [2024-05-19 02:30:23,174] {dagbag.py:500} INFO - Filling up the DagBag from /Users/nikhilanand/airflow_venv/lib/python3.9/site-packages/airflow/example_dags/example_bash_operator.py
[2024-05-19 02:30:23,191] {processor.py:654} INFO - DAG(s) dict_keys(['example_bash_operator']) retrieved from /Users/nikhilanand/airflow_venv/lib/python3.9/site-packages/airflow/example_dags/example_bash_operator.py
[2024-05-19 02:30:23,201] {logging_mixin.py:109} INFO - [2024-05-19 02:30:23,201] {dag.py:2396} INFO - Sync 1 DAGs
[2024-05-19 02:30:23,206] {logging_mixin.py:109} INFO - [2024-05-19 02:30:23,206] {dag.py:2935} INFO - Setting next_dagrun for example_bash_operator to 2024-05-17 00:00:00+00:00
[2024-05-19 02:30:23,209] {processor.py:171} INFO - Processing /Users/nikhilanand/airflow_venv/lib/python3.9/site-packages/airflow/example_dags/example_bash_operator.py took 0.037 seconds
[2024-05-19 02:32:38,813] {processor.py:163} INFO - Started process (PID=34786) to work on /Users/nikhilanand/airflow_venv/lib/python3.9/site-packages/airflow/example_dags/example_bash_operator.py
[2024-05-19 02:32:38,814] {processor.py:642} INFO - Processing file /Users/nikhilanand/airflow_venv/lib/python3.9/site-packages/airflow/example_dags/example_bash_operator.py for tasks to queue
[2024-05-19 02:32:38,814] {logging_mixin.py:109} INFO - [2024-05-19 02:32:38,814] {dagbag.py:500} INFO - Filling up the DagBag from /Users/nikhilanand/airflow_venv/lib/python3.9/site-packages/airflow/example_dags/example_bash_operator.py
[2024-05-19 02:32:38,831] {processor.py:654} INFO - DAG(s) dict_keys(['example_bash_operator']) retrieved from /Users/nikhilanand/airflow_venv/lib/python3.9/site-packages/airflow/example_dags/example_bash_operator.py
[2024-05-19 02:32:38,841] {logging_mixin.py:109} INFO - [2024-05-19 02:32:38,841] {dag.py:2396} INFO - Sync 1 DAGs
[2024-05-19 02:32:38,847] {logging_mixin.py:109} INFO - [2024-05-19 02:32:38,847] {dag.py:2935} INFO - Setting next_dagrun for example_bash_operator to 2024-05-17 00:00:00+00:00
[2024-05-19 02:32:38,850] {processor.py:171} INFO - Processing /Users/nikhilanand/airflow_venv/lib/python3.9/site-packages/airflow/example_dags/example_bash_operator.py took 0.038 seconds
[2024-05-19 02:35:28,781] {processor.py:163} INFO - Started process (PID=36729) to work on /Users/nikhilanand/airflow_venv/lib/python3.9/site-packages/airflow/example_dags/example_bash_operator.py
[2024-05-19 02:35:28,782] {processor.py:642} INFO - Processing file /Users/nikhilanand/airflow_venv/lib/python3.9/site-packages/airflow/example_dags/example_bash_operator.py for tasks to queue
[2024-05-19 02:35:28,783] {logging_mixin.py:109} INFO - [2024-05-19 02:35:28,783] {dagbag.py:500} INFO - Filling up the DagBag from /Users/nikhilanand/airflow_venv/lib/python3.9/site-packages/airflow/example_dags/example_bash_operator.py
[2024-05-19 02:35:28,799] {processor.py:654} INFO - DAG(s) dict_keys(['example_bash_operator']) retrieved from /Users/nikhilanand/airflow_venv/lib/python3.9/site-packages/airflow/example_dags/example_bash_operator.py
[2024-05-19 02:35:28,808] {logging_mixin.py:109} INFO - [2024-05-19 02:35:28,808] {dag.py:2396} INFO - Sync 1 DAGs
[2024-05-19 02:35:28,813] {logging_mixin.py:109} INFO - [2024-05-19 02:35:28,812] {dag.py:2935} INFO - Setting next_dagrun for example_bash_operator to 2024-05-17 00:00:00+00:00
[2024-05-19 02:35:28,816] {processor.py:171} INFO - Processing /Users/nikhilanand/airflow_venv/lib/python3.9/site-packages/airflow/example_dags/example_bash_operator.py took 0.035 seconds
[2024-05-19 02:36:53,371] {processor.py:163} INFO - Started process (PID=37708) to work on /Users/nikhilanand/airflow_venv/lib/python3.9/site-packages/airflow/example_dags/example_bash_operator.py
[2024-05-19 02:36:53,372] {processor.py:642} INFO - Processing file /Users/nikhilanand/airflow_venv/lib/python3.9/site-packages/airflow/example_dags/example_bash_operator.py for tasks to queue
[2024-05-19 02:36:53,372] {logging_mixin.py:109} INFO - [2024-05-19 02:36:53,372] {dagbag.py:500} INFO - Filling up the DagBag from /Users/nikhilanand/airflow_venv/lib/python3.9/site-packages/airflow/example_dags/example_bash_operator.py
[2024-05-19 02:36:53,390] {processor.py:654} INFO - DAG(s) dict_keys(['example_bash_operator']) retrieved from /Users/nikhilanand/airflow_venv/lib/python3.9/site-packages/airflow/example_dags/example_bash_operator.py
[2024-05-19 02:36:53,399] {logging_mixin.py:109} INFO - [2024-05-19 02:36:53,399] {dag.py:2396} INFO - Sync 1 DAGs
[2024-05-19 02:36:53,405] {logging_mixin.py:109} INFO - [2024-05-19 02:36:53,405] {dag.py:2935} INFO - Setting next_dagrun for example_bash_operator to 2024-05-17 00:00:00+00:00
[2024-05-19 02:36:53,409] {processor.py:171} INFO - Processing /Users/nikhilanand/airflow_venv/lib/python3.9/site-packages/airflow/example_dags/example_bash_operator.py took 0.038 seconds
