[2024-05-19 02:28:14,600] {processor.py:163} INFO - Started process (PID=31728) to work on /Users/nikhilanand/airflow_venv/lib/python3.9/site-packages/airflow/example_dags/example_short_circuit_operator.py
[2024-05-19 02:28:14,600] {processor.py:642} INFO - Processing file /Users/nikhilanand/airflow_venv/lib/python3.9/site-packages/airflow/example_dags/example_short_circuit_operator.py for tasks to queue
[2024-05-19 02:28:14,601] {logging_mixin.py:109} INFO - [2024-05-19 02:28:14,601] {dagbag.py:500} INFO - Filling up the DagBag from /Users/nikhilanand/airflow_venv/lib/python3.9/site-packages/airflow/example_dags/example_short_circuit_operator.py
[2024-05-19 02:28:14,623] {processor.py:654} INFO - DAG(s) dict_keys(['example_short_circuit_operator']) retrieved from /Users/nikhilanand/airflow_venv/lib/python3.9/site-packages/airflow/example_dags/example_short_circuit_operator.py
[2024-05-19 02:28:14,632] {logging_mixin.py:109} INFO - [2024-05-19 02:28:14,632] {dag.py:2396} INFO - Sync 1 DAGs
[2024-05-19 02:28:14,637] {logging_mixin.py:109} INFO - [2024-05-19 02:28:14,637] {dag.py:2935} INFO - Setting next_dagrun for example_short_circuit_operator to 2024-05-17T20:58:14.637078+00:00
[2024-05-19 02:28:14,641] {processor.py:171} INFO - Processing /Users/nikhilanand/airflow_venv/lib/python3.9/site-packages/airflow/example_dags/example_short_circuit_operator.py took 0.041 seconds
[2024-05-19 02:29:18,219] {processor.py:163} INFO - Started process (PID=32510) to work on /Users/nikhilanand/airflow_venv/lib/python3.9/site-packages/airflow/example_dags/example_short_circuit_operator.py
[2024-05-19 02:29:18,219] {processor.py:642} INFO - Processing file /Users/nikhilanand/airflow_venv/lib/python3.9/site-packages/airflow/example_dags/example_short_circuit_operator.py for tasks to queue
[2024-05-19 02:29:18,219] {logging_mixin.py:109} INFO - [2024-05-19 02:29:18,219] {dagbag.py:500} INFO - Filling up the DagBag from /Users/nikhilanand/airflow_venv/lib/python3.9/site-packages/airflow/example_dags/example_short_circuit_operator.py
[2024-05-19 02:29:18,244] {processor.py:654} INFO - DAG(s) dict_keys(['example_short_circuit_operator']) retrieved from /Users/nikhilanand/airflow_venv/lib/python3.9/site-packages/airflow/example_dags/example_short_circuit_operator.py
[2024-05-19 02:29:18,254] {logging_mixin.py:109} INFO - [2024-05-19 02:29:18,254] {dag.py:2396} INFO - Sync 1 DAGs
[2024-05-19 02:29:18,259] {logging_mixin.py:109} INFO - [2024-05-19 02:29:18,259] {dag.py:2935} INFO - Setting next_dagrun for example_short_circuit_operator to 2024-05-17T20:59:18.259548+00:00
[2024-05-19 02:29:18,263] {processor.py:171} INFO - Processing /Users/nikhilanand/airflow_venv/lib/python3.9/site-packages/airflow/example_dags/example_short_circuit_operator.py took 0.044 seconds
[2024-05-19 02:31:41,830] {processor.py:163} INFO - Started process (PID=34132) to work on /Users/nikhilanand/airflow_venv/lib/python3.9/site-packages/airflow/example_dags/example_short_circuit_operator.py
[2024-05-19 02:31:41,830] {processor.py:642} INFO - Processing file /Users/nikhilanand/airflow_venv/lib/python3.9/site-packages/airflow/example_dags/example_short_circuit_operator.py for tasks to queue
[2024-05-19 02:31:41,830] {logging_mixin.py:109} INFO - [2024-05-19 02:31:41,830] {dagbag.py:500} INFO - Filling up the DagBag from /Users/nikhilanand/airflow_venv/lib/python3.9/site-packages/airflow/example_dags/example_short_circuit_operator.py
[2024-05-19 02:31:41,852] {processor.py:654} INFO - DAG(s) dict_keys(['example_short_circuit_operator']) retrieved from /Users/nikhilanand/airflow_venv/lib/python3.9/site-packages/airflow/example_dags/example_short_circuit_operator.py
[2024-05-19 02:31:41,861] {logging_mixin.py:109} INFO - [2024-05-19 02:31:41,861] {dag.py:2396} INFO - Sync 1 DAGs
[2024-05-19 02:31:41,866] {logging_mixin.py:109} INFO - [2024-05-19 02:31:41,866] {dag.py:2935} INFO - Setting next_dagrun for example_short_circuit_operator to 2024-05-17T21:01:41.866438+00:00
[2024-05-19 02:31:41,870] {processor.py:171} INFO - Processing /Users/nikhilanand/airflow_venv/lib/python3.9/site-packages/airflow/example_dags/example_short_circuit_operator.py took 0.040 seconds
[2024-05-19 02:33:32,910] {processor.py:163} INFO - Started process (PID=35406) to work on /Users/nikhilanand/airflow_venv/lib/python3.9/site-packages/airflow/example_dags/example_short_circuit_operator.py
[2024-05-19 02:33:32,910] {processor.py:642} INFO - Processing file /Users/nikhilanand/airflow_venv/lib/python3.9/site-packages/airflow/example_dags/example_short_circuit_operator.py for tasks to queue
[2024-05-19 02:33:32,910] {logging_mixin.py:109} INFO - [2024-05-19 02:33:32,910] {dagbag.py:500} INFO - Filling up the DagBag from /Users/nikhilanand/airflow_venv/lib/python3.9/site-packages/airflow/example_dags/example_short_circuit_operator.py
[2024-05-19 02:33:32,932] {processor.py:654} INFO - DAG(s) dict_keys(['example_short_circuit_operator']) retrieved from /Users/nikhilanand/airflow_venv/lib/python3.9/site-packages/airflow/example_dags/example_short_circuit_operator.py
[2024-05-19 02:33:32,941] {logging_mixin.py:109} INFO - [2024-05-19 02:33:32,941] {dag.py:2396} INFO - Sync 1 DAGs
[2024-05-19 02:33:32,946] {logging_mixin.py:109} INFO - [2024-05-19 02:33:32,946] {dag.py:2935} INFO - Setting next_dagrun for example_short_circuit_operator to 2024-05-17T21:03:32.946210+00:00
[2024-05-19 02:33:32,950] {processor.py:171} INFO - Processing /Users/nikhilanand/airflow_venv/lib/python3.9/site-packages/airflow/example_dags/example_short_circuit_operator.py took 0.040 seconds
[2024-05-19 02:36:03,312] {processor.py:163} INFO - Started process (PID=37113) to work on /Users/nikhilanand/airflow_venv/lib/python3.9/site-packages/airflow/example_dags/example_short_circuit_operator.py
[2024-05-19 02:36:03,312] {processor.py:642} INFO - Processing file /Users/nikhilanand/airflow_venv/lib/python3.9/site-packages/airflow/example_dags/example_short_circuit_operator.py for tasks to queue
[2024-05-19 02:36:03,312] {logging_mixin.py:109} INFO - [2024-05-19 02:36:03,312] {dagbag.py:500} INFO - Filling up the DagBag from /Users/nikhilanand/airflow_venv/lib/python3.9/site-packages/airflow/example_dags/example_short_circuit_operator.py
[2024-05-19 02:36:03,334] {processor.py:654} INFO - DAG(s) dict_keys(['example_short_circuit_operator']) retrieved from /Users/nikhilanand/airflow_venv/lib/python3.9/site-packages/airflow/example_dags/example_short_circuit_operator.py
[2024-05-19 02:36:03,343] {logging_mixin.py:109} INFO - [2024-05-19 02:36:03,343] {dag.py:2396} INFO - Sync 1 DAGs
[2024-05-19 02:36:03,348] {logging_mixin.py:109} INFO - [2024-05-19 02:36:03,348] {dag.py:2935} INFO - Setting next_dagrun for example_short_circuit_operator to 2024-05-17T21:06:03.348641+00:00
[2024-05-19 02:36:03,352] {processor.py:171} INFO - Processing /Users/nikhilanand/airflow_venv/lib/python3.9/site-packages/airflow/example_dags/example_short_circuit_operator.py took 0.041 seconds
[2024-05-19 02:37:08,806] {processor.py:163} INFO - Started process (PID=37884) to work on /Users/nikhilanand/airflow_venv/lib/python3.9/site-packages/airflow/example_dags/example_short_circuit_operator.py
[2024-05-19 02:37:08,806] {processor.py:642} INFO - Processing file /Users/nikhilanand/airflow_venv/lib/python3.9/site-packages/airflow/example_dags/example_short_circuit_operator.py for tasks to queue
[2024-05-19 02:37:08,806] {logging_mixin.py:109} INFO - [2024-05-19 02:37:08,806] {dagbag.py:500} INFO - Filling up the DagBag from /Users/nikhilanand/airflow_venv/lib/python3.9/site-packages/airflow/example_dags/example_short_circuit_operator.py
[2024-05-19 02:37:08,829] {processor.py:654} INFO - DAG(s) dict_keys(['example_short_circuit_operator']) retrieved from /Users/nikhilanand/airflow_venv/lib/python3.9/site-packages/airflow/example_dags/example_short_circuit_operator.py
[2024-05-19 02:37:08,838] {logging_mixin.py:109} INFO - [2024-05-19 02:37:08,838] {dag.py:2396} INFO - Sync 1 DAGs
[2024-05-19 02:37:08,843] {logging_mixin.py:109} INFO - [2024-05-19 02:37:08,843] {dag.py:2935} INFO - Setting next_dagrun for example_short_circuit_operator to 2024-05-17T21:07:08.843700+00:00
[2024-05-19 02:37:08,847] {processor.py:171} INFO - Processing /Users/nikhilanand/airflow_venv/lib/python3.9/site-packages/airflow/example_dags/example_short_circuit_operator.py took 0.042 seconds
