[2024-05-19 02:27:57,328] {processor.py:163} INFO - Started process (PID=31514) to work on /Users/nikhilanand/airflow_venv/lib/python3.9/site-packages/airflow/example_dags/example_xcom.py
[2024-05-19 02:27:57,328] {processor.py:642} INFO - Processing file /Users/nikhilanand/airflow_venv/lib/python3.9/site-packages/airflow/example_dags/example_xcom.py for tasks to queue
[2024-05-19 02:27:57,329] {logging_mixin.py:109} INFO - [2024-05-19 02:27:57,329] {dagbag.py:500} INFO - Filling up the DagBag from /Users/nikhilanand/airflow_venv/lib/python3.9/site-packages/airflow/example_dags/example_xcom.py
[2024-05-19 02:27:57,353] {processor.py:654} INFO - DAG(s) dict_keys(['example_xcom']) retrieved from /Users/nikhilanand/airflow_venv/lib/python3.9/site-packages/airflow/example_dags/example_xcom.py
[2024-05-19 02:27:57,470] {logging_mixin.py:109} INFO - [2024-05-19 02:27:57,469] {dag.py:2396} INFO - Sync 1 DAGs
[2024-05-19 02:27:57,474] {logging_mixin.py:109} INFO - [2024-05-19 02:27:57,474] {dag.py:2935} INFO - Setting next_dagrun for example_xcom to 2021-01-01T00:00:00+00:00
[2024-05-19 02:27:57,478] {processor.py:171} INFO - Processing /Users/nikhilanand/airflow_venv/lib/python3.9/site-packages/airflow/example_dags/example_xcom.py took 0.150 seconds
[2024-05-19 02:29:01,148] {processor.py:163} INFO - Started process (PID=32308) to work on /Users/nikhilanand/airflow_venv/lib/python3.9/site-packages/airflow/example_dags/example_xcom.py
[2024-05-19 02:29:01,148] {processor.py:642} INFO - Processing file /Users/nikhilanand/airflow_venv/lib/python3.9/site-packages/airflow/example_dags/example_xcom.py for tasks to queue
[2024-05-19 02:29:01,148] {logging_mixin.py:109} INFO - [2024-05-19 02:29:01,148] {dagbag.py:500} INFO - Filling up the DagBag from /Users/nikhilanand/airflow_venv/lib/python3.9/site-packages/airflow/example_dags/example_xcom.py
[2024-05-19 02:29:01,174] {processor.py:654} INFO - DAG(s) dict_keys(['example_xcom']) retrieved from /Users/nikhilanand/airflow_venv/lib/python3.9/site-packages/airflow/example_dags/example_xcom.py
[2024-05-19 02:29:01,289] {logging_mixin.py:109} INFO - [2024-05-19 02:29:01,289] {dag.py:2396} INFO - Sync 1 DAGs
[2024-05-19 02:29:01,294] {logging_mixin.py:109} INFO - [2024-05-19 02:29:01,294] {dag.py:2935} INFO - Setting next_dagrun for example_xcom to 2021-01-01T00:00:00+00:00
[2024-05-19 02:29:01,298] {processor.py:171} INFO - Processing /Users/nikhilanand/airflow_venv/lib/python3.9/site-packages/airflow/example_dags/example_xcom.py took 0.151 seconds
[2024-05-19 02:30:41,205] {processor.py:163} INFO - Started process (PID=33457) to work on /Users/nikhilanand/airflow_venv/lib/python3.9/site-packages/airflow/example_dags/example_xcom.py
[2024-05-19 02:30:41,206] {processor.py:642} INFO - Processing file /Users/nikhilanand/airflow_venv/lib/python3.9/site-packages/airflow/example_dags/example_xcom.py for tasks to queue
[2024-05-19 02:30:41,206] {logging_mixin.py:109} INFO - [2024-05-19 02:30:41,206] {dagbag.py:500} INFO - Filling up the DagBag from /Users/nikhilanand/airflow_venv/lib/python3.9/site-packages/airflow/example_dags/example_xcom.py
[2024-05-19 02:30:41,232] {processor.py:654} INFO - DAG(s) dict_keys(['example_xcom']) retrieved from /Users/nikhilanand/airflow_venv/lib/python3.9/site-packages/airflow/example_dags/example_xcom.py
[2024-05-19 02:30:41,355] {logging_mixin.py:109} INFO - [2024-05-19 02:30:41,355] {dag.py:2396} INFO - Sync 1 DAGs
[2024-05-19 02:30:41,360] {logging_mixin.py:109} INFO - [2024-05-19 02:30:41,359] {dag.py:2935} INFO - Setting next_dagrun for example_xcom to 2021-01-01T00:00:00+00:00
[2024-05-19 02:30:41,364] {processor.py:171} INFO - Processing /Users/nikhilanand/airflow_venv/lib/python3.9/site-packages/airflow/example_dags/example_xcom.py took 0.160 seconds
[2024-05-19 02:32:04,159] {processor.py:163} INFO - Started process (PID=34386) to work on /Users/nikhilanand/airflow_venv/lib/python3.9/site-packages/airflow/example_dags/example_xcom.py
[2024-05-19 02:32:04,160] {processor.py:642} INFO - Processing file /Users/nikhilanand/airflow_venv/lib/python3.9/site-packages/airflow/example_dags/example_xcom.py for tasks to queue
[2024-05-19 02:32:04,160] {logging_mixin.py:109} INFO - [2024-05-19 02:32:04,160] {dagbag.py:500} INFO - Filling up the DagBag from /Users/nikhilanand/airflow_venv/lib/python3.9/site-packages/airflow/example_dags/example_xcom.py
[2024-05-19 02:32:04,184] {processor.py:654} INFO - DAG(s) dict_keys(['example_xcom']) retrieved from /Users/nikhilanand/airflow_venv/lib/python3.9/site-packages/airflow/example_dags/example_xcom.py
[2024-05-19 02:32:04,301] {logging_mixin.py:109} INFO - [2024-05-19 02:32:04,301] {dag.py:2396} INFO - Sync 1 DAGs
[2024-05-19 02:32:04,305] {logging_mixin.py:109} INFO - [2024-05-19 02:32:04,305] {dag.py:2935} INFO - Setting next_dagrun for example_xcom to 2021-01-01T00:00:00+00:00
[2024-05-19 02:32:04,310] {processor.py:171} INFO - Processing /Users/nikhilanand/airflow_venv/lib/python3.9/site-packages/airflow/example_dags/example_xcom.py took 0.151 seconds
[2024-05-19 02:33:24,191] {processor.py:163} INFO - Started process (PID=35301) to work on /Users/nikhilanand/airflow_venv/lib/python3.9/site-packages/airflow/example_dags/example_xcom.py
[2024-05-19 02:33:24,191] {processor.py:642} INFO - Processing file /Users/nikhilanand/airflow_venv/lib/python3.9/site-packages/airflow/example_dags/example_xcom.py for tasks to queue
[2024-05-19 02:33:24,191] {logging_mixin.py:109} INFO - [2024-05-19 02:33:24,191] {dagbag.py:500} INFO - Filling up the DagBag from /Users/nikhilanand/airflow_venv/lib/python3.9/site-packages/airflow/example_dags/example_xcom.py
[2024-05-19 02:33:24,217] {processor.py:654} INFO - DAG(s) dict_keys(['example_xcom']) retrieved from /Users/nikhilanand/airflow_venv/lib/python3.9/site-packages/airflow/example_dags/example_xcom.py
[2024-05-19 02:33:24,337] {logging_mixin.py:109} INFO - [2024-05-19 02:33:24,337] {dag.py:2396} INFO - Sync 1 DAGs
[2024-05-19 02:33:24,342] {logging_mixin.py:109} INFO - [2024-05-19 02:33:24,342] {dag.py:2935} INFO - Setting next_dagrun for example_xcom to 2021-01-01T00:00:00+00:00
[2024-05-19 02:33:24,346] {processor.py:171} INFO - Processing /Users/nikhilanand/airflow_venv/lib/python3.9/site-packages/airflow/example_dags/example_xcom.py took 0.156 seconds
[2024-05-19 02:35:46,179] {processor.py:163} INFO - Started process (PID=36922) to work on /Users/nikhilanand/airflow_venv/lib/python3.9/site-packages/airflow/example_dags/example_xcom.py
[2024-05-19 02:35:46,180] {processor.py:642} INFO - Processing file /Users/nikhilanand/airflow_venv/lib/python3.9/site-packages/airflow/example_dags/example_xcom.py for tasks to queue
[2024-05-19 02:35:46,180] {logging_mixin.py:109} INFO - [2024-05-19 02:35:46,180] {dagbag.py:500} INFO - Filling up the DagBag from /Users/nikhilanand/airflow_venv/lib/python3.9/site-packages/airflow/example_dags/example_xcom.py
[2024-05-19 02:35:46,204] {processor.py:654} INFO - DAG(s) dict_keys(['example_xcom']) retrieved from /Users/nikhilanand/airflow_venv/lib/python3.9/site-packages/airflow/example_dags/example_xcom.py
[2024-05-19 02:35:46,320] {logging_mixin.py:109} INFO - [2024-05-19 02:35:46,320] {dag.py:2396} INFO - Sync 1 DAGs
[2024-05-19 02:35:46,324] {logging_mixin.py:109} INFO - [2024-05-19 02:35:46,324] {dag.py:2935} INFO - Setting next_dagrun for example_xcom to 2021-01-01T00:00:00+00:00
[2024-05-19 02:35:46,329] {processor.py:171} INFO - Processing /Users/nikhilanand/airflow_venv/lib/python3.9/site-packages/airflow/example_dags/example_xcom.py took 0.150 seconds
[2024-05-19 02:36:37,925] {processor.py:163} INFO - Started process (PID=37520) to work on /Users/nikhilanand/airflow_venv/lib/python3.9/site-packages/airflow/example_dags/example_xcom.py
[2024-05-19 02:36:37,925] {processor.py:642} INFO - Processing file /Users/nikhilanand/airflow_venv/lib/python3.9/site-packages/airflow/example_dags/example_xcom.py for tasks to queue
[2024-05-19 02:36:37,925] {logging_mixin.py:109} INFO - [2024-05-19 02:36:37,925] {dagbag.py:500} INFO - Filling up the DagBag from /Users/nikhilanand/airflow_venv/lib/python3.9/site-packages/airflow/example_dags/example_xcom.py
[2024-05-19 02:36:37,951] {processor.py:654} INFO - DAG(s) dict_keys(['example_xcom']) retrieved from /Users/nikhilanand/airflow_venv/lib/python3.9/site-packages/airflow/example_dags/example_xcom.py
[2024-05-19 02:36:38,071] {logging_mixin.py:109} INFO - [2024-05-19 02:36:38,071] {dag.py:2396} INFO - Sync 1 DAGs
[2024-05-19 02:36:38,075] {logging_mixin.py:109} INFO - [2024-05-19 02:36:38,075] {dag.py:2935} INFO - Setting next_dagrun for example_xcom to 2021-01-01T00:00:00+00:00
[2024-05-19 02:36:38,080] {processor.py:171} INFO - Processing /Users/nikhilanand/airflow_venv/lib/python3.9/site-packages/airflow/example_dags/example_xcom.py took 0.155 seconds
