[2024-05-19 02:28:39,704] {processor.py:163} INFO - Started process (PID=32057) to work on /Users/nikhilanand/airflow_venv/lib/python3.9/site-packages/airflow/example_dags/example_branch_day_of_week_operator.py
[2024-05-19 02:28:39,704] {processor.py:642} INFO - Processing file /Users/nikhilanand/airflow_venv/lib/python3.9/site-packages/airflow/example_dags/example_branch_day_of_week_operator.py for tasks to queue
[2024-05-19 02:28:39,705] {logging_mixin.py:109} INFO - [2024-05-19 02:28:39,705] {dagbag.py:500} INFO - Filling up the DagBag from /Users/nikhilanand/airflow_venv/lib/python3.9/site-packages/airflow/example_dags/example_branch_day_of_week_operator.py
[2024-05-19 02:28:39,721] {processor.py:654} INFO - DAG(s) dict_keys(['example_weekday_branch_operator']) retrieved from /Users/nikhilanand/airflow_venv/lib/python3.9/site-packages/airflow/example_dags/example_branch_day_of_week_operator.py
[2024-05-19 02:28:39,729] {logging_mixin.py:109} INFO - [2024-05-19 02:28:39,729] {dag.py:2396} INFO - Sync 1 DAGs
[2024-05-19 02:28:39,734] {logging_mixin.py:109} INFO - [2024-05-19 02:28:39,734] {dag.py:2935} INFO - Setting next_dagrun for example_weekday_branch_operator to 2024-05-17 00:00:00+00:00
[2024-05-19 02:28:39,738] {processor.py:171} INFO - Processing /Users/nikhilanand/airflow_venv/lib/python3.9/site-packages/airflow/example_dags/example_branch_day_of_week_operator.py took 0.034 seconds
[2024-05-19 02:30:20,340] {processor.py:163} INFO - Started process (PID=33222) to work on /Users/nikhilanand/airflow_venv/lib/python3.9/site-packages/airflow/example_dags/example_branch_day_of_week_operator.py
[2024-05-19 02:30:20,341] {processor.py:642} INFO - Processing file /Users/nikhilanand/airflow_venv/lib/python3.9/site-packages/airflow/example_dags/example_branch_day_of_week_operator.py for tasks to queue
[2024-05-19 02:30:20,341] {logging_mixin.py:109} INFO - [2024-05-19 02:30:20,341] {dagbag.py:500} INFO - Filling up the DagBag from /Users/nikhilanand/airflow_venv/lib/python3.9/site-packages/airflow/example_dags/example_branch_day_of_week_operator.py
[2024-05-19 02:30:20,357] {processor.py:654} INFO - DAG(s) dict_keys(['example_weekday_branch_operator']) retrieved from /Users/nikhilanand/airflow_venv/lib/python3.9/site-packages/airflow/example_dags/example_branch_day_of_week_operator.py
[2024-05-19 02:30:20,365] {logging_mixin.py:109} INFO - [2024-05-19 02:30:20,365] {dag.py:2396} INFO - Sync 1 DAGs
[2024-05-19 02:30:20,370] {logging_mixin.py:109} INFO - [2024-05-19 02:30:20,370] {dag.py:2935} INFO - Setting next_dagrun for example_weekday_branch_operator to 2024-05-17 00:00:00+00:00
[2024-05-19 02:30:20,374] {processor.py:171} INFO - Processing /Users/nikhilanand/airflow_venv/lib/python3.9/site-packages/airflow/example_dags/example_branch_day_of_week_operator.py took 0.035 seconds
[2024-05-19 02:32:35,032] {processor.py:163} INFO - Started process (PID=34750) to work on /Users/nikhilanand/airflow_venv/lib/python3.9/site-packages/airflow/example_dags/example_branch_day_of_week_operator.py
[2024-05-19 02:32:35,033] {processor.py:642} INFO - Processing file /Users/nikhilanand/airflow_venv/lib/python3.9/site-packages/airflow/example_dags/example_branch_day_of_week_operator.py for tasks to queue
[2024-05-19 02:32:35,034] {logging_mixin.py:109} INFO - [2024-05-19 02:32:35,034] {dagbag.py:500} INFO - Filling up the DagBag from /Users/nikhilanand/airflow_venv/lib/python3.9/site-packages/airflow/example_dags/example_branch_day_of_week_operator.py
[2024-05-19 02:32:35,050] {processor.py:654} INFO - DAG(s) dict_keys(['example_weekday_branch_operator']) retrieved from /Users/nikhilanand/airflow_venv/lib/python3.9/site-packages/airflow/example_dags/example_branch_day_of_week_operator.py
[2024-05-19 02:32:35,059] {logging_mixin.py:109} INFO - [2024-05-19 02:32:35,058] {dag.py:2396} INFO - Sync 1 DAGs
[2024-05-19 02:32:35,063] {logging_mixin.py:109} INFO - [2024-05-19 02:32:35,063] {dag.py:2935} INFO - Setting next_dagrun for example_weekday_branch_operator to 2024-05-17 00:00:00+00:00
[2024-05-19 02:32:35,067] {processor.py:171} INFO - Processing /Users/nikhilanand/airflow_venv/lib/python3.9/site-packages/airflow/example_dags/example_branch_day_of_week_operator.py took 0.035 seconds
[2024-05-19 02:35:25,755] {processor.py:163} INFO - Started process (PID=36695) to work on /Users/nikhilanand/airflow_venv/lib/python3.9/site-packages/airflow/example_dags/example_branch_day_of_week_operator.py
[2024-05-19 02:35:25,756] {processor.py:642} INFO - Processing file /Users/nikhilanand/airflow_venv/lib/python3.9/site-packages/airflow/example_dags/example_branch_day_of_week_operator.py for tasks to queue
[2024-05-19 02:35:25,756] {logging_mixin.py:109} INFO - [2024-05-19 02:35:25,756] {dagbag.py:500} INFO - Filling up the DagBag from /Users/nikhilanand/airflow_venv/lib/python3.9/site-packages/airflow/example_dags/example_branch_day_of_week_operator.py
[2024-05-19 02:35:25,772] {processor.py:654} INFO - DAG(s) dict_keys(['example_weekday_branch_operator']) retrieved from /Users/nikhilanand/airflow_venv/lib/python3.9/site-packages/airflow/example_dags/example_branch_day_of_week_operator.py
[2024-05-19 02:35:25,780] {logging_mixin.py:109} INFO - [2024-05-19 02:35:25,780] {dag.py:2396} INFO - Sync 1 DAGs
[2024-05-19 02:35:25,785] {logging_mixin.py:109} INFO - [2024-05-19 02:35:25,785] {dag.py:2935} INFO - Setting next_dagrun for example_weekday_branch_operator to 2024-05-17 00:00:00+00:00
[2024-05-19 02:35:25,789] {processor.py:171} INFO - Processing /Users/nikhilanand/airflow_venv/lib/python3.9/site-packages/airflow/example_dags/example_branch_day_of_week_operator.py took 0.034 seconds
[2024-05-19 02:36:49,606] {processor.py:163} INFO - Started process (PID=37660) to work on /Users/nikhilanand/airflow_venv/lib/python3.9/site-packages/airflow/example_dags/example_branch_day_of_week_operator.py
[2024-05-19 02:36:49,606] {processor.py:642} INFO - Processing file /Users/nikhilanand/airflow_venv/lib/python3.9/site-packages/airflow/example_dags/example_branch_day_of_week_operator.py for tasks to queue
[2024-05-19 02:36:49,606] {logging_mixin.py:109} INFO - [2024-05-19 02:36:49,606] {dagbag.py:500} INFO - Filling up the DagBag from /Users/nikhilanand/airflow_venv/lib/python3.9/site-packages/airflow/example_dags/example_branch_day_of_week_operator.py
[2024-05-19 02:36:49,622] {processor.py:654} INFO - DAG(s) dict_keys(['example_weekday_branch_operator']) retrieved from /Users/nikhilanand/airflow_venv/lib/python3.9/site-packages/airflow/example_dags/example_branch_day_of_week_operator.py
[2024-05-19 02:36:49,631] {logging_mixin.py:109} INFO - [2024-05-19 02:36:49,631] {dag.py:2396} INFO - Sync 1 DAGs
[2024-05-19 02:36:49,635] {logging_mixin.py:109} INFO - [2024-05-19 02:36:49,635] {dag.py:2935} INFO - Setting next_dagrun for example_weekday_branch_operator to 2024-05-17 00:00:00+00:00
[2024-05-19 02:36:49,639] {processor.py:171} INFO - Processing /Users/nikhilanand/airflow_venv/lib/python3.9/site-packages/airflow/example_dags/example_branch_day_of_week_operator.py took 0.034 seconds
