[2024-05-19 02:28:27,889] {processor.py:163} INFO - Started process (PID=31900) to work on /Users/nikhilanand/airflow_venv/lib/python3.9/site-packages/airflow/example_dags/example_external_task_marker_dag.py
[2024-05-19 02:28:27,889] {processor.py:642} INFO - Processing file /Users/nikhilanand/airflow_venv/lib/python3.9/site-packages/airflow/example_dags/example_external_task_marker_dag.py for tasks to queue
[2024-05-19 02:28:27,889] {logging_mixin.py:109} INFO - [2024-05-19 02:28:27,889] {dagbag.py:500} INFO - Filling up the DagBag from /Users/nikhilanand/airflow_venv/lib/python3.9/site-packages/airflow/example_dags/example_external_task_marker_dag.py
[2024-05-19 02:28:27,905] {processor.py:654} INFO - DAG(s) dict_keys(['example_external_task_marker_parent', 'example_external_task_marker_child']) retrieved from /Users/nikhilanand/airflow_venv/lib/python3.9/site-packages/airflow/example_dags/example_external_task_marker_dag.py
[2024-05-19 02:28:27,915] {logging_mixin.py:109} INFO - [2024-05-19 02:28:27,914] {dag.py:2396} INFO - Sync 2 DAGs
[2024-05-19 02:28:27,919] {logging_mixin.py:109} INFO - [2024-05-19 02:28:27,919] {dag.py:2935} INFO - Setting next_dagrun for example_external_task_marker_child to None
[2024-05-19 02:28:27,919] {logging_mixin.py:109} INFO - [2024-05-19 02:28:27,919] {dag.py:2935} INFO - Setting next_dagrun for example_external_task_marker_parent to None
[2024-05-19 02:28:27,923] {processor.py:171} INFO - Processing /Users/nikhilanand/airflow_venv/lib/python3.9/site-packages/airflow/example_dags/example_external_task_marker_dag.py took 0.035 seconds
[2024-05-19 02:30:08,784] {processor.py:163} INFO - Started process (PID=33089) to work on /Users/nikhilanand/airflow_venv/lib/python3.9/site-packages/airflow/example_dags/example_external_task_marker_dag.py
[2024-05-19 02:30:08,784] {processor.py:642} INFO - Processing file /Users/nikhilanand/airflow_venv/lib/python3.9/site-packages/airflow/example_dags/example_external_task_marker_dag.py for tasks to queue
[2024-05-19 02:30:08,784] {logging_mixin.py:109} INFO - [2024-05-19 02:30:08,784] {dagbag.py:500} INFO - Filling up the DagBag from /Users/nikhilanand/airflow_venv/lib/python3.9/site-packages/airflow/example_dags/example_external_task_marker_dag.py
[2024-05-19 02:30:08,800] {processor.py:654} INFO - DAG(s) dict_keys(['example_external_task_marker_parent', 'example_external_task_marker_child']) retrieved from /Users/nikhilanand/airflow_venv/lib/python3.9/site-packages/airflow/example_dags/example_external_task_marker_dag.py
[2024-05-19 02:30:08,810] {logging_mixin.py:109} INFO - [2024-05-19 02:30:08,810] {dag.py:2396} INFO - Sync 2 DAGs
[2024-05-19 02:30:08,814] {logging_mixin.py:109} INFO - [2024-05-19 02:30:08,814] {dag.py:2935} INFO - Setting next_dagrun for example_external_task_marker_child to None
[2024-05-19 02:30:08,814] {logging_mixin.py:109} INFO - [2024-05-19 02:30:08,814] {dag.py:2935} INFO - Setting next_dagrun for example_external_task_marker_parent to None
[2024-05-19 02:30:08,818] {processor.py:171} INFO - Processing /Users/nikhilanand/airflow_venv/lib/python3.9/site-packages/airflow/example_dags/example_external_task_marker_dag.py took 0.034 seconds
[2024-05-19 02:32:23,562] {processor.py:163} INFO - Started process (PID=34616) to work on /Users/nikhilanand/airflow_venv/lib/python3.9/site-packages/airflow/example_dags/example_external_task_marker_dag.py
[2024-05-19 02:32:23,563] {processor.py:642} INFO - Processing file /Users/nikhilanand/airflow_venv/lib/python3.9/site-packages/airflow/example_dags/example_external_task_marker_dag.py for tasks to queue
[2024-05-19 02:32:23,563] {logging_mixin.py:109} INFO - [2024-05-19 02:32:23,563] {dagbag.py:500} INFO - Filling up the DagBag from /Users/nikhilanand/airflow_venv/lib/python3.9/site-packages/airflow/example_dags/example_external_task_marker_dag.py
[2024-05-19 02:32:23,578] {processor.py:654} INFO - DAG(s) dict_keys(['example_external_task_marker_parent', 'example_external_task_marker_child']) retrieved from /Users/nikhilanand/airflow_venv/lib/python3.9/site-packages/airflow/example_dags/example_external_task_marker_dag.py
[2024-05-19 02:32:23,588] {logging_mixin.py:109} INFO - [2024-05-19 02:32:23,588] {dag.py:2396} INFO - Sync 2 DAGs
[2024-05-19 02:32:23,593] {logging_mixin.py:109} INFO - [2024-05-19 02:32:23,592] {dag.py:2935} INFO - Setting next_dagrun for example_external_task_marker_child to None
[2024-05-19 02:32:23,593] {logging_mixin.py:109} INFO - [2024-05-19 02:32:23,593] {dag.py:2935} INFO - Setting next_dagrun for example_external_task_marker_parent to None
[2024-05-19 02:32:23,596] {processor.py:171} INFO - Processing /Users/nikhilanand/airflow_venv/lib/python3.9/site-packages/airflow/example_dags/example_external_task_marker_dag.py took 0.034 seconds
[2024-05-19 02:34:03,981] {processor.py:163} INFO - Started process (PID=35763) to work on /Users/nikhilanand/airflow_venv/lib/python3.9/site-packages/airflow/example_dags/example_external_task_marker_dag.py
[2024-05-19 02:34:03,981] {processor.py:642} INFO - Processing file /Users/nikhilanand/airflow_venv/lib/python3.9/site-packages/airflow/example_dags/example_external_task_marker_dag.py for tasks to queue
[2024-05-19 02:34:03,981] {logging_mixin.py:109} INFO - [2024-05-19 02:34:03,981] {dagbag.py:500} INFO - Filling up the DagBag from /Users/nikhilanand/airflow_venv/lib/python3.9/site-packages/airflow/example_dags/example_external_task_marker_dag.py
[2024-05-19 02:34:04,000] {processor.py:654} INFO - DAG(s) dict_keys(['example_external_task_marker_parent', 'example_external_task_marker_child']) retrieved from /Users/nikhilanand/airflow_venv/lib/python3.9/site-packages/airflow/example_dags/example_external_task_marker_dag.py
[2024-05-19 02:34:04,017] {logging_mixin.py:109} INFO - [2024-05-19 02:34:04,017] {dag.py:2396} INFO - Sync 2 DAGs
[2024-05-19 02:34:04,027] {logging_mixin.py:109} INFO - [2024-05-19 02:34:04,027] {dag.py:2935} INFO - Setting next_dagrun for example_external_task_marker_child to None
[2024-05-19 02:34:04,027] {logging_mixin.py:109} INFO - [2024-05-19 02:34:04,027] {dag.py:2935} INFO - Setting next_dagrun for example_external_task_marker_parent to None
[2024-05-19 02:34:04,037] {processor.py:171} INFO - Processing /Users/nikhilanand/airflow_venv/lib/python3.9/site-packages/airflow/example_dags/example_external_task_marker_dag.py took 0.057 seconds
[2024-05-19 02:36:16,559] {processor.py:163} INFO - Started process (PID=37263) to work on /Users/nikhilanand/airflow_venv/lib/python3.9/site-packages/airflow/example_dags/example_external_task_marker_dag.py
[2024-05-19 02:36:16,560] {processor.py:642} INFO - Processing file /Users/nikhilanand/airflow_venv/lib/python3.9/site-packages/airflow/example_dags/example_external_task_marker_dag.py for tasks to queue
[2024-05-19 02:36:16,560] {logging_mixin.py:109} INFO - [2024-05-19 02:36:16,560] {dagbag.py:500} INFO - Filling up the DagBag from /Users/nikhilanand/airflow_venv/lib/python3.9/site-packages/airflow/example_dags/example_external_task_marker_dag.py
[2024-05-19 02:36:16,575] {processor.py:654} INFO - DAG(s) dict_keys(['example_external_task_marker_parent', 'example_external_task_marker_child']) retrieved from /Users/nikhilanand/airflow_venv/lib/python3.9/site-packages/airflow/example_dags/example_external_task_marker_dag.py
[2024-05-19 02:36:16,585] {logging_mixin.py:109} INFO - [2024-05-19 02:36:16,585] {dag.py:2396} INFO - Sync 2 DAGs
[2024-05-19 02:36:16,590] {logging_mixin.py:109} INFO - [2024-05-19 02:36:16,590] {dag.py:2935} INFO - Setting next_dagrun for example_external_task_marker_child to None
[2024-05-19 02:36:16,590] {logging_mixin.py:109} INFO - [2024-05-19 02:36:16,590] {dag.py:2935} INFO - Setting next_dagrun for example_external_task_marker_parent to None
[2024-05-19 02:36:16,593] {processor.py:171} INFO - Processing /Users/nikhilanand/airflow_venv/lib/python3.9/site-packages/airflow/example_dags/example_external_task_marker_dag.py took 0.035 seconds
