[2024-05-19 02:28:35,842] {processor.py:163} INFO - Started process (PID=32011) to work on /Users/nikhilanand/airflow_venv/lib/python3.9/site-packages/airflow/example_dags/example_branch_operator.py
[2024-05-19 02:28:35,843] {processor.py:642} INFO - Processing file /Users/nikhilanand/airflow_venv/lib/python3.9/site-packages/airflow/example_dags/example_branch_operator.py for tasks to queue
[2024-05-19 02:28:35,843] {logging_mixin.py:109} INFO - [2024-05-19 02:28:35,843] {dagbag.py:500} INFO - Filling up the DagBag from /Users/nikhilanand/airflow_venv/lib/python3.9/site-packages/airflow/example_dags/example_branch_operator.py
[2024-05-19 02:28:35,866] {processor.py:654} INFO - DAG(s) dict_keys(['example_branch_operator']) retrieved from /Users/nikhilanand/airflow_venv/lib/python3.9/site-packages/airflow/example_dags/example_branch_operator.py
[2024-05-19 02:28:35,876] {logging_mixin.py:109} INFO - [2024-05-19 02:28:35,876] {dag.py:2396} INFO - Sync 1 DAGs
[2024-05-19 02:28:35,882] {logging_mixin.py:109} INFO - [2024-05-19 02:28:35,882] {dag.py:2935} INFO - Setting next_dagrun for example_branch_operator to 2024-05-17 00:00:00+00:00
[2024-05-19 02:28:35,886] {processor.py:171} INFO - Processing /Users/nikhilanand/airflow_venv/lib/python3.9/site-packages/airflow/example_dags/example_branch_operator.py took 0.044 seconds
[2024-05-19 02:30:16,606] {processor.py:163} INFO - Started process (PID=33184) to work on /Users/nikhilanand/airflow_venv/lib/python3.9/site-packages/airflow/example_dags/example_branch_operator.py
[2024-05-19 02:30:16,609] {processor.py:642} INFO - Processing file /Users/nikhilanand/airflow_venv/lib/python3.9/site-packages/airflow/example_dags/example_branch_operator.py for tasks to queue
[2024-05-19 02:30:16,610] {logging_mixin.py:109} INFO - [2024-05-19 02:30:16,610] {dagbag.py:500} INFO - Filling up the DagBag from /Users/nikhilanand/airflow_venv/lib/python3.9/site-packages/airflow/example_dags/example_branch_operator.py
[2024-05-19 02:30:16,634] {processor.py:654} INFO - DAG(s) dict_keys(['example_branch_operator']) retrieved from /Users/nikhilanand/airflow_venv/lib/python3.9/site-packages/airflow/example_dags/example_branch_operator.py
[2024-05-19 02:30:16,644] {logging_mixin.py:109} INFO - [2024-05-19 02:30:16,644] {dag.py:2396} INFO - Sync 1 DAGs
[2024-05-19 02:30:16,650] {logging_mixin.py:109} INFO - [2024-05-19 02:30:16,650] {dag.py:2935} INFO - Setting next_dagrun for example_branch_operator to 2024-05-17 00:00:00+00:00
[2024-05-19 02:30:16,654] {processor.py:171} INFO - Processing /Users/nikhilanand/airflow_venv/lib/python3.9/site-packages/airflow/example_dags/example_branch_operator.py took 0.048 seconds
[2024-05-19 02:32:31,277] {processor.py:163} INFO - Started process (PID=34707) to work on /Users/nikhilanand/airflow_venv/lib/python3.9/site-packages/airflow/example_dags/example_branch_operator.py
[2024-05-19 02:32:31,278] {processor.py:642} INFO - Processing file /Users/nikhilanand/airflow_venv/lib/python3.9/site-packages/airflow/example_dags/example_branch_operator.py for tasks to queue
[2024-05-19 02:32:31,279] {logging_mixin.py:109} INFO - [2024-05-19 02:32:31,279] {dagbag.py:500} INFO - Filling up the DagBag from /Users/nikhilanand/airflow_venv/lib/python3.9/site-packages/airflow/example_dags/example_branch_operator.py
[2024-05-19 02:32:31,304] {processor.py:654} INFO - DAG(s) dict_keys(['example_branch_operator']) retrieved from /Users/nikhilanand/airflow_venv/lib/python3.9/site-packages/airflow/example_dags/example_branch_operator.py
[2024-05-19 02:32:31,314] {logging_mixin.py:109} INFO - [2024-05-19 02:32:31,314] {dag.py:2396} INFO - Sync 1 DAGs
[2024-05-19 02:32:31,320] {logging_mixin.py:109} INFO - [2024-05-19 02:32:31,320] {dag.py:2935} INFO - Setting next_dagrun for example_branch_operator to 2024-05-17 00:00:00+00:00
[2024-05-19 02:32:31,324] {processor.py:171} INFO - Processing /Users/nikhilanand/airflow_venv/lib/python3.9/site-packages/airflow/example_dags/example_branch_operator.py took 0.047 seconds
[2024-05-19 02:35:21,936] {processor.py:163} INFO - Started process (PID=36648) to work on /Users/nikhilanand/airflow_venv/lib/python3.9/site-packages/airflow/example_dags/example_branch_operator.py
[2024-05-19 02:35:21,937] {processor.py:642} INFO - Processing file /Users/nikhilanand/airflow_venv/lib/python3.9/site-packages/airflow/example_dags/example_branch_operator.py for tasks to queue
[2024-05-19 02:35:21,937] {logging_mixin.py:109} INFO - [2024-05-19 02:35:21,937] {dagbag.py:500} INFO - Filling up the DagBag from /Users/nikhilanand/airflow_venv/lib/python3.9/site-packages/airflow/example_dags/example_branch_operator.py
[2024-05-19 02:35:21,959] {processor.py:654} INFO - DAG(s) dict_keys(['example_branch_operator']) retrieved from /Users/nikhilanand/airflow_venv/lib/python3.9/site-packages/airflow/example_dags/example_branch_operator.py
[2024-05-19 02:35:21,969] {logging_mixin.py:109} INFO - [2024-05-19 02:35:21,969] {dag.py:2396} INFO - Sync 1 DAGs
[2024-05-19 02:35:21,975] {logging_mixin.py:109} INFO - [2024-05-19 02:35:21,974] {dag.py:2935} INFO - Setting next_dagrun for example_branch_operator to 2024-05-17 00:00:00+00:00
[2024-05-19 02:35:21,978] {processor.py:171} INFO - Processing /Users/nikhilanand/airflow_venv/lib/python3.9/site-packages/airflow/example_dags/example_branch_operator.py took 0.042 seconds
[2024-05-19 02:36:45,735] {processor.py:163} INFO - Started process (PID=37610) to work on /Users/nikhilanand/airflow_venv/lib/python3.9/site-packages/airflow/example_dags/example_branch_operator.py
[2024-05-19 02:36:45,735] {processor.py:642} INFO - Processing file /Users/nikhilanand/airflow_venv/lib/python3.9/site-packages/airflow/example_dags/example_branch_operator.py for tasks to queue
[2024-05-19 02:36:45,735] {logging_mixin.py:109} INFO - [2024-05-19 02:36:45,735] {dagbag.py:500} INFO - Filling up the DagBag from /Users/nikhilanand/airflow_venv/lib/python3.9/site-packages/airflow/example_dags/example_branch_operator.py
[2024-05-19 02:36:45,759] {processor.py:654} INFO - DAG(s) dict_keys(['example_branch_operator']) retrieved from /Users/nikhilanand/airflow_venv/lib/python3.9/site-packages/airflow/example_dags/example_branch_operator.py
[2024-05-19 02:36:45,768] {logging_mixin.py:109} INFO - [2024-05-19 02:36:45,768] {dag.py:2396} INFO - Sync 1 DAGs
[2024-05-19 02:36:45,774] {logging_mixin.py:109} INFO - [2024-05-19 02:36:45,774] {dag.py:2935} INFO - Setting next_dagrun for example_branch_operator to 2024-05-17 00:00:00+00:00
[2024-05-19 02:36:45,777] {processor.py:171} INFO - Processing /Users/nikhilanand/airflow_venv/lib/python3.9/site-packages/airflow/example_dags/example_branch_operator.py took 0.043 seconds
