[2024-05-19 02:28:31,887] {processor.py:163} INFO - Started process (PID=31944) to work on /Users/nikhilanand/airflow_venv/lib/python3.9/site-packages/airflow/example_dags/example_complex.py
[2024-05-19 02:28:31,887] {processor.py:642} INFO - Processing file /Users/nikhilanand/airflow_venv/lib/python3.9/site-packages/airflow/example_dags/example_complex.py for tasks to queue
[2024-05-19 02:28:31,887] {logging_mixin.py:109} INFO - [2024-05-19 02:28:31,887] {dagbag.py:500} INFO - Filling up the DagBag from /Users/nikhilanand/airflow_venv/lib/python3.9/site-packages/airflow/example_dags/example_complex.py
[2024-05-19 02:28:31,913] {processor.py:654} INFO - DAG(s) dict_keys(['example_complex']) retrieved from /Users/nikhilanand/airflow_venv/lib/python3.9/site-packages/airflow/example_dags/example_complex.py
[2024-05-19 02:28:31,934] {logging_mixin.py:109} INFO - [2024-05-19 02:28:31,933] {dag.py:2396} INFO - Sync 1 DAGs
[2024-05-19 02:28:31,940] {logging_mixin.py:109} INFO - [2024-05-19 02:28:31,940] {dag.py:2935} INFO - Setting next_dagrun for example_complex to None
[2024-05-19 02:28:31,944] {processor.py:171} INFO - Processing /Users/nikhilanand/airflow_venv/lib/python3.9/site-packages/airflow/example_dags/example_complex.py took 0.058 seconds
[2024-05-19 02:30:12,787] {processor.py:163} INFO - Started process (PID=33134) to work on /Users/nikhilanand/airflow_venv/lib/python3.9/site-packages/airflow/example_dags/example_complex.py
[2024-05-19 02:30:12,787] {processor.py:642} INFO - Processing file /Users/nikhilanand/airflow_venv/lib/python3.9/site-packages/airflow/example_dags/example_complex.py for tasks to queue
[2024-05-19 02:30:12,787] {logging_mixin.py:109} INFO - [2024-05-19 02:30:12,787] {dagbag.py:500} INFO - Filling up the DagBag from /Users/nikhilanand/airflow_venv/lib/python3.9/site-packages/airflow/example_dags/example_complex.py
[2024-05-19 02:30:12,806] {processor.py:654} INFO - DAG(s) dict_keys(['example_complex']) retrieved from /Users/nikhilanand/airflow_venv/lib/python3.9/site-packages/airflow/example_dags/example_complex.py
[2024-05-19 02:30:12,817] {logging_mixin.py:109} INFO - [2024-05-19 02:30:12,817] {dag.py:2396} INFO - Sync 1 DAGs
[2024-05-19 02:30:12,821] {logging_mixin.py:109} INFO - [2024-05-19 02:30:12,821] {dag.py:2935} INFO - Setting next_dagrun for example_complex to None
[2024-05-19 02:30:12,826] {processor.py:171} INFO - Processing /Users/nikhilanand/airflow_venv/lib/python3.9/site-packages/airflow/example_dags/example_complex.py took 0.040 seconds
[2024-05-19 02:32:27,482] {processor.py:163} INFO - Started process (PID=34660) to work on /Users/nikhilanand/airflow_venv/lib/python3.9/site-packages/airflow/example_dags/example_complex.py
[2024-05-19 02:32:27,483] {processor.py:642} INFO - Processing file /Users/nikhilanand/airflow_venv/lib/python3.9/site-packages/airflow/example_dags/example_complex.py for tasks to queue
[2024-05-19 02:32:27,483] {logging_mixin.py:109} INFO - [2024-05-19 02:32:27,483] {dagbag.py:500} INFO - Filling up the DagBag from /Users/nikhilanand/airflow_venv/lib/python3.9/site-packages/airflow/example_dags/example_complex.py
[2024-05-19 02:32:27,502] {processor.py:654} INFO - DAG(s) dict_keys(['example_complex']) retrieved from /Users/nikhilanand/airflow_venv/lib/python3.9/site-packages/airflow/example_dags/example_complex.py
[2024-05-19 02:32:27,513] {logging_mixin.py:109} INFO - [2024-05-19 02:32:27,513] {dag.py:2396} INFO - Sync 1 DAGs
[2024-05-19 02:32:27,518] {logging_mixin.py:109} INFO - [2024-05-19 02:32:27,518] {dag.py:2935} INFO - Setting next_dagrun for example_complex to None
[2024-05-19 02:32:27,522] {processor.py:171} INFO - Processing /Users/nikhilanand/airflow_venv/lib/python3.9/site-packages/airflow/example_dags/example_complex.py took 0.040 seconds
[2024-05-19 02:34:58,285] {processor.py:163} INFO - Started process (PID=36370) to work on /Users/nikhilanand/airflow_venv/lib/python3.9/site-packages/airflow/example_dags/example_complex.py
[2024-05-19 02:34:58,285] {processor.py:642} INFO - Processing file /Users/nikhilanand/airflow_venv/lib/python3.9/site-packages/airflow/example_dags/example_complex.py for tasks to queue
[2024-05-19 02:34:58,285] {logging_mixin.py:109} INFO - [2024-05-19 02:34:58,285] {dagbag.py:500} INFO - Filling up the DagBag from /Users/nikhilanand/airflow_venv/lib/python3.9/site-packages/airflow/example_dags/example_complex.py
[2024-05-19 02:34:58,303] {processor.py:654} INFO - DAG(s) dict_keys(['example_complex']) retrieved from /Users/nikhilanand/airflow_venv/lib/python3.9/site-packages/airflow/example_dags/example_complex.py
[2024-05-19 02:34:58,314] {logging_mixin.py:109} INFO - [2024-05-19 02:34:58,314] {dag.py:2396} INFO - Sync 1 DAGs
[2024-05-19 02:34:58,318] {logging_mixin.py:109} INFO - [2024-05-19 02:34:58,318] {dag.py:2935} INFO - Setting next_dagrun for example_complex to None
[2024-05-19 02:34:58,322] {processor.py:171} INFO - Processing /Users/nikhilanand/airflow_venv/lib/python3.9/site-packages/airflow/example_dags/example_complex.py took 0.037 seconds
[2024-05-19 02:36:20,468] {processor.py:163} INFO - Started process (PID=37309) to work on /Users/nikhilanand/airflow_venv/lib/python3.9/site-packages/airflow/example_dags/example_complex.py
[2024-05-19 02:36:20,469] {processor.py:642} INFO - Processing file /Users/nikhilanand/airflow_venv/lib/python3.9/site-packages/airflow/example_dags/example_complex.py for tasks to queue
[2024-05-19 02:36:20,469] {logging_mixin.py:109} INFO - [2024-05-19 02:36:20,469] {dagbag.py:500} INFO - Filling up the DagBag from /Users/nikhilanand/airflow_venv/lib/python3.9/site-packages/airflow/example_dags/example_complex.py
[2024-05-19 02:36:20,488] {processor.py:654} INFO - DAG(s) dict_keys(['example_complex']) retrieved from /Users/nikhilanand/airflow_venv/lib/python3.9/site-packages/airflow/example_dags/example_complex.py
[2024-05-19 02:36:20,499] {logging_mixin.py:109} INFO - [2024-05-19 02:36:20,499] {dag.py:2396} INFO - Sync 1 DAGs
[2024-05-19 02:36:20,504] {logging_mixin.py:109} INFO - [2024-05-19 02:36:20,504] {dag.py:2935} INFO - Setting next_dagrun for example_complex to None
[2024-05-19 02:36:20,507] {processor.py:171} INFO - Processing /Users/nikhilanand/airflow_venv/lib/python3.9/site-packages/airflow/example_dags/example_complex.py took 0.040 seconds
