[2024-05-19 02:28:25,935] {processor.py:163} INFO - Started process (PID=31878) to work on /Users/nikhilanand/airflow_venv/lib/python3.9/site-packages/airflow/example_dags/example_kubernetes_executor.py
[2024-05-19 02:28:25,935] {processor.py:642} INFO - Processing file /Users/nikhilanand/airflow_venv/lib/python3.9/site-packages/airflow/example_dags/example_kubernetes_executor.py for tasks to queue
[2024-05-19 02:28:25,935] {logging_mixin.py:109} INFO - [2024-05-19 02:28:25,935] {dagbag.py:500} INFO - Filling up the DagBag from /Users/nikhilanand/airflow_venv/lib/python3.9/site-packages/airflow/example_dags/example_kubernetes_executor.py
[2024-05-19 02:28:25,945] {logging_mixin.py:109} INFO - [2024-05-19 02:28:25,945] {example_kubernetes_executor.py:38} WARNING - The example_kubernetes_executor example DAG requires the kubernetes provider. Please install it with: pip install apache-airflow[cncf.kubernetes]
[2024-05-19 02:28:25,956] {processor.py:656} WARNING - No viable dags retrieved from /Users/nikhilanand/airflow_venv/lib/python3.9/site-packages/airflow/example_dags/example_kubernetes_executor.py
[2024-05-19 02:28:25,957] {processor.py:171} INFO - Processing /Users/nikhilanand/airflow_venv/lib/python3.9/site-packages/airflow/example_dags/example_kubernetes_executor.py took 0.023 seconds
[2024-05-19 02:30:07,331] {processor.py:163} INFO - Started process (PID=33065) to work on /Users/nikhilanand/airflow_venv/lib/python3.9/site-packages/airflow/example_dags/example_kubernetes_executor.py
[2024-05-19 02:30:07,331] {processor.py:642} INFO - Processing file /Users/nikhilanand/airflow_venv/lib/python3.9/site-packages/airflow/example_dags/example_kubernetes_executor.py for tasks to queue
[2024-05-19 02:30:07,331] {logging_mixin.py:109} INFO - [2024-05-19 02:30:07,331] {dagbag.py:500} INFO - Filling up the DagBag from /Users/nikhilanand/airflow_venv/lib/python3.9/site-packages/airflow/example_dags/example_kubernetes_executor.py
[2024-05-19 02:30:07,341] {logging_mixin.py:109} INFO - [2024-05-19 02:30:07,341] {example_kubernetes_executor.py:38} WARNING - The example_kubernetes_executor example DAG requires the kubernetes provider. Please install it with: pip install apache-airflow[cncf.kubernetes]
[2024-05-19 02:30:07,353] {processor.py:656} WARNING - No viable dags retrieved from /Users/nikhilanand/airflow_venv/lib/python3.9/site-packages/airflow/example_dags/example_kubernetes_executor.py
[2024-05-19 02:30:07,354] {processor.py:171} INFO - Processing /Users/nikhilanand/airflow_venv/lib/python3.9/site-packages/airflow/example_dags/example_kubernetes_executor.py took 0.024 seconds
[2024-05-19 02:32:21,660] {processor.py:163} INFO - Started process (PID=34596) to work on /Users/nikhilanand/airflow_venv/lib/python3.9/site-packages/airflow/example_dags/example_kubernetes_executor.py
[2024-05-19 02:32:21,661] {processor.py:642} INFO - Processing file /Users/nikhilanand/airflow_venv/lib/python3.9/site-packages/airflow/example_dags/example_kubernetes_executor.py for tasks to queue
[2024-05-19 02:32:21,661] {logging_mixin.py:109} INFO - [2024-05-19 02:32:21,661] {dagbag.py:500} INFO - Filling up the DagBag from /Users/nikhilanand/airflow_venv/lib/python3.9/site-packages/airflow/example_dags/example_kubernetes_executor.py
[2024-05-19 02:32:21,672] {logging_mixin.py:109} INFO - [2024-05-19 02:32:21,672] {example_kubernetes_executor.py:38} WARNING - The example_kubernetes_executor example DAG requires the kubernetes provider. Please install it with: pip install apache-airflow[cncf.kubernetes]
[2024-05-19 02:32:21,684] {processor.py:656} WARNING - No viable dags retrieved from /Users/nikhilanand/airflow_venv/lib/python3.9/site-packages/airflow/example_dags/example_kubernetes_executor.py
[2024-05-19 02:32:21,685] {processor.py:171} INFO - Processing /Users/nikhilanand/airflow_venv/lib/python3.9/site-packages/airflow/example_dags/example_kubernetes_executor.py took 0.026 seconds
[2024-05-19 02:34:01,843] {processor.py:163} INFO - Started process (PID=35741) to work on /Users/nikhilanand/airflow_venv/lib/python3.9/site-packages/airflow/example_dags/example_kubernetes_executor.py
[2024-05-19 02:34:01,843] {processor.py:642} INFO - Processing file /Users/nikhilanand/airflow_venv/lib/python3.9/site-packages/airflow/example_dags/example_kubernetes_executor.py for tasks to queue
[2024-05-19 02:34:01,843] {logging_mixin.py:109} INFO - [2024-05-19 02:34:01,843] {dagbag.py:500} INFO - Filling up the DagBag from /Users/nikhilanand/airflow_venv/lib/python3.9/site-packages/airflow/example_dags/example_kubernetes_executor.py
[2024-05-19 02:34:01,855] {logging_mixin.py:109} INFO - [2024-05-19 02:34:01,855] {example_kubernetes_executor.py:38} WARNING - The example_kubernetes_executor example DAG requires the kubernetes provider. Please install it with: pip install apache-airflow[cncf.kubernetes]
[2024-05-19 02:34:01,867] {processor.py:656} WARNING - No viable dags retrieved from /Users/nikhilanand/airflow_venv/lib/python3.9/site-packages/airflow/example_dags/example_kubernetes_executor.py
[2024-05-19 02:34:01,868] {processor.py:171} INFO - Processing /Users/nikhilanand/airflow_venv/lib/python3.9/site-packages/airflow/example_dags/example_kubernetes_executor.py took 0.025 seconds
[2024-05-19 02:36:14,659] {processor.py:163} INFO - Started process (PID=37245) to work on /Users/nikhilanand/airflow_venv/lib/python3.9/site-packages/airflow/example_dags/example_kubernetes_executor.py
[2024-05-19 02:36:14,660] {processor.py:642} INFO - Processing file /Users/nikhilanand/airflow_venv/lib/python3.9/site-packages/airflow/example_dags/example_kubernetes_executor.py for tasks to queue
[2024-05-19 02:36:14,660] {logging_mixin.py:109} INFO - [2024-05-19 02:36:14,660] {dagbag.py:500} INFO - Filling up the DagBag from /Users/nikhilanand/airflow_venv/lib/python3.9/site-packages/airflow/example_dags/example_kubernetes_executor.py
[2024-05-19 02:36:14,672] {logging_mixin.py:109} INFO - [2024-05-19 02:36:14,671] {example_kubernetes_executor.py:38} WARNING - The example_kubernetes_executor example DAG requires the kubernetes provider. Please install it with: pip install apache-airflow[cncf.kubernetes]
[2024-05-19 02:36:14,684] {processor.py:656} WARNING - No viable dags retrieved from /Users/nikhilanand/airflow_venv/lib/python3.9/site-packages/airflow/example_dags/example_kubernetes_executor.py
[2024-05-19 02:36:14,685] {processor.py:171} INFO - Processing /Users/nikhilanand/airflow_venv/lib/python3.9/site-packages/airflow/example_dags/example_kubernetes_executor.py took 0.026 seconds
