[2024-05-19 02:28:41,612] {processor.py:163} INFO - Started process (PID=32082) to work on /Users/nikhilanand/airflow_venv/lib/python3.9/site-packages/airflow/example_dags/example_branch_datetime_operator.py
[2024-05-19 02:28:41,613] {processor.py:642} INFO - Processing file /Users/nikhilanand/airflow_venv/lib/python3.9/site-packages/airflow/example_dags/example_branch_datetime_operator.py for tasks to queue
[2024-05-19 02:28:41,613] {logging_mixin.py:109} INFO - [2024-05-19 02:28:41,613] {dagbag.py:500} INFO - Filling up the DagBag from /Users/nikhilanand/airflow_venv/lib/python3.9/site-packages/airflow/example_dags/example_branch_datetime_operator.py
[2024-05-19 02:28:41,629] {processor.py:654} INFO - DAG(s) dict_keys(['example_branch_datetime_operator_2']) retrieved from /Users/nikhilanand/airflow_venv/lib/python3.9/site-packages/airflow/example_dags/example_branch_datetime_operator.py
[2024-05-19 02:28:41,637] {logging_mixin.py:109} INFO - [2024-05-19 02:28:41,637] {dag.py:2396} INFO - Sync 1 DAGs
[2024-05-19 02:28:41,642] {logging_mixin.py:109} INFO - [2024-05-19 02:28:41,642] {dag.py:2935} INFO - Setting next_dagrun for example_branch_datetime_operator_2 to 2024-05-17 00:00:00+00:00
[2024-05-19 02:28:41,646] {processor.py:171} INFO - Processing /Users/nikhilanand/airflow_venv/lib/python3.9/site-packages/airflow/example_dags/example_branch_datetime_operator.py took 0.034 seconds
[2024-05-19 02:30:21,251] {processor.py:163} INFO - Started process (PID=33235) to work on /Users/nikhilanand/airflow_venv/lib/python3.9/site-packages/airflow/example_dags/example_branch_datetime_operator.py
[2024-05-19 02:30:21,251] {processor.py:642} INFO - Processing file /Users/nikhilanand/airflow_venv/lib/python3.9/site-packages/airflow/example_dags/example_branch_datetime_operator.py for tasks to queue
[2024-05-19 02:30:21,252] {logging_mixin.py:109} INFO - [2024-05-19 02:30:21,252] {dagbag.py:500} INFO - Filling up the DagBag from /Users/nikhilanand/airflow_venv/lib/python3.9/site-packages/airflow/example_dags/example_branch_datetime_operator.py
[2024-05-19 02:30:21,267] {processor.py:654} INFO - DAG(s) dict_keys(['example_branch_datetime_operator_2']) retrieved from /Users/nikhilanand/airflow_venv/lib/python3.9/site-packages/airflow/example_dags/example_branch_datetime_operator.py
[2024-05-19 02:30:21,276] {logging_mixin.py:109} INFO - [2024-05-19 02:30:21,276] {dag.py:2396} INFO - Sync 1 DAGs
[2024-05-19 02:30:21,281] {logging_mixin.py:109} INFO - [2024-05-19 02:30:21,281] {dag.py:2935} INFO - Setting next_dagrun for example_branch_datetime_operator_2 to 2024-05-17 00:00:00+00:00
[2024-05-19 02:30:21,284] {processor.py:171} INFO - Processing /Users/nikhilanand/airflow_venv/lib/python3.9/site-packages/airflow/example_dags/example_branch_datetime_operator.py took 0.034 seconds
[2024-05-19 02:32:36,929] {processor.py:163} INFO - Started process (PID=34765) to work on /Users/nikhilanand/airflow_venv/lib/python3.9/site-packages/airflow/example_dags/example_branch_datetime_operator.py
[2024-05-19 02:32:36,930] {processor.py:642} INFO - Processing file /Users/nikhilanand/airflow_venv/lib/python3.9/site-packages/airflow/example_dags/example_branch_datetime_operator.py for tasks to queue
[2024-05-19 02:32:36,931] {logging_mixin.py:109} INFO - [2024-05-19 02:32:36,931] {dagbag.py:500} INFO - Filling up the DagBag from /Users/nikhilanand/airflow_venv/lib/python3.9/site-packages/airflow/example_dags/example_branch_datetime_operator.py
[2024-05-19 02:32:36,947] {processor.py:654} INFO - DAG(s) dict_keys(['example_branch_datetime_operator_2']) retrieved from /Users/nikhilanand/airflow_venv/lib/python3.9/site-packages/airflow/example_dags/example_branch_datetime_operator.py
[2024-05-19 02:32:36,956] {logging_mixin.py:109} INFO - [2024-05-19 02:32:36,956] {dag.py:2396} INFO - Sync 1 DAGs
[2024-05-19 02:32:36,961] {logging_mixin.py:109} INFO - [2024-05-19 02:32:36,961] {dag.py:2935} INFO - Setting next_dagrun for example_branch_datetime_operator_2 to 2024-05-17 00:00:00+00:00
[2024-05-19 02:32:36,964] {processor.py:171} INFO - Processing /Users/nikhilanand/airflow_venv/lib/python3.9/site-packages/airflow/example_dags/example_branch_datetime_operator.py took 0.035 seconds
[2024-05-19 02:35:26,930] {processor.py:163} INFO - Started process (PID=36706) to work on /Users/nikhilanand/airflow_venv/lib/python3.9/site-packages/airflow/example_dags/example_branch_datetime_operator.py
[2024-05-19 02:35:26,931] {processor.py:642} INFO - Processing file /Users/nikhilanand/airflow_venv/lib/python3.9/site-packages/airflow/example_dags/example_branch_datetime_operator.py for tasks to queue
[2024-05-19 02:35:26,932] {logging_mixin.py:109} INFO - [2024-05-19 02:35:26,932] {dagbag.py:500} INFO - Filling up the DagBag from /Users/nikhilanand/airflow_venv/lib/python3.9/site-packages/airflow/example_dags/example_branch_datetime_operator.py
[2024-05-19 02:35:26,947] {processor.py:654} INFO - DAG(s) dict_keys(['example_branch_datetime_operator_2']) retrieved from /Users/nikhilanand/airflow_venv/lib/python3.9/site-packages/airflow/example_dags/example_branch_datetime_operator.py
[2024-05-19 02:35:26,956] {logging_mixin.py:109} INFO - [2024-05-19 02:35:26,956] {dag.py:2396} INFO - Sync 1 DAGs
[2024-05-19 02:35:26,961] {logging_mixin.py:109} INFO - [2024-05-19 02:35:26,961] {dag.py:2935} INFO - Setting next_dagrun for example_branch_datetime_operator_2 to 2024-05-17 00:00:00+00:00
[2024-05-19 02:35:26,964] {processor.py:171} INFO - Processing /Users/nikhilanand/airflow_venv/lib/python3.9/site-packages/airflow/example_dags/example_branch_datetime_operator.py took 0.034 seconds
[2024-05-19 02:36:51,460] {processor.py:163} INFO - Started process (PID=37688) to work on /Users/nikhilanand/airflow_venv/lib/python3.9/site-packages/airflow/example_dags/example_branch_datetime_operator.py
[2024-05-19 02:36:51,460] {processor.py:642} INFO - Processing file /Users/nikhilanand/airflow_venv/lib/python3.9/site-packages/airflow/example_dags/example_branch_datetime_operator.py for tasks to queue
[2024-05-19 02:36:51,460] {logging_mixin.py:109} INFO - [2024-05-19 02:36:51,460] {dagbag.py:500} INFO - Filling up the DagBag from /Users/nikhilanand/airflow_venv/lib/python3.9/site-packages/airflow/example_dags/example_branch_datetime_operator.py
[2024-05-19 02:36:51,477] {processor.py:654} INFO - DAG(s) dict_keys(['example_branch_datetime_operator_2']) retrieved from /Users/nikhilanand/airflow_venv/lib/python3.9/site-packages/airflow/example_dags/example_branch_datetime_operator.py
[2024-05-19 02:36:51,486] {logging_mixin.py:109} INFO - [2024-05-19 02:36:51,486] {dag.py:2396} INFO - Sync 1 DAGs
[2024-05-19 02:36:51,491] {logging_mixin.py:109} INFO - [2024-05-19 02:36:51,491] {dag.py:2935} INFO - Setting next_dagrun for example_branch_datetime_operator_2 to 2024-05-17 00:00:00+00:00
[2024-05-19 02:36:51,495] {processor.py:171} INFO - Processing /Users/nikhilanand/airflow_venv/lib/python3.9/site-packages/airflow/example_dags/example_branch_datetime_operator.py took 0.035 seconds
