[2024-05-19 02:28:03,026] {processor.py:163} INFO - Started process (PID=31585) to work on /Users/nikhilanand/airflow_venv/lib/python3.9/site-packages/airflow/example_dags/example_time_delta_sensor_async.py
[2024-05-19 02:28:03,027] {processor.py:642} INFO - Processing file /Users/nikhilanand/airflow_venv/lib/python3.9/site-packages/airflow/example_dags/example_time_delta_sensor_async.py for tasks to queue
[2024-05-19 02:28:03,027] {logging_mixin.py:109} INFO - [2024-05-19 02:28:03,027] {dagbag.py:500} INFO - Filling up the DagBag from /Users/nikhilanand/airflow_venv/lib/python3.9/site-packages/airflow/example_dags/example_time_delta_sensor_async.py
[2024-05-19 02:28:03,042] {processor.py:654} INFO - DAG(s) dict_keys(['example_time_delta_sensor_async']) retrieved from /Users/nikhilanand/airflow_venv/lib/python3.9/site-packages/airflow/example_dags/example_time_delta_sensor_async.py
[2024-05-19 02:28:03,051] {logging_mixin.py:109} INFO - [2024-05-19 02:28:03,051] {dag.py:2396} INFO - Sync 1 DAGs
[2024-05-19 02:28:03,055] {logging_mixin.py:109} INFO - [2024-05-19 02:28:03,055] {dag.py:2935} INFO - Setting next_dagrun for example_time_delta_sensor_async to None
[2024-05-19 02:28:03,059] {processor.py:171} INFO - Processing /Users/nikhilanand/airflow_venv/lib/python3.9/site-packages/airflow/example_dags/example_time_delta_sensor_async.py took 0.033 seconds
[2024-05-19 02:29:06,952] {processor.py:163} INFO - Started process (PID=32372) to work on /Users/nikhilanand/airflow_venv/lib/python3.9/site-packages/airflow/example_dags/example_time_delta_sensor_async.py
[2024-05-19 02:29:06,953] {processor.py:642} INFO - Processing file /Users/nikhilanand/airflow_venv/lib/python3.9/site-packages/airflow/example_dags/example_time_delta_sensor_async.py for tasks to queue
[2024-05-19 02:29:06,953] {logging_mixin.py:109} INFO - [2024-05-19 02:29:06,953] {dagbag.py:500} INFO - Filling up the DagBag from /Users/nikhilanand/airflow_venv/lib/python3.9/site-packages/airflow/example_dags/example_time_delta_sensor_async.py
[2024-05-19 02:29:06,968] {processor.py:654} INFO - DAG(s) dict_keys(['example_time_delta_sensor_async']) retrieved from /Users/nikhilanand/airflow_venv/lib/python3.9/site-packages/airflow/example_dags/example_time_delta_sensor_async.py
[2024-05-19 02:29:06,977] {logging_mixin.py:109} INFO - [2024-05-19 02:29:06,977] {dag.py:2396} INFO - Sync 1 DAGs
[2024-05-19 02:29:06,981] {logging_mixin.py:109} INFO - [2024-05-19 02:29:06,981] {dag.py:2935} INFO - Setting next_dagrun for example_time_delta_sensor_async to None
[2024-05-19 02:29:06,985] {processor.py:171} INFO - Processing /Users/nikhilanand/airflow_venv/lib/python3.9/site-packages/airflow/example_dags/example_time_delta_sensor_async.py took 0.033 seconds
[2024-05-19 02:30:47,111] {processor.py:163} INFO - Started process (PID=33517) to work on /Users/nikhilanand/airflow_venv/lib/python3.9/site-packages/airflow/example_dags/example_time_delta_sensor_async.py
[2024-05-19 02:30:47,112] {processor.py:642} INFO - Processing file /Users/nikhilanand/airflow_venv/lib/python3.9/site-packages/airflow/example_dags/example_time_delta_sensor_async.py for tasks to queue
[2024-05-19 02:30:47,112] {logging_mixin.py:109} INFO - [2024-05-19 02:30:47,112] {dagbag.py:500} INFO - Filling up the DagBag from /Users/nikhilanand/airflow_venv/lib/python3.9/site-packages/airflow/example_dags/example_time_delta_sensor_async.py
[2024-05-19 02:30:47,127] {processor.py:654} INFO - DAG(s) dict_keys(['example_time_delta_sensor_async']) retrieved from /Users/nikhilanand/airflow_venv/lib/python3.9/site-packages/airflow/example_dags/example_time_delta_sensor_async.py
[2024-05-19 02:30:47,136] {logging_mixin.py:109} INFO - [2024-05-19 02:30:47,136] {dag.py:2396} INFO - Sync 1 DAGs
[2024-05-19 02:30:47,140] {logging_mixin.py:109} INFO - [2024-05-19 02:30:47,140] {dag.py:2935} INFO - Setting next_dagrun for example_time_delta_sensor_async to None
[2024-05-19 02:30:47,143] {processor.py:171} INFO - Processing /Users/nikhilanand/airflow_venv/lib/python3.9/site-packages/airflow/example_dags/example_time_delta_sensor_async.py took 0.033 seconds
[2024-05-19 02:32:10,168] {processor.py:163} INFO - Started process (PID=34455) to work on /Users/nikhilanand/airflow_venv/lib/python3.9/site-packages/airflow/example_dags/example_time_delta_sensor_async.py
[2024-05-19 02:32:10,169] {processor.py:642} INFO - Processing file /Users/nikhilanand/airflow_venv/lib/python3.9/site-packages/airflow/example_dags/example_time_delta_sensor_async.py for tasks to queue
[2024-05-19 02:32:10,169] {logging_mixin.py:109} INFO - [2024-05-19 02:32:10,169] {dagbag.py:500} INFO - Filling up the DagBag from /Users/nikhilanand/airflow_venv/lib/python3.9/site-packages/airflow/example_dags/example_time_delta_sensor_async.py
[2024-05-19 02:32:10,185] {processor.py:654} INFO - DAG(s) dict_keys(['example_time_delta_sensor_async']) retrieved from /Users/nikhilanand/airflow_venv/lib/python3.9/site-packages/airflow/example_dags/example_time_delta_sensor_async.py
[2024-05-19 02:32:10,194] {logging_mixin.py:109} INFO - [2024-05-19 02:32:10,194] {dag.py:2396} INFO - Sync 1 DAGs
[2024-05-19 02:32:10,198] {logging_mixin.py:109} INFO - [2024-05-19 02:32:10,198] {dag.py:2935} INFO - Setting next_dagrun for example_time_delta_sensor_async to None
[2024-05-19 02:32:10,202] {processor.py:171} INFO - Processing /Users/nikhilanand/airflow_venv/lib/python3.9/site-packages/airflow/example_dags/example_time_delta_sensor_async.py took 0.035 seconds
[2024-05-19 02:33:50,204] {processor.py:163} INFO - Started process (PID=35610) to work on /Users/nikhilanand/airflow_venv/lib/python3.9/site-packages/airflow/example_dags/example_time_delta_sensor_async.py
[2024-05-19 02:33:50,204] {processor.py:642} INFO - Processing file /Users/nikhilanand/airflow_venv/lib/python3.9/site-packages/airflow/example_dags/example_time_delta_sensor_async.py for tasks to queue
[2024-05-19 02:33:50,204] {logging_mixin.py:109} INFO - [2024-05-19 02:33:50,204] {dagbag.py:500} INFO - Filling up the DagBag from /Users/nikhilanand/airflow_venv/lib/python3.9/site-packages/airflow/example_dags/example_time_delta_sensor_async.py
[2024-05-19 02:33:50,220] {processor.py:654} INFO - DAG(s) dict_keys(['example_time_delta_sensor_async']) retrieved from /Users/nikhilanand/airflow_venv/lib/python3.9/site-packages/airflow/example_dags/example_time_delta_sensor_async.py
[2024-05-19 02:33:50,229] {logging_mixin.py:109} INFO - [2024-05-19 02:33:50,229] {dag.py:2396} INFO - Sync 1 DAGs
[2024-05-19 02:33:50,233] {logging_mixin.py:109} INFO - [2024-05-19 02:33:50,233] {dag.py:2935} INFO - Setting next_dagrun for example_time_delta_sensor_async to None
[2024-05-19 02:33:50,237] {processor.py:171} INFO - Processing /Users/nikhilanand/airflow_venv/lib/python3.9/site-packages/airflow/example_dags/example_time_delta_sensor_async.py took 0.034 seconds
[2024-05-19 02:35:51,854] {processor.py:163} INFO - Started process (PID=36982) to work on /Users/nikhilanand/airflow_venv/lib/python3.9/site-packages/airflow/example_dags/example_time_delta_sensor_async.py
[2024-05-19 02:35:51,854] {processor.py:642} INFO - Processing file /Users/nikhilanand/airflow_venv/lib/python3.9/site-packages/airflow/example_dags/example_time_delta_sensor_async.py for tasks to queue
[2024-05-19 02:35:51,855] {logging_mixin.py:109} INFO - [2024-05-19 02:35:51,855] {dagbag.py:500} INFO - Filling up the DagBag from /Users/nikhilanand/airflow_venv/lib/python3.9/site-packages/airflow/example_dags/example_time_delta_sensor_async.py
[2024-05-19 02:35:51,870] {processor.py:654} INFO - DAG(s) dict_keys(['example_time_delta_sensor_async']) retrieved from /Users/nikhilanand/airflow_venv/lib/python3.9/site-packages/airflow/example_dags/example_time_delta_sensor_async.py
[2024-05-19 02:35:51,878] {logging_mixin.py:109} INFO - [2024-05-19 02:35:51,878] {dag.py:2396} INFO - Sync 1 DAGs
[2024-05-19 02:35:51,882] {logging_mixin.py:109} INFO - [2024-05-19 02:35:51,882] {dag.py:2935} INFO - Setting next_dagrun for example_time_delta_sensor_async to None
[2024-05-19 02:35:51,885] {processor.py:171} INFO - Processing /Users/nikhilanand/airflow_venv/lib/python3.9/site-packages/airflow/example_dags/example_time_delta_sensor_async.py took 0.032 seconds
[2024-05-19 02:36:57,472] {processor.py:163} INFO - Started process (PID=37753) to work on /Users/nikhilanand/airflow_venv/lib/python3.9/site-packages/airflow/example_dags/example_time_delta_sensor_async.py
[2024-05-19 02:36:57,473] {processor.py:642} INFO - Processing file /Users/nikhilanand/airflow_venv/lib/python3.9/site-packages/airflow/example_dags/example_time_delta_sensor_async.py for tasks to queue
[2024-05-19 02:36:57,473] {logging_mixin.py:109} INFO - [2024-05-19 02:36:57,473] {dagbag.py:500} INFO - Filling up the DagBag from /Users/nikhilanand/airflow_venv/lib/python3.9/site-packages/airflow/example_dags/example_time_delta_sensor_async.py
[2024-05-19 02:36:57,490] {processor.py:654} INFO - DAG(s) dict_keys(['example_time_delta_sensor_async']) retrieved from /Users/nikhilanand/airflow_venv/lib/python3.9/site-packages/airflow/example_dags/example_time_delta_sensor_async.py
[2024-05-19 02:36:57,499] {logging_mixin.py:109} INFO - [2024-05-19 02:36:57,499] {dag.py:2396} INFO - Sync 1 DAGs
[2024-05-19 02:36:57,504] {logging_mixin.py:109} INFO - [2024-05-19 02:36:57,504] {dag.py:2935} INFO - Setting next_dagrun for example_time_delta_sensor_async to None
[2024-05-19 02:36:57,508] {processor.py:171} INFO - Processing /Users/nikhilanand/airflow_venv/lib/python3.9/site-packages/airflow/example_dags/example_time_delta_sensor_async.py took 0.035 seconds
