[2024-05-19 02:28:33,952] {processor.py:163} INFO - Started process (PID=31983) to work on /Users/nikhilanand/airflow_venv/lib/python3.9/site-packages/airflow/example_dags/example_branch_python_dop_operator_3.py
[2024-05-19 02:28:33,952] {processor.py:642} INFO - Processing file /Users/nikhilanand/airflow_venv/lib/python3.9/site-packages/airflow/example_dags/example_branch_python_dop_operator_3.py for tasks to queue
[2024-05-19 02:28:33,952] {logging_mixin.py:109} INFO - [2024-05-19 02:28:33,952] {dagbag.py:500} INFO - Filling up the DagBag from /Users/nikhilanand/airflow_venv/lib/python3.9/site-packages/airflow/example_dags/example_branch_python_dop_operator_3.py
[2024-05-19 02:28:33,976] {processor.py:654} INFO - DAG(s) dict_keys(['example_branch_dop_operator_v3']) retrieved from /Users/nikhilanand/airflow_venv/lib/python3.9/site-packages/airflow/example_dags/example_branch_python_dop_operator_3.py
[2024-05-19 02:28:33,986] {logging_mixin.py:109} INFO - [2024-05-19 02:28:33,986] {dag.py:2396} INFO - Sync 1 DAGs
[2024-05-19 02:28:33,993] {logging_mixin.py:109} INFO - [2024-05-19 02:28:33,993] {dag.py:2935} INFO - Setting next_dagrun for example_branch_dop_operator_v3 to 2024-05-18T20:57:00+00:00
[2024-05-19 02:28:33,997] {processor.py:171} INFO - Processing /Users/nikhilanand/airflow_venv/lib/python3.9/site-packages/airflow/example_dags/example_branch_python_dop_operator_3.py took 0.046 seconds
[2024-05-19 02:30:14,688] {processor.py:163} INFO - Started process (PID=33160) to work on /Users/nikhilanand/airflow_venv/lib/python3.9/site-packages/airflow/example_dags/example_branch_python_dop_operator_3.py
[2024-05-19 02:30:14,689] {processor.py:642} INFO - Processing file /Users/nikhilanand/airflow_venv/lib/python3.9/site-packages/airflow/example_dags/example_branch_python_dop_operator_3.py for tasks to queue
[2024-05-19 02:30:14,690] {logging_mixin.py:109} INFO - [2024-05-19 02:30:14,690] {dagbag.py:500} INFO - Filling up the DagBag from /Users/nikhilanand/airflow_venv/lib/python3.9/site-packages/airflow/example_dags/example_branch_python_dop_operator_3.py
[2024-05-19 02:30:14,715] {processor.py:654} INFO - DAG(s) dict_keys(['example_branch_dop_operator_v3']) retrieved from /Users/nikhilanand/airflow_venv/lib/python3.9/site-packages/airflow/example_dags/example_branch_python_dop_operator_3.py
[2024-05-19 02:30:14,725] {logging_mixin.py:109} INFO - [2024-05-19 02:30:14,725] {dag.py:2396} INFO - Sync 1 DAGs
[2024-05-19 02:30:14,732] {logging_mixin.py:109} INFO - [2024-05-19 02:30:14,732] {dag.py:2935} INFO - Setting next_dagrun for example_branch_dop_operator_v3 to 2024-05-18T20:59:00+00:00
[2024-05-19 02:30:14,736] {processor.py:171} INFO - Processing /Users/nikhilanand/airflow_venv/lib/python3.9/site-packages/airflow/example_dags/example_branch_python_dop_operator_3.py took 0.048 seconds
[2024-05-19 02:32:29,371] {processor.py:163} INFO - Started process (PID=34684) to work on /Users/nikhilanand/airflow_venv/lib/python3.9/site-packages/airflow/example_dags/example_branch_python_dop_operator_3.py
[2024-05-19 02:32:29,372] {processor.py:642} INFO - Processing file /Users/nikhilanand/airflow_venv/lib/python3.9/site-packages/airflow/example_dags/example_branch_python_dop_operator_3.py for tasks to queue
[2024-05-19 02:32:29,372] {logging_mixin.py:109} INFO - [2024-05-19 02:32:29,372] {dagbag.py:500} INFO - Filling up the DagBag from /Users/nikhilanand/airflow_venv/lib/python3.9/site-packages/airflow/example_dags/example_branch_python_dop_operator_3.py
[2024-05-19 02:32:29,399] {processor.py:654} INFO - DAG(s) dict_keys(['example_branch_dop_operator_v3']) retrieved from /Users/nikhilanand/airflow_venv/lib/python3.9/site-packages/airflow/example_dags/example_branch_python_dop_operator_3.py
[2024-05-19 02:32:29,410] {logging_mixin.py:109} INFO - [2024-05-19 02:32:29,410] {dag.py:2396} INFO - Sync 1 DAGs
[2024-05-19 02:32:29,418] {logging_mixin.py:109} INFO - [2024-05-19 02:32:29,418] {dag.py:2935} INFO - Setting next_dagrun for example_branch_dop_operator_v3 to 2024-05-18T21:01:00+00:00
[2024-05-19 02:32:29,422] {processor.py:171} INFO - Processing /Users/nikhilanand/airflow_venv/lib/python3.9/site-packages/airflow/example_dags/example_branch_python_dop_operator_3.py took 0.051 seconds
[2024-05-19 02:35:10,735] {processor.py:163} INFO - Started process (PID=36520) to work on /Users/nikhilanand/airflow_venv/lib/python3.9/site-packages/airflow/example_dags/example_branch_python_dop_operator_3.py
[2024-05-19 02:35:10,735] {processor.py:642} INFO - Processing file /Users/nikhilanand/airflow_venv/lib/python3.9/site-packages/airflow/example_dags/example_branch_python_dop_operator_3.py for tasks to queue
[2024-05-19 02:35:10,735] {logging_mixin.py:109} INFO - [2024-05-19 02:35:10,735] {dagbag.py:500} INFO - Filling up the DagBag from /Users/nikhilanand/airflow_venv/lib/python3.9/site-packages/airflow/example_dags/example_branch_python_dop_operator_3.py
[2024-05-19 02:35:10,758] {processor.py:654} INFO - DAG(s) dict_keys(['example_branch_dop_operator_v3']) retrieved from /Users/nikhilanand/airflow_venv/lib/python3.9/site-packages/airflow/example_dags/example_branch_python_dop_operator_3.py
[2024-05-19 02:35:10,766] {logging_mixin.py:109} INFO - [2024-05-19 02:35:10,766] {dag.py:2396} INFO - Sync 1 DAGs
[2024-05-19 02:35:10,773] {logging_mixin.py:109} INFO - [2024-05-19 02:35:10,773] {dag.py:2935} INFO - Setting next_dagrun for example_branch_dop_operator_v3 to 2024-05-18T21:04:00+00:00
[2024-05-19 02:35:10,776] {processor.py:171} INFO - Processing /Users/nikhilanand/airflow_venv/lib/python3.9/site-packages/airflow/example_dags/example_branch_python_dop_operator_3.py took 0.042 seconds
[2024-05-19 02:36:43,737] {processor.py:163} INFO - Started process (PID=37591) to work on /Users/nikhilanand/airflow_venv/lib/python3.9/site-packages/airflow/example_dags/example_branch_python_dop_operator_3.py
[2024-05-19 02:36:43,737] {processor.py:642} INFO - Processing file /Users/nikhilanand/airflow_venv/lib/python3.9/site-packages/airflow/example_dags/example_branch_python_dop_operator_3.py for tasks to queue
[2024-05-19 02:36:43,737] {logging_mixin.py:109} INFO - [2024-05-19 02:36:43,737] {dagbag.py:500} INFO - Filling up the DagBag from /Users/nikhilanand/airflow_venv/lib/python3.9/site-packages/airflow/example_dags/example_branch_python_dop_operator_3.py
[2024-05-19 02:36:43,760] {processor.py:654} INFO - DAG(s) dict_keys(['example_branch_dop_operator_v3']) retrieved from /Users/nikhilanand/airflow_venv/lib/python3.9/site-packages/airflow/example_dags/example_branch_python_dop_operator_3.py
[2024-05-19 02:36:43,768] {logging_mixin.py:109} INFO - [2024-05-19 02:36:43,768] {dag.py:2396} INFO - Sync 1 DAGs
[2024-05-19 02:36:43,775] {logging_mixin.py:109} INFO - [2024-05-19 02:36:43,775] {dag.py:2935} INFO - Setting next_dagrun for example_branch_dop_operator_v3 to 2024-05-18T21:05:00+00:00
[2024-05-19 02:36:43,779] {processor.py:171} INFO - Processing /Users/nikhilanand/airflow_venv/lib/python3.9/site-packages/airflow/example_dags/example_branch_python_dop_operator_3.py took 0.043 seconds
