[2024-05-19 02:28:12,698] {processor.py:163} INFO - Started process (PID=31714) to work on /Users/nikhilanand/airflow_venv/lib/python3.9/site-packages/airflow/example_dags/example_skip_dag.py
[2024-05-19 02:28:12,698] {processor.py:642} INFO - Processing file /Users/nikhilanand/airflow_venv/lib/python3.9/site-packages/airflow/example_dags/example_skip_dag.py for tasks to queue
[2024-05-19 02:28:12,698] {logging_mixin.py:109} INFO - [2024-05-19 02:28:12,698] {dagbag.py:500} INFO - Filling up the DagBag from /Users/nikhilanand/airflow_venv/lib/python3.9/site-packages/airflow/example_dags/example_skip_dag.py
[2024-05-19 02:28:12,715] {processor.py:654} INFO - DAG(s) dict_keys(['example_skip_dag']) retrieved from /Users/nikhilanand/airflow_venv/lib/python3.9/site-packages/airflow/example_dags/example_skip_dag.py
[2024-05-19 02:28:12,726] {logging_mixin.py:109} INFO - [2024-05-19 02:28:12,726] {dag.py:2396} INFO - Sync 1 DAGs
[2024-05-19 02:28:12,731] {logging_mixin.py:109} INFO - [2024-05-19 02:28:12,731] {dag.py:2935} INFO - Setting next_dagrun for example_skip_dag to 2024-05-17T20:58:12.731572+00:00
[2024-05-19 02:28:12,736] {processor.py:171} INFO - Processing /Users/nikhilanand/airflow_venv/lib/python3.9/site-packages/airflow/example_dags/example_skip_dag.py took 0.039 seconds
[2024-05-19 02:29:16,594] {processor.py:163} INFO - Started process (PID=32487) to work on /Users/nikhilanand/airflow_venv/lib/python3.9/site-packages/airflow/example_dags/example_skip_dag.py
[2024-05-19 02:29:16,594] {processor.py:642} INFO - Processing file /Users/nikhilanand/airflow_venv/lib/python3.9/site-packages/airflow/example_dags/example_skip_dag.py for tasks to queue
[2024-05-19 02:29:16,595] {logging_mixin.py:109} INFO - [2024-05-19 02:29:16,595] {dagbag.py:500} INFO - Filling up the DagBag from /Users/nikhilanand/airflow_venv/lib/python3.9/site-packages/airflow/example_dags/example_skip_dag.py
[2024-05-19 02:29:16,610] {processor.py:654} INFO - DAG(s) dict_keys(['example_skip_dag']) retrieved from /Users/nikhilanand/airflow_venv/lib/python3.9/site-packages/airflow/example_dags/example_skip_dag.py
[2024-05-19 02:29:16,619] {logging_mixin.py:109} INFO - [2024-05-19 02:29:16,619] {dag.py:2396} INFO - Sync 1 DAGs
[2024-05-19 02:29:16,624] {logging_mixin.py:109} INFO - [2024-05-19 02:29:16,624] {dag.py:2935} INFO - Setting next_dagrun for example_skip_dag to 2024-05-17T20:59:16.623906+00:00
[2024-05-19 02:29:16,628] {processor.py:171} INFO - Processing /Users/nikhilanand/airflow_venv/lib/python3.9/site-packages/airflow/example_dags/example_skip_dag.py took 0.034 seconds
[2024-05-19 02:31:30,684] {processor.py:163} INFO - Started process (PID=34002) to work on /Users/nikhilanand/airflow_venv/lib/python3.9/site-packages/airflow/example_dags/example_skip_dag.py
[2024-05-19 02:31:30,685] {processor.py:642} INFO - Processing file /Users/nikhilanand/airflow_venv/lib/python3.9/site-packages/airflow/example_dags/example_skip_dag.py for tasks to queue
[2024-05-19 02:31:30,686] {logging_mixin.py:109} INFO - [2024-05-19 02:31:30,686] {dagbag.py:500} INFO - Filling up the DagBag from /Users/nikhilanand/airflow_venv/lib/python3.9/site-packages/airflow/example_dags/example_skip_dag.py
[2024-05-19 02:31:30,702] {processor.py:654} INFO - DAG(s) dict_keys(['example_skip_dag']) retrieved from /Users/nikhilanand/airflow_venv/lib/python3.9/site-packages/airflow/example_dags/example_skip_dag.py
[2024-05-19 02:31:30,712] {logging_mixin.py:109} INFO - [2024-05-19 02:31:30,711] {dag.py:2396} INFO - Sync 1 DAGs
[2024-05-19 02:31:30,716] {logging_mixin.py:109} INFO - [2024-05-19 02:31:30,716] {dag.py:2935} INFO - Setting next_dagrun for example_skip_dag to 2024-05-17T21:01:30.716759+00:00
[2024-05-19 02:31:30,721] {processor.py:171} INFO - Processing /Users/nikhilanand/airflow_venv/lib/python3.9/site-packages/airflow/example_dags/example_skip_dag.py took 0.037 seconds
[2024-05-19 02:33:31,027] {processor.py:163} INFO - Started process (PID=35383) to work on /Users/nikhilanand/airflow_venv/lib/python3.9/site-packages/airflow/example_dags/example_skip_dag.py
[2024-05-19 02:33:31,028] {processor.py:642} INFO - Processing file /Users/nikhilanand/airflow_venv/lib/python3.9/site-packages/airflow/example_dags/example_skip_dag.py for tasks to queue
[2024-05-19 02:33:31,028] {logging_mixin.py:109} INFO - [2024-05-19 02:33:31,028] {dagbag.py:500} INFO - Filling up the DagBag from /Users/nikhilanand/airflow_venv/lib/python3.9/site-packages/airflow/example_dags/example_skip_dag.py
[2024-05-19 02:33:31,043] {processor.py:654} INFO - DAG(s) dict_keys(['example_skip_dag']) retrieved from /Users/nikhilanand/airflow_venv/lib/python3.9/site-packages/airflow/example_dags/example_skip_dag.py
[2024-05-19 02:33:31,051] {logging_mixin.py:109} INFO - [2024-05-19 02:33:31,051] {dag.py:2396} INFO - Sync 1 DAGs
[2024-05-19 02:33:31,056] {logging_mixin.py:109} INFO - [2024-05-19 02:33:31,056] {dag.py:2935} INFO - Setting next_dagrun for example_skip_dag to 2024-05-17T21:03:31.056219+00:00
[2024-05-19 02:33:31,060] {processor.py:171} INFO - Processing /Users/nikhilanand/airflow_venv/lib/python3.9/site-packages/airflow/example_dags/example_skip_dag.py took 0.033 seconds
[2024-05-19 02:36:01,433] {processor.py:163} INFO - Started process (PID=37090) to work on /Users/nikhilanand/airflow_venv/lib/python3.9/site-packages/airflow/example_dags/example_skip_dag.py
[2024-05-19 02:36:01,434] {processor.py:642} INFO - Processing file /Users/nikhilanand/airflow_venv/lib/python3.9/site-packages/airflow/example_dags/example_skip_dag.py for tasks to queue
[2024-05-19 02:36:01,435] {logging_mixin.py:109} INFO - [2024-05-19 02:36:01,435] {dagbag.py:500} INFO - Filling up the DagBag from /Users/nikhilanand/airflow_venv/lib/python3.9/site-packages/airflow/example_dags/example_skip_dag.py
[2024-05-19 02:36:01,450] {processor.py:654} INFO - DAG(s) dict_keys(['example_skip_dag']) retrieved from /Users/nikhilanand/airflow_venv/lib/python3.9/site-packages/airflow/example_dags/example_skip_dag.py
[2024-05-19 02:36:01,458] {logging_mixin.py:109} INFO - [2024-05-19 02:36:01,458] {dag.py:2396} INFO - Sync 1 DAGs
[2024-05-19 02:36:01,463] {logging_mixin.py:109} INFO - [2024-05-19 02:36:01,463] {dag.py:2935} INFO - Setting next_dagrun for example_skip_dag to 2024-05-17T21:06:01.463190+00:00
[2024-05-19 02:36:01,466] {processor.py:171} INFO - Processing /Users/nikhilanand/airflow_venv/lib/python3.9/site-packages/airflow/example_dags/example_skip_dag.py took 0.033 seconds
[2024-05-19 02:37:06,926] {processor.py:163} INFO - Started process (PID=37861) to work on /Users/nikhilanand/airflow_venv/lib/python3.9/site-packages/airflow/example_dags/example_skip_dag.py
[2024-05-19 02:37:06,926] {processor.py:642} INFO - Processing file /Users/nikhilanand/airflow_venv/lib/python3.9/site-packages/airflow/example_dags/example_skip_dag.py for tasks to queue
[2024-05-19 02:37:06,926] {logging_mixin.py:109} INFO - [2024-05-19 02:37:06,926] {dagbag.py:500} INFO - Filling up the DagBag from /Users/nikhilanand/airflow_venv/lib/python3.9/site-packages/airflow/example_dags/example_skip_dag.py
[2024-05-19 02:37:06,942] {processor.py:654} INFO - DAG(s) dict_keys(['example_skip_dag']) retrieved from /Users/nikhilanand/airflow_venv/lib/python3.9/site-packages/airflow/example_dags/example_skip_dag.py
[2024-05-19 02:37:06,950] {logging_mixin.py:109} INFO - [2024-05-19 02:37:06,950] {dag.py:2396} INFO - Sync 1 DAGs
[2024-05-19 02:37:06,955] {logging_mixin.py:109} INFO - [2024-05-19 02:37:06,955] {dag.py:2935} INFO - Setting next_dagrun for example_skip_dag to 2024-05-17T21:07:06.955407+00:00
[2024-05-19 02:37:06,959] {processor.py:171} INFO - Processing /Users/nikhilanand/airflow_venv/lib/python3.9/site-packages/airflow/example_dags/example_skip_dag.py took 0.033 seconds
