[2024-05-19 02:28:24,059] {processor.py:163} INFO - Started process (PID=31855) to work on /Users/nikhilanand/airflow_venv/lib/python3.9/site-packages/airflow/example_dags/example_latest_only.py
[2024-05-19 02:28:24,059] {processor.py:642} INFO - Processing file /Users/nikhilanand/airflow_venv/lib/python3.9/site-packages/airflow/example_dags/example_latest_only.py for tasks to queue
[2024-05-19 02:28:24,060] {logging_mixin.py:109} INFO - [2024-05-19 02:28:24,060] {dagbag.py:500} INFO - Filling up the DagBag from /Users/nikhilanand/airflow_venv/lib/python3.9/site-packages/airflow/example_dags/example_latest_only.py
[2024-05-19 02:28:24,075] {processor.py:654} INFO - DAG(s) dict_keys(['latest_only']) retrieved from /Users/nikhilanand/airflow_venv/lib/python3.9/site-packages/airflow/example_dags/example_latest_only.py
[2024-05-19 02:28:24,085] {logging_mixin.py:109} INFO - [2024-05-19 02:28:24,085] {dag.py:2396} INFO - Sync 1 DAGs
[2024-05-19 02:28:24,090] {logging_mixin.py:109} INFO - [2024-05-19 02:28:24,090] {dag.py:2935} INFO - Setting next_dagrun for latest_only to 2024-05-18T16:58:24.090476+00:00
[2024-05-19 02:28:24,094] {processor.py:171} INFO - Processing /Users/nikhilanand/airflow_venv/lib/python3.9/site-packages/airflow/example_dags/example_latest_only.py took 0.036 seconds
[2024-05-19 02:30:05,397] {processor.py:163} INFO - Started process (PID=33056) to work on /Users/nikhilanand/airflow_venv/lib/python3.9/site-packages/airflow/example_dags/example_latest_only.py
[2024-05-19 02:30:05,398] {processor.py:642} INFO - Processing file /Users/nikhilanand/airflow_venv/lib/python3.9/site-packages/airflow/example_dags/example_latest_only.py for tasks to queue
[2024-05-19 02:30:05,398] {logging_mixin.py:109} INFO - [2024-05-19 02:30:05,398] {dagbag.py:500} INFO - Filling up the DagBag from /Users/nikhilanand/airflow_venv/lib/python3.9/site-packages/airflow/example_dags/example_latest_only.py
[2024-05-19 02:30:05,413] {processor.py:654} INFO - DAG(s) dict_keys(['latest_only']) retrieved from /Users/nikhilanand/airflow_venv/lib/python3.9/site-packages/airflow/example_dags/example_latest_only.py
[2024-05-19 02:30:05,422] {logging_mixin.py:109} INFO - [2024-05-19 02:30:05,421] {dag.py:2396} INFO - Sync 1 DAGs
[2024-05-19 02:30:05,426] {logging_mixin.py:109} INFO - [2024-05-19 02:30:05,426] {dag.py:2935} INFO - Setting next_dagrun for latest_only to 2024-05-18T17:00:05.426221+00:00
[2024-05-19 02:30:05,429] {processor.py:171} INFO - Processing /Users/nikhilanand/airflow_venv/lib/python3.9/site-packages/airflow/example_dags/example_latest_only.py took 0.033 seconds
[2024-05-19 02:32:19,749] {processor.py:163} INFO - Started process (PID=34573) to work on /Users/nikhilanand/airflow_venv/lib/python3.9/site-packages/airflow/example_dags/example_latest_only.py
[2024-05-19 02:32:19,750] {processor.py:642} INFO - Processing file /Users/nikhilanand/airflow_venv/lib/python3.9/site-packages/airflow/example_dags/example_latest_only.py for tasks to queue
[2024-05-19 02:32:19,750] {logging_mixin.py:109} INFO - [2024-05-19 02:32:19,750] {dagbag.py:500} INFO - Filling up the DagBag from /Users/nikhilanand/airflow_venv/lib/python3.9/site-packages/airflow/example_dags/example_latest_only.py
[2024-05-19 02:32:19,766] {processor.py:654} INFO - DAG(s) dict_keys(['latest_only']) retrieved from /Users/nikhilanand/airflow_venv/lib/python3.9/site-packages/airflow/example_dags/example_latest_only.py
[2024-05-19 02:32:19,775] {logging_mixin.py:109} INFO - [2024-05-19 02:32:19,775] {dag.py:2396} INFO - Sync 1 DAGs
[2024-05-19 02:32:19,780] {logging_mixin.py:109} INFO - [2024-05-19 02:32:19,780] {dag.py:2935} INFO - Setting next_dagrun for latest_only to 2024-05-18T17:02:19.780065+00:00
[2024-05-19 02:32:19,783] {processor.py:171} INFO - Processing /Users/nikhilanand/airflow_venv/lib/python3.9/site-packages/airflow/example_dags/example_latest_only.py took 0.035 seconds
[2024-05-19 02:33:59,946] {processor.py:163} INFO - Started process (PID=35728) to work on /Users/nikhilanand/airflow_venv/lib/python3.9/site-packages/airflow/example_dags/example_latest_only.py
[2024-05-19 02:33:59,946] {processor.py:642} INFO - Processing file /Users/nikhilanand/airflow_venv/lib/python3.9/site-packages/airflow/example_dags/example_latest_only.py for tasks to queue
[2024-05-19 02:33:59,946] {logging_mixin.py:109} INFO - [2024-05-19 02:33:59,946] {dagbag.py:500} INFO - Filling up the DagBag from /Users/nikhilanand/airflow_venv/lib/python3.9/site-packages/airflow/example_dags/example_latest_only.py
[2024-05-19 02:33:59,962] {processor.py:654} INFO - DAG(s) dict_keys(['latest_only']) retrieved from /Users/nikhilanand/airflow_venv/lib/python3.9/site-packages/airflow/example_dags/example_latest_only.py
[2024-05-19 02:33:59,970] {logging_mixin.py:109} INFO - [2024-05-19 02:33:59,970] {dag.py:2396} INFO - Sync 1 DAGs
[2024-05-19 02:33:59,975] {logging_mixin.py:109} INFO - [2024-05-19 02:33:59,975] {dag.py:2935} INFO - Setting next_dagrun for latest_only to 2024-05-18T17:03:59.975109+00:00
[2024-05-19 02:33:59,979] {processor.py:171} INFO - Processing /Users/nikhilanand/airflow_venv/lib/python3.9/site-packages/airflow/example_dags/example_latest_only.py took 0.033 seconds
[2024-05-19 02:36:12,660] {processor.py:163} INFO - Started process (PID=37215) to work on /Users/nikhilanand/airflow_venv/lib/python3.9/site-packages/airflow/example_dags/example_latest_only.py
[2024-05-19 02:36:12,661] {processor.py:642} INFO - Processing file /Users/nikhilanand/airflow_venv/lib/python3.9/site-packages/airflow/example_dags/example_latest_only.py for tasks to queue
[2024-05-19 02:36:12,661] {logging_mixin.py:109} INFO - [2024-05-19 02:36:12,661] {dagbag.py:500} INFO - Filling up the DagBag from /Users/nikhilanand/airflow_venv/lib/python3.9/site-packages/airflow/example_dags/example_latest_only.py
[2024-05-19 02:36:12,680] {processor.py:654} INFO - DAG(s) dict_keys(['latest_only']) retrieved from /Users/nikhilanand/airflow_venv/lib/python3.9/site-packages/airflow/example_dags/example_latest_only.py
[2024-05-19 02:36:12,699] {logging_mixin.py:109} INFO - [2024-05-19 02:36:12,699] {dag.py:2396} INFO - Sync 1 DAGs
[2024-05-19 02:36:12,707] {logging_mixin.py:109} INFO - [2024-05-19 02:36:12,707] {dag.py:2935} INFO - Setting next_dagrun for latest_only to 2024-05-18T17:06:12.706817+00:00
[2024-05-19 02:36:12,716] {processor.py:171} INFO - Processing /Users/nikhilanand/airflow_venv/lib/python3.9/site-packages/airflow/example_dags/example_latest_only.py took 0.056 seconds
