[2024-05-19 02:28:29,774] {processor.py:163} INFO - Started process (PID=31918) to work on /Users/nikhilanand/airflow_venv/lib/python3.9/site-packages/airflow/example_dags/example_dag_decorator.py
[2024-05-19 02:28:29,774] {processor.py:642} INFO - Processing file /Users/nikhilanand/airflow_venv/lib/python3.9/site-packages/airflow/example_dags/example_dag_decorator.py for tasks to queue
[2024-05-19 02:28:29,775] {logging_mixin.py:109} INFO - [2024-05-19 02:28:29,775] {dagbag.py:500} INFO - Filling up the DagBag from /Users/nikhilanand/airflow_venv/lib/python3.9/site-packages/airflow/example_dags/example_dag_decorator.py
[2024-05-19 02:28:29,804] {processor.py:654} INFO - DAG(s) dict_keys(['example_dag_decorator']) retrieved from /Users/nikhilanand/airflow_venv/lib/python3.9/site-packages/airflow/example_dags/example_dag_decorator.py
[2024-05-19 02:28:29,968] {logging_mixin.py:109} INFO - [2024-05-19 02:28:29,968] {dag.py:2396} INFO - Sync 1 DAGs
[2024-05-19 02:28:29,973] {logging_mixin.py:109} INFO - [2024-05-19 02:28:29,973] {dag.py:2935} INFO - Setting next_dagrun for example_dag_decorator to None
[2024-05-19 02:28:29,977] {processor.py:171} INFO - Processing /Users/nikhilanand/airflow_venv/lib/python3.9/site-packages/airflow/example_dags/example_dag_decorator.py took 0.203 seconds
[2024-05-19 02:30:10,711] {processor.py:163} INFO - Started process (PID=33117) to work on /Users/nikhilanand/airflow_venv/lib/python3.9/site-packages/airflow/example_dags/example_dag_decorator.py
[2024-05-19 02:30:10,711] {processor.py:642} INFO - Processing file /Users/nikhilanand/airflow_venv/lib/python3.9/site-packages/airflow/example_dags/example_dag_decorator.py for tasks to queue
[2024-05-19 02:30:10,711] {logging_mixin.py:109} INFO - [2024-05-19 02:30:10,711] {dagbag.py:500} INFO - Filling up the DagBag from /Users/nikhilanand/airflow_venv/lib/python3.9/site-packages/airflow/example_dags/example_dag_decorator.py
[2024-05-19 02:30:10,736] {processor.py:654} INFO - DAG(s) dict_keys(['example_dag_decorator']) retrieved from /Users/nikhilanand/airflow_venv/lib/python3.9/site-packages/airflow/example_dags/example_dag_decorator.py
[2024-05-19 02:30:10,902] {logging_mixin.py:109} INFO - [2024-05-19 02:30:10,902] {dag.py:2396} INFO - Sync 1 DAGs
[2024-05-19 02:30:10,907] {logging_mixin.py:109} INFO - [2024-05-19 02:30:10,907] {dag.py:2935} INFO - Setting next_dagrun for example_dag_decorator to None
[2024-05-19 02:30:10,916] {processor.py:171} INFO - Processing /Users/nikhilanand/airflow_venv/lib/python3.9/site-packages/airflow/example_dags/example_dag_decorator.py took 0.206 seconds
[2024-05-19 02:32:25,449] {processor.py:163} INFO - Started process (PID=34634) to work on /Users/nikhilanand/airflow_venv/lib/python3.9/site-packages/airflow/example_dags/example_dag_decorator.py
[2024-05-19 02:32:25,450] {processor.py:642} INFO - Processing file /Users/nikhilanand/airflow_venv/lib/python3.9/site-packages/airflow/example_dags/example_dag_decorator.py for tasks to queue
[2024-05-19 02:32:25,451] {logging_mixin.py:109} INFO - [2024-05-19 02:32:25,450] {dagbag.py:500} INFO - Filling up the DagBag from /Users/nikhilanand/airflow_venv/lib/python3.9/site-packages/airflow/example_dags/example_dag_decorator.py
[2024-05-19 02:32:25,476] {processor.py:654} INFO - DAG(s) dict_keys(['example_dag_decorator']) retrieved from /Users/nikhilanand/airflow_venv/lib/python3.9/site-packages/airflow/example_dags/example_dag_decorator.py
[2024-05-19 02:32:25,597] {logging_mixin.py:109} INFO - [2024-05-19 02:32:25,596] {dag.py:2396} INFO - Sync 1 DAGs
[2024-05-19 02:32:25,601] {logging_mixin.py:109} INFO - [2024-05-19 02:32:25,601] {dag.py:2935} INFO - Setting next_dagrun for example_dag_decorator to None
[2024-05-19 02:32:25,606] {processor.py:171} INFO - Processing /Users/nikhilanand/airflow_venv/lib/python3.9/site-packages/airflow/example_dags/example_dag_decorator.py took 0.157 seconds
[2024-05-19 02:34:29,278] {processor.py:163} INFO - Started process (PID=36046) to work on /Users/nikhilanand/airflow_venv/lib/python3.9/site-packages/airflow/example_dags/example_dag_decorator.py
[2024-05-19 02:34:29,278] {processor.py:642} INFO - Processing file /Users/nikhilanand/airflow_venv/lib/python3.9/site-packages/airflow/example_dags/example_dag_decorator.py for tasks to queue
[2024-05-19 02:34:29,278] {logging_mixin.py:109} INFO - [2024-05-19 02:34:29,278] {dagbag.py:500} INFO - Filling up the DagBag from /Users/nikhilanand/airflow_venv/lib/python3.9/site-packages/airflow/example_dags/example_dag_decorator.py
[2024-05-19 02:34:29,303] {processor.py:654} INFO - DAG(s) dict_keys(['example_dag_decorator']) retrieved from /Users/nikhilanand/airflow_venv/lib/python3.9/site-packages/airflow/example_dags/example_dag_decorator.py
[2024-05-19 02:34:29,424] {logging_mixin.py:109} INFO - [2024-05-19 02:34:29,423] {dag.py:2396} INFO - Sync 1 DAGs
[2024-05-19 02:34:29,428] {logging_mixin.py:109} INFO - [2024-05-19 02:34:29,428] {dag.py:2935} INFO - Setting next_dagrun for example_dag_decorator to None
[2024-05-19 02:34:29,432] {processor.py:171} INFO - Processing /Users/nikhilanand/airflow_venv/lib/python3.9/site-packages/airflow/example_dags/example_dag_decorator.py took 0.155 seconds
[2024-05-19 02:36:18,464] {processor.py:163} INFO - Started process (PID=37286) to work on /Users/nikhilanand/airflow_venv/lib/python3.9/site-packages/airflow/example_dags/example_dag_decorator.py
[2024-05-19 02:36:18,465] {processor.py:642} INFO - Processing file /Users/nikhilanand/airflow_venv/lib/python3.9/site-packages/airflow/example_dags/example_dag_decorator.py for tasks to queue
[2024-05-19 02:36:18,465] {logging_mixin.py:109} INFO - [2024-05-19 02:36:18,465] {dagbag.py:500} INFO - Filling up the DagBag from /Users/nikhilanand/airflow_venv/lib/python3.9/site-packages/airflow/example_dags/example_dag_decorator.py
[2024-05-19 02:36:18,490] {processor.py:654} INFO - DAG(s) dict_keys(['example_dag_decorator']) retrieved from /Users/nikhilanand/airflow_venv/lib/python3.9/site-packages/airflow/example_dags/example_dag_decorator.py
[2024-05-19 02:36:18,612] {logging_mixin.py:109} INFO - [2024-05-19 02:36:18,612] {dag.py:2396} INFO - Sync 1 DAGs
[2024-05-19 02:36:18,617] {logging_mixin.py:109} INFO - [2024-05-19 02:36:18,617] {dag.py:2935} INFO - Setting next_dagrun for example_dag_decorator to None
[2024-05-19 02:36:18,621] {processor.py:171} INFO - Processing /Users/nikhilanand/airflow_venv/lib/python3.9/site-packages/airflow/example_dags/example_dag_decorator.py took 0.158 seconds
