[2024-05-19 02:28:01,173] {processor.py:163} INFO - Started process (PID=31567) to work on /Users/nikhilanand/airflow_venv/lib/python3.9/site-packages/airflow/example_dags/example_trigger_controller_dag.py
[2024-05-19 02:28:01,174] {processor.py:642} INFO - Processing file /Users/nikhilanand/airflow_venv/lib/python3.9/site-packages/airflow/example_dags/example_trigger_controller_dag.py for tasks to queue
[2024-05-19 02:28:01,174] {logging_mixin.py:109} INFO - [2024-05-19 02:28:01,174] {dagbag.py:500} INFO - Filling up the DagBag from /Users/nikhilanand/airflow_venv/lib/python3.9/site-packages/airflow/example_dags/example_trigger_controller_dag.py
[2024-05-19 02:28:01,189] {processor.py:654} INFO - DAG(s) dict_keys(['example_trigger_controller_dag']) retrieved from /Users/nikhilanand/airflow_venv/lib/python3.9/site-packages/airflow/example_dags/example_trigger_controller_dag.py
[2024-05-19 02:28:01,198] {logging_mixin.py:109} INFO - [2024-05-19 02:28:01,198] {dag.py:2396} INFO - Sync 1 DAGs
[2024-05-19 02:28:01,203] {logging_mixin.py:109} INFO - [2024-05-19 02:28:01,203] {dag.py:2935} INFO - Setting next_dagrun for example_trigger_controller_dag to 2021-01-01T00:00:00+00:00
[2024-05-19 02:28:01,207] {processor.py:171} INFO - Processing /Users/nikhilanand/airflow_venv/lib/python3.9/site-packages/airflow/example_dags/example_trigger_controller_dag.py took 0.034 seconds
[2024-05-19 02:29:05,068] {processor.py:163} INFO - Started process (PID=32350) to work on /Users/nikhilanand/airflow_venv/lib/python3.9/site-packages/airflow/example_dags/example_trigger_controller_dag.py
[2024-05-19 02:29:05,068] {processor.py:642} INFO - Processing file /Users/nikhilanand/airflow_venv/lib/python3.9/site-packages/airflow/example_dags/example_trigger_controller_dag.py for tasks to queue
[2024-05-19 02:29:05,068] {logging_mixin.py:109} INFO - [2024-05-19 02:29:05,068] {dagbag.py:500} INFO - Filling up the DagBag from /Users/nikhilanand/airflow_venv/lib/python3.9/site-packages/airflow/example_dags/example_trigger_controller_dag.py
[2024-05-19 02:29:05,083] {processor.py:654} INFO - DAG(s) dict_keys(['example_trigger_controller_dag']) retrieved from /Users/nikhilanand/airflow_venv/lib/python3.9/site-packages/airflow/example_dags/example_trigger_controller_dag.py
[2024-05-19 02:29:05,092] {logging_mixin.py:109} INFO - [2024-05-19 02:29:05,092] {dag.py:2396} INFO - Sync 1 DAGs
[2024-05-19 02:29:05,096] {logging_mixin.py:109} INFO - [2024-05-19 02:29:05,096] {dag.py:2935} INFO - Setting next_dagrun for example_trigger_controller_dag to 2021-01-01T00:00:00+00:00
[2024-05-19 02:29:05,100] {processor.py:171} INFO - Processing /Users/nikhilanand/airflow_venv/lib/python3.9/site-packages/airflow/example_dags/example_trigger_controller_dag.py took 0.032 seconds
[2024-05-19 02:30:45,154] {processor.py:163} INFO - Started process (PID=33494) to work on /Users/nikhilanand/airflow_venv/lib/python3.9/site-packages/airflow/example_dags/example_trigger_controller_dag.py
[2024-05-19 02:30:45,155] {processor.py:642} INFO - Processing file /Users/nikhilanand/airflow_venv/lib/python3.9/site-packages/airflow/example_dags/example_trigger_controller_dag.py for tasks to queue
[2024-05-19 02:30:45,155] {logging_mixin.py:109} INFO - [2024-05-19 02:30:45,155] {dagbag.py:500} INFO - Filling up the DagBag from /Users/nikhilanand/airflow_venv/lib/python3.9/site-packages/airflow/example_dags/example_trigger_controller_dag.py
[2024-05-19 02:30:45,172] {processor.py:654} INFO - DAG(s) dict_keys(['example_trigger_controller_dag']) retrieved from /Users/nikhilanand/airflow_venv/lib/python3.9/site-packages/airflow/example_dags/example_trigger_controller_dag.py
[2024-05-19 02:30:45,181] {logging_mixin.py:109} INFO - [2024-05-19 02:30:45,181] {dag.py:2396} INFO - Sync 1 DAGs
[2024-05-19 02:30:45,186] {logging_mixin.py:109} INFO - [2024-05-19 02:30:45,185] {dag.py:2935} INFO - Setting next_dagrun for example_trigger_controller_dag to 2021-01-01T00:00:00+00:00
[2024-05-19 02:30:45,190] {processor.py:171} INFO - Processing /Users/nikhilanand/airflow_venv/lib/python3.9/site-packages/airflow/example_dags/example_trigger_controller_dag.py took 0.036 seconds
[2024-05-19 02:32:08,296] {processor.py:163} INFO - Started process (PID=34436) to work on /Users/nikhilanand/airflow_venv/lib/python3.9/site-packages/airflow/example_dags/example_trigger_controller_dag.py
[2024-05-19 02:32:08,297] {processor.py:642} INFO - Processing file /Users/nikhilanand/airflow_venv/lib/python3.9/site-packages/airflow/example_dags/example_trigger_controller_dag.py for tasks to queue
[2024-05-19 02:32:08,297] {logging_mixin.py:109} INFO - [2024-05-19 02:32:08,297] {dagbag.py:500} INFO - Filling up the DagBag from /Users/nikhilanand/airflow_venv/lib/python3.9/site-packages/airflow/example_dags/example_trigger_controller_dag.py
[2024-05-19 02:32:08,313] {processor.py:654} INFO - DAG(s) dict_keys(['example_trigger_controller_dag']) retrieved from /Users/nikhilanand/airflow_venv/lib/python3.9/site-packages/airflow/example_dags/example_trigger_controller_dag.py
[2024-05-19 02:32:08,322] {logging_mixin.py:109} INFO - [2024-05-19 02:32:08,322] {dag.py:2396} INFO - Sync 1 DAGs
[2024-05-19 02:32:08,327] {logging_mixin.py:109} INFO - [2024-05-19 02:32:08,327] {dag.py:2935} INFO - Setting next_dagrun for example_trigger_controller_dag to 2021-01-01T00:00:00+00:00
[2024-05-19 02:32:08,330] {processor.py:171} INFO - Processing /Users/nikhilanand/airflow_venv/lib/python3.9/site-packages/airflow/example_dags/example_trigger_controller_dag.py took 0.035 seconds
[2024-05-19 02:33:27,222] {processor.py:163} INFO - Started process (PID=35348) to work on /Users/nikhilanand/airflow_venv/lib/python3.9/site-packages/airflow/example_dags/example_trigger_controller_dag.py
[2024-05-19 02:33:27,222] {processor.py:642} INFO - Processing file /Users/nikhilanand/airflow_venv/lib/python3.9/site-packages/airflow/example_dags/example_trigger_controller_dag.py for tasks to queue
[2024-05-19 02:33:27,222] {logging_mixin.py:109} INFO - [2024-05-19 02:33:27,222] {dagbag.py:500} INFO - Filling up the DagBag from /Users/nikhilanand/airflow_venv/lib/python3.9/site-packages/airflow/example_dags/example_trigger_controller_dag.py
[2024-05-19 02:33:27,237] {processor.py:654} INFO - DAG(s) dict_keys(['example_trigger_controller_dag']) retrieved from /Users/nikhilanand/airflow_venv/lib/python3.9/site-packages/airflow/example_dags/example_trigger_controller_dag.py
[2024-05-19 02:33:27,245] {logging_mixin.py:109} INFO - [2024-05-19 02:33:27,245] {dag.py:2396} INFO - Sync 1 DAGs
[2024-05-19 02:33:27,250] {logging_mixin.py:109} INFO - [2024-05-19 02:33:27,250] {dag.py:2935} INFO - Setting next_dagrun for example_trigger_controller_dag to 2021-01-01T00:00:00+00:00
[2024-05-19 02:33:27,253] {processor.py:171} INFO - Processing /Users/nikhilanand/airflow_venv/lib/python3.9/site-packages/airflow/example_dags/example_trigger_controller_dag.py took 0.032 seconds
[2024-05-19 02:35:50,026] {processor.py:163} INFO - Started process (PID=36964) to work on /Users/nikhilanand/airflow_venv/lib/python3.9/site-packages/airflow/example_dags/example_trigger_controller_dag.py
[2024-05-19 02:35:50,028] {processor.py:642} INFO - Processing file /Users/nikhilanand/airflow_venv/lib/python3.9/site-packages/airflow/example_dags/example_trigger_controller_dag.py for tasks to queue
[2024-05-19 02:35:50,028] {logging_mixin.py:109} INFO - [2024-05-19 02:35:50,028] {dagbag.py:500} INFO - Filling up the DagBag from /Users/nikhilanand/airflow_venv/lib/python3.9/site-packages/airflow/example_dags/example_trigger_controller_dag.py
[2024-05-19 02:35:50,043] {processor.py:654} INFO - DAG(s) dict_keys(['example_trigger_controller_dag']) retrieved from /Users/nikhilanand/airflow_venv/lib/python3.9/site-packages/airflow/example_dags/example_trigger_controller_dag.py
[2024-05-19 02:35:50,051] {logging_mixin.py:109} INFO - [2024-05-19 02:35:50,051] {dag.py:2396} INFO - Sync 1 DAGs
[2024-05-19 02:35:50,055] {logging_mixin.py:109} INFO - [2024-05-19 02:35:50,055] {dag.py:2935} INFO - Setting next_dagrun for example_trigger_controller_dag to 2021-01-01T00:00:00+00:00
[2024-05-19 02:35:50,058] {processor.py:171} INFO - Processing /Users/nikhilanand/airflow_venv/lib/python3.9/site-packages/airflow/example_dags/example_trigger_controller_dag.py took 0.032 seconds
[2024-05-19 02:36:41,847] {processor.py:163} INFO - Started process (PID=37567) to work on /Users/nikhilanand/airflow_venv/lib/python3.9/site-packages/airflow/example_dags/example_trigger_controller_dag.py
[2024-05-19 02:36:41,848] {processor.py:642} INFO - Processing file /Users/nikhilanand/airflow_venv/lib/python3.9/site-packages/airflow/example_dags/example_trigger_controller_dag.py for tasks to queue
[2024-05-19 02:36:41,848] {logging_mixin.py:109} INFO - [2024-05-19 02:36:41,848] {dagbag.py:500} INFO - Filling up the DagBag from /Users/nikhilanand/airflow_venv/lib/python3.9/site-packages/airflow/example_dags/example_trigger_controller_dag.py
[2024-05-19 02:36:41,863] {processor.py:654} INFO - DAG(s) dict_keys(['example_trigger_controller_dag']) retrieved from /Users/nikhilanand/airflow_venv/lib/python3.9/site-packages/airflow/example_dags/example_trigger_controller_dag.py
[2024-05-19 02:36:41,871] {logging_mixin.py:109} INFO - [2024-05-19 02:36:41,871] {dag.py:2396} INFO - Sync 1 DAGs
[2024-05-19 02:36:41,875] {logging_mixin.py:109} INFO - [2024-05-19 02:36:41,875] {dag.py:2935} INFO - Setting next_dagrun for example_trigger_controller_dag to 2021-01-01T00:00:00+00:00
[2024-05-19 02:36:41,879] {processor.py:171} INFO - Processing /Users/nikhilanand/airflow_venv/lib/python3.9/site-packages/airflow/example_dags/example_trigger_controller_dag.py took 0.032 seconds
