[2024-05-19 02:28:37,700] {processor.py:163} INFO - Started process (PID=32034) to work on /Users/nikhilanand/airflow_venv/lib/python3.9/site-packages/airflow/example_dags/example_branch_labels.py
[2024-05-19 02:28:37,700] {processor.py:642} INFO - Processing file /Users/nikhilanand/airflow_venv/lib/python3.9/site-packages/airflow/example_dags/example_branch_labels.py for tasks to queue
[2024-05-19 02:28:37,701] {logging_mixin.py:109} INFO - [2024-05-19 02:28:37,701] {dagbag.py:500} INFO - Filling up the DagBag from /Users/nikhilanand/airflow_venv/lib/python3.9/site-packages/airflow/example_dags/example_branch_labels.py
[2024-05-19 02:28:37,716] {processor.py:654} INFO - DAG(s) dict_keys(['example_branch_labels']) retrieved from /Users/nikhilanand/airflow_venv/lib/python3.9/site-packages/airflow/example_dags/example_branch_labels.py
[2024-05-19 02:28:37,726] {logging_mixin.py:109} INFO - [2024-05-19 02:28:37,726] {dag.py:2396} INFO - Sync 1 DAGs
[2024-05-19 02:28:37,732] {logging_mixin.py:109} INFO - [2024-05-19 02:28:37,732] {dag.py:2935} INFO - Setting next_dagrun for example_branch_labels to 2024-05-17 00:00:00+00:00
[2024-05-19 02:28:37,736] {processor.py:171} INFO - Processing /Users/nikhilanand/airflow_venv/lib/python3.9/site-packages/airflow/example_dags/example_branch_labels.py took 0.036 seconds
[2024-05-19 02:30:18,490] {processor.py:163} INFO - Started process (PID=33208) to work on /Users/nikhilanand/airflow_venv/lib/python3.9/site-packages/airflow/example_dags/example_branch_labels.py
[2024-05-19 02:30:18,491] {processor.py:642} INFO - Processing file /Users/nikhilanand/airflow_venv/lib/python3.9/site-packages/airflow/example_dags/example_branch_labels.py for tasks to queue
[2024-05-19 02:30:18,491] {logging_mixin.py:109} INFO - [2024-05-19 02:30:18,491] {dagbag.py:500} INFO - Filling up the DagBag from /Users/nikhilanand/airflow_venv/lib/python3.9/site-packages/airflow/example_dags/example_branch_labels.py
[2024-05-19 02:30:18,506] {processor.py:654} INFO - DAG(s) dict_keys(['example_branch_labels']) retrieved from /Users/nikhilanand/airflow_venv/lib/python3.9/site-packages/airflow/example_dags/example_branch_labels.py
[2024-05-19 02:30:18,515] {logging_mixin.py:109} INFO - [2024-05-19 02:30:18,515] {dag.py:2396} INFO - Sync 1 DAGs
[2024-05-19 02:30:18,520] {logging_mixin.py:109} INFO - [2024-05-19 02:30:18,520] {dag.py:2935} INFO - Setting next_dagrun for example_branch_labels to 2024-05-17 00:00:00+00:00
[2024-05-19 02:30:18,523] {processor.py:171} INFO - Processing /Users/nikhilanand/airflow_venv/lib/python3.9/site-packages/airflow/example_dags/example_branch_labels.py took 0.033 seconds
[2024-05-19 02:32:33,177] {processor.py:163} INFO - Started process (PID=34727) to work on /Users/nikhilanand/airflow_venv/lib/python3.9/site-packages/airflow/example_dags/example_branch_labels.py
[2024-05-19 02:32:33,178] {processor.py:642} INFO - Processing file /Users/nikhilanand/airflow_venv/lib/python3.9/site-packages/airflow/example_dags/example_branch_labels.py for tasks to queue
[2024-05-19 02:32:33,178] {logging_mixin.py:109} INFO - [2024-05-19 02:32:33,178] {dagbag.py:500} INFO - Filling up the DagBag from /Users/nikhilanand/airflow_venv/lib/python3.9/site-packages/airflow/example_dags/example_branch_labels.py
[2024-05-19 02:32:33,195] {processor.py:654} INFO - DAG(s) dict_keys(['example_branch_labels']) retrieved from /Users/nikhilanand/airflow_venv/lib/python3.9/site-packages/airflow/example_dags/example_branch_labels.py
[2024-05-19 02:32:33,205] {logging_mixin.py:109} INFO - [2024-05-19 02:32:33,205] {dag.py:2396} INFO - Sync 1 DAGs
[2024-05-19 02:32:33,211] {logging_mixin.py:109} INFO - [2024-05-19 02:32:33,211] {dag.py:2935} INFO - Setting next_dagrun for example_branch_labels to 2024-05-17 00:00:00+00:00
[2024-05-19 02:32:33,214] {processor.py:171} INFO - Processing /Users/nikhilanand/airflow_venv/lib/python3.9/site-packages/airflow/example_dags/example_branch_labels.py took 0.038 seconds
[2024-05-19 02:35:23,882] {processor.py:163} INFO - Started process (PID=36672) to work on /Users/nikhilanand/airflow_venv/lib/python3.9/site-packages/airflow/example_dags/example_branch_labels.py
[2024-05-19 02:35:23,883] {processor.py:642} INFO - Processing file /Users/nikhilanand/airflow_venv/lib/python3.9/site-packages/airflow/example_dags/example_branch_labels.py for tasks to queue
[2024-05-19 02:35:23,883] {logging_mixin.py:109} INFO - [2024-05-19 02:35:23,883] {dagbag.py:500} INFO - Filling up the DagBag from /Users/nikhilanand/airflow_venv/lib/python3.9/site-packages/airflow/example_dags/example_branch_labels.py
[2024-05-19 02:35:23,899] {processor.py:654} INFO - DAG(s) dict_keys(['example_branch_labels']) retrieved from /Users/nikhilanand/airflow_venv/lib/python3.9/site-packages/airflow/example_dags/example_branch_labels.py
[2024-05-19 02:35:23,907] {logging_mixin.py:109} INFO - [2024-05-19 02:35:23,907] {dag.py:2396} INFO - Sync 1 DAGs
[2024-05-19 02:35:23,912] {logging_mixin.py:109} INFO - [2024-05-19 02:35:23,912] {dag.py:2935} INFO - Setting next_dagrun for example_branch_labels to 2024-05-17 00:00:00+00:00
[2024-05-19 02:35:23,915] {processor.py:171} INFO - Processing /Users/nikhilanand/airflow_venv/lib/python3.9/site-packages/airflow/example_dags/example_branch_labels.py took 0.033 seconds
[2024-05-19 02:36:47,699] {processor.py:163} INFO - Started process (PID=37636) to work on /Users/nikhilanand/airflow_venv/lib/python3.9/site-packages/airflow/example_dags/example_branch_labels.py
[2024-05-19 02:36:47,699] {processor.py:642} INFO - Processing file /Users/nikhilanand/airflow_venv/lib/python3.9/site-packages/airflow/example_dags/example_branch_labels.py for tasks to queue
[2024-05-19 02:36:47,699] {logging_mixin.py:109} INFO - [2024-05-19 02:36:47,699] {dagbag.py:500} INFO - Filling up the DagBag from /Users/nikhilanand/airflow_venv/lib/python3.9/site-packages/airflow/example_dags/example_branch_labels.py
[2024-05-19 02:36:47,715] {processor.py:654} INFO - DAG(s) dict_keys(['example_branch_labels']) retrieved from /Users/nikhilanand/airflow_venv/lib/python3.9/site-packages/airflow/example_dags/example_branch_labels.py
[2024-05-19 02:36:47,724] {logging_mixin.py:109} INFO - [2024-05-19 02:36:47,724] {dag.py:2396} INFO - Sync 1 DAGs
[2024-05-19 02:36:47,729] {logging_mixin.py:109} INFO - [2024-05-19 02:36:47,729] {dag.py:2935} INFO - Setting next_dagrun for example_branch_labels to 2024-05-17 00:00:00+00:00
[2024-05-19 02:36:47,733] {processor.py:171} INFO - Processing /Users/nikhilanand/airflow_venv/lib/python3.9/site-packages/airflow/example_dags/example_branch_labels.py took 0.034 seconds
