[2024-05-19 02:27:55,283] {processor.py:163} INFO - Started process (PID=31156) to work on /Users/nikhilanand/airflow_venv/lib/python3.9/site-packages/airflow/example_dags/example_xcomargs.py
[2024-05-19 02:27:55,283] {processor.py:642} INFO - Processing file /Users/nikhilanand/airflow_venv/lib/python3.9/site-packages/airflow/example_dags/example_xcomargs.py for tasks to queue
[2024-05-19 02:27:55,283] {logging_mixin.py:109} INFO - [2024-05-19 02:27:55,283] {dagbag.py:500} INFO - Filling up the DagBag from /Users/nikhilanand/airflow_venv/lib/python3.9/site-packages/airflow/example_dags/example_xcomargs.py
[2024-05-19 02:27:55,311] {processor.py:654} INFO - DAG(s) dict_keys(['example_xcom_args', 'example_xcom_args_with_operators']) retrieved from /Users/nikhilanand/airflow_venv/lib/python3.9/site-packages/airflow/example_dags/example_xcomargs.py
[2024-05-19 02:27:55,442] {logging_mixin.py:109} INFO - [2024-05-19 02:27:55,442] {dag.py:2396} INFO - Sync 2 DAGs
[2024-05-19 02:27:55,447] {logging_mixin.py:109} INFO - [2024-05-19 02:27:55,447] {dag.py:2935} INFO - Setting next_dagrun for example_xcom_args to None
[2024-05-19 02:27:55,447] {logging_mixin.py:109} INFO - [2024-05-19 02:27:55,447] {dag.py:2935} INFO - Setting next_dagrun for example_xcom_args_with_operators to None
[2024-05-19 02:27:55,452] {processor.py:171} INFO - Processing /Users/nikhilanand/airflow_venv/lib/python3.9/site-packages/airflow/example_dags/example_xcomargs.py took 0.169 seconds
[2024-05-19 02:28:59,092] {processor.py:163} INFO - Started process (PID=32283) to work on /Users/nikhilanand/airflow_venv/lib/python3.9/site-packages/airflow/example_dags/example_xcomargs.py
[2024-05-19 02:28:59,093] {processor.py:642} INFO - Processing file /Users/nikhilanand/airflow_venv/lib/python3.9/site-packages/airflow/example_dags/example_xcomargs.py for tasks to queue
[2024-05-19 02:28:59,093] {logging_mixin.py:109} INFO - [2024-05-19 02:28:59,093] {dagbag.py:500} INFO - Filling up the DagBag from /Users/nikhilanand/airflow_venv/lib/python3.9/site-packages/airflow/example_dags/example_xcomargs.py
[2024-05-19 02:28:59,119] {processor.py:654} INFO - DAG(s) dict_keys(['example_xcom_args', 'example_xcom_args_with_operators']) retrieved from /Users/nikhilanand/airflow_venv/lib/python3.9/site-packages/airflow/example_dags/example_xcomargs.py
[2024-05-19 02:28:59,236] {logging_mixin.py:109} INFO - [2024-05-19 02:28:59,236] {dag.py:2396} INFO - Sync 2 DAGs
[2024-05-19 02:28:59,241] {logging_mixin.py:109} INFO - [2024-05-19 02:28:59,241] {dag.py:2935} INFO - Setting next_dagrun for example_xcom_args to None
[2024-05-19 02:28:59,241] {logging_mixin.py:109} INFO - [2024-05-19 02:28:59,241] {dag.py:2935} INFO - Setting next_dagrun for example_xcom_args_with_operators to None
[2024-05-19 02:28:59,245] {processor.py:171} INFO - Processing /Users/nikhilanand/airflow_venv/lib/python3.9/site-packages/airflow/example_dags/example_xcomargs.py took 0.153 seconds
[2024-05-19 02:30:39,189] {processor.py:163} INFO - Started process (PID=33434) to work on /Users/nikhilanand/airflow_venv/lib/python3.9/site-packages/airflow/example_dags/example_xcomargs.py
[2024-05-19 02:30:39,190] {processor.py:642} INFO - Processing file /Users/nikhilanand/airflow_venv/lib/python3.9/site-packages/airflow/example_dags/example_xcomargs.py for tasks to queue
[2024-05-19 02:30:39,190] {logging_mixin.py:109} INFO - [2024-05-19 02:30:39,190] {dagbag.py:500} INFO - Filling up the DagBag from /Users/nikhilanand/airflow_venv/lib/python3.9/site-packages/airflow/example_dags/example_xcomargs.py
[2024-05-19 02:30:39,214] {processor.py:654} INFO - DAG(s) dict_keys(['example_xcom_args', 'example_xcom_args_with_operators']) retrieved from /Users/nikhilanand/airflow_venv/lib/python3.9/site-packages/airflow/example_dags/example_xcomargs.py
[2024-05-19 02:30:39,338] {logging_mixin.py:109} INFO - [2024-05-19 02:30:39,338] {dag.py:2396} INFO - Sync 2 DAGs
[2024-05-19 02:30:39,343] {logging_mixin.py:109} INFO - [2024-05-19 02:30:39,343] {dag.py:2935} INFO - Setting next_dagrun for example_xcom_args to None
[2024-05-19 02:30:39,343] {logging_mixin.py:109} INFO - [2024-05-19 02:30:39,343] {dag.py:2935} INFO - Setting next_dagrun for example_xcom_args_with_operators to None
[2024-05-19 02:30:39,348] {processor.py:171} INFO - Processing /Users/nikhilanand/airflow_venv/lib/python3.9/site-packages/airflow/example_dags/example_xcomargs.py took 0.159 seconds
[2024-05-19 02:32:02,109] {processor.py:163} INFO - Started process (PID=34368) to work on /Users/nikhilanand/airflow_venv/lib/python3.9/site-packages/airflow/example_dags/example_xcomargs.py
[2024-05-19 02:32:02,111] {processor.py:642} INFO - Processing file /Users/nikhilanand/airflow_venv/lib/python3.9/site-packages/airflow/example_dags/example_xcomargs.py for tasks to queue
[2024-05-19 02:32:02,111] {logging_mixin.py:109} INFO - [2024-05-19 02:32:02,111] {dagbag.py:500} INFO - Filling up the DagBag from /Users/nikhilanand/airflow_venv/lib/python3.9/site-packages/airflow/example_dags/example_xcomargs.py
[2024-05-19 02:32:02,136] {processor.py:654} INFO - DAG(s) dict_keys(['example_xcom_args', 'example_xcom_args_with_operators']) retrieved from /Users/nikhilanand/airflow_venv/lib/python3.9/site-packages/airflow/example_dags/example_xcomargs.py
[2024-05-19 02:32:02,254] {logging_mixin.py:109} INFO - [2024-05-19 02:32:02,254] {dag.py:2396} INFO - Sync 2 DAGs
[2024-05-19 02:32:02,258] {logging_mixin.py:109} INFO - [2024-05-19 02:32:02,258] {dag.py:2935} INFO - Setting next_dagrun for example_xcom_args to None
[2024-05-19 02:32:02,258] {logging_mixin.py:109} INFO - [2024-05-19 02:32:02,258] {dag.py:2935} INFO - Setting next_dagrun for example_xcom_args_with_operators to None
[2024-05-19 02:32:02,263] {processor.py:171} INFO - Processing /Users/nikhilanand/airflow_venv/lib/python3.9/site-packages/airflow/example_dags/example_xcomargs.py took 0.153 seconds
[2024-05-19 02:33:22,189] {processor.py:163} INFO - Started process (PID=35289) to work on /Users/nikhilanand/airflow_venv/lib/python3.9/site-packages/airflow/example_dags/example_xcomargs.py
[2024-05-19 02:33:22,190] {processor.py:642} INFO - Processing file /Users/nikhilanand/airflow_venv/lib/python3.9/site-packages/airflow/example_dags/example_xcomargs.py for tasks to queue
[2024-05-19 02:33:22,190] {logging_mixin.py:109} INFO - [2024-05-19 02:33:22,190] {dagbag.py:500} INFO - Filling up the DagBag from /Users/nikhilanand/airflow_venv/lib/python3.9/site-packages/airflow/example_dags/example_xcomargs.py
[2024-05-19 02:33:22,214] {processor.py:654} INFO - DAG(s) dict_keys(['example_xcom_args', 'example_xcom_args_with_operators']) retrieved from /Users/nikhilanand/airflow_venv/lib/python3.9/site-packages/airflow/example_dags/example_xcomargs.py
[2024-05-19 02:33:22,332] {logging_mixin.py:109} INFO - [2024-05-19 02:33:22,332] {dag.py:2396} INFO - Sync 2 DAGs
[2024-05-19 02:33:22,337] {logging_mixin.py:109} INFO - [2024-05-19 02:33:22,337] {dag.py:2935} INFO - Setting next_dagrun for example_xcom_args to None
[2024-05-19 02:33:22,337] {logging_mixin.py:109} INFO - [2024-05-19 02:33:22,337] {dag.py:2935} INFO - Setting next_dagrun for example_xcom_args_with_operators to None
[2024-05-19 02:33:22,341] {processor.py:171} INFO - Processing /Users/nikhilanand/airflow_venv/lib/python3.9/site-packages/airflow/example_dags/example_xcomargs.py took 0.152 seconds
[2024-05-19 02:35:44,149] {processor.py:163} INFO - Started process (PID=36898) to work on /Users/nikhilanand/airflow_venv/lib/python3.9/site-packages/airflow/example_dags/example_xcomargs.py
[2024-05-19 02:35:44,150] {processor.py:642} INFO - Processing file /Users/nikhilanand/airflow_venv/lib/python3.9/site-packages/airflow/example_dags/example_xcomargs.py for tasks to queue
[2024-05-19 02:35:44,150] {logging_mixin.py:109} INFO - [2024-05-19 02:35:44,150] {dagbag.py:500} INFO - Filling up the DagBag from /Users/nikhilanand/airflow_venv/lib/python3.9/site-packages/airflow/example_dags/example_xcomargs.py
[2024-05-19 02:35:44,175] {processor.py:654} INFO - DAG(s) dict_keys(['example_xcom_args', 'example_xcom_args_with_operators']) retrieved from /Users/nikhilanand/airflow_venv/lib/python3.9/site-packages/airflow/example_dags/example_xcomargs.py
[2024-05-19 02:35:44,293] {logging_mixin.py:109} INFO - [2024-05-19 02:35:44,293] {dag.py:2396} INFO - Sync 2 DAGs
[2024-05-19 02:35:44,297] {logging_mixin.py:109} INFO - [2024-05-19 02:35:44,297] {dag.py:2935} INFO - Setting next_dagrun for example_xcom_args to None
[2024-05-19 02:35:44,297] {logging_mixin.py:109} INFO - [2024-05-19 02:35:44,297] {dag.py:2935} INFO - Setting next_dagrun for example_xcom_args_with_operators to None
[2024-05-19 02:35:44,301] {processor.py:171} INFO - Processing /Users/nikhilanand/airflow_venv/lib/python3.9/site-packages/airflow/example_dags/example_xcomargs.py took 0.153 seconds
[2024-05-19 02:36:35,870] {processor.py:163} INFO - Started process (PID=37497) to work on /Users/nikhilanand/airflow_venv/lib/python3.9/site-packages/airflow/example_dags/example_xcomargs.py
[2024-05-19 02:36:35,870] {processor.py:642} INFO - Processing file /Users/nikhilanand/airflow_venv/lib/python3.9/site-packages/airflow/example_dags/example_xcomargs.py for tasks to queue
[2024-05-19 02:36:35,871] {logging_mixin.py:109} INFO - [2024-05-19 02:36:35,871] {dagbag.py:500} INFO - Filling up the DagBag from /Users/nikhilanand/airflow_venv/lib/python3.9/site-packages/airflow/example_dags/example_xcomargs.py
[2024-05-19 02:36:35,895] {processor.py:654} INFO - DAG(s) dict_keys(['example_xcom_args', 'example_xcom_args_with_operators']) retrieved from /Users/nikhilanand/airflow_venv/lib/python3.9/site-packages/airflow/example_dags/example_xcomargs.py
[2024-05-19 02:36:36,014] {logging_mixin.py:109} INFO - [2024-05-19 02:36:36,014] {dag.py:2396} INFO - Sync 2 DAGs
[2024-05-19 02:36:36,019] {logging_mixin.py:109} INFO - [2024-05-19 02:36:36,019] {dag.py:2935} INFO - Setting next_dagrun for example_xcom_args to None
[2024-05-19 02:36:36,019] {logging_mixin.py:109} INFO - [2024-05-19 02:36:36,019] {dag.py:2935} INFO - Setting next_dagrun for example_xcom_args_with_operators to None
[2024-05-19 02:36:36,024] {processor.py:171} INFO - Processing /Users/nikhilanand/airflow_venv/lib/python3.9/site-packages/airflow/example_dags/example_xcomargs.py took 0.154 seconds
