[2024-05-19 02:28:22,164] {processor.py:163} INFO - Started process (PID=31832) to work on /Users/nikhilanand/airflow_venv/lib/python3.9/site-packages/airflow/example_dags/example_latest_only_with_trigger.py
[2024-05-19 02:28:22,164] {processor.py:642} INFO - Processing file /Users/nikhilanand/airflow_venv/lib/python3.9/site-packages/airflow/example_dags/example_latest_only_with_trigger.py for tasks to queue
[2024-05-19 02:28:22,164] {logging_mixin.py:109} INFO - [2024-05-19 02:28:22,164] {dagbag.py:500} INFO - Filling up the DagBag from /Users/nikhilanand/airflow_venv/lib/python3.9/site-packages/airflow/example_dags/example_latest_only_with_trigger.py
[2024-05-19 02:28:22,181] {processor.py:654} INFO - DAG(s) dict_keys(['latest_only_with_trigger']) retrieved from /Users/nikhilanand/airflow_venv/lib/python3.9/site-packages/airflow/example_dags/example_latest_only_with_trigger.py
[2024-05-19 02:28:22,190] {logging_mixin.py:109} INFO - [2024-05-19 02:28:22,190] {dag.py:2396} INFO - Sync 1 DAGs
[2024-05-19 02:28:22,194] {logging_mixin.py:109} INFO - [2024-05-19 02:28:22,194] {dag.py:2935} INFO - Setting next_dagrun for latest_only_with_trigger to 2024-05-18T16:58:22.194679+00:00
[2024-05-19 02:28:22,199] {processor.py:171} INFO - Processing /Users/nikhilanand/airflow_venv/lib/python3.9/site-packages/airflow/example_dags/example_latest_only_with_trigger.py took 0.036 seconds
[2024-05-19 02:30:03,764] {processor.py:163} INFO - Started process (PID=33031) to work on /Users/nikhilanand/airflow_venv/lib/python3.9/site-packages/airflow/example_dags/example_latest_only_with_trigger.py
[2024-05-19 02:30:03,765] {processor.py:642} INFO - Processing file /Users/nikhilanand/airflow_venv/lib/python3.9/site-packages/airflow/example_dags/example_latest_only_with_trigger.py for tasks to queue
[2024-05-19 02:30:03,765] {logging_mixin.py:109} INFO - [2024-05-19 02:30:03,765] {dagbag.py:500} INFO - Filling up the DagBag from /Users/nikhilanand/airflow_venv/lib/python3.9/site-packages/airflow/example_dags/example_latest_only_with_trigger.py
[2024-05-19 02:30:03,781] {processor.py:654} INFO - DAG(s) dict_keys(['latest_only_with_trigger']) retrieved from /Users/nikhilanand/airflow_venv/lib/python3.9/site-packages/airflow/example_dags/example_latest_only_with_trigger.py
[2024-05-19 02:30:03,790] {logging_mixin.py:109} INFO - [2024-05-19 02:30:03,790] {dag.py:2396} INFO - Sync 1 DAGs
[2024-05-19 02:30:03,794] {logging_mixin.py:109} INFO - [2024-05-19 02:30:03,794] {dag.py:2935} INFO - Setting next_dagrun for latest_only_with_trigger to 2024-05-18T17:00:03.794532+00:00
[2024-05-19 02:30:03,798] {processor.py:171} INFO - Processing /Users/nikhilanand/airflow_venv/lib/python3.9/site-packages/airflow/example_dags/example_latest_only_with_trigger.py took 0.034 seconds
[2024-05-19 02:32:17,895] {processor.py:163} INFO - Started process (PID=34548) to work on /Users/nikhilanand/airflow_venv/lib/python3.9/site-packages/airflow/example_dags/example_latest_only_with_trigger.py
[2024-05-19 02:32:17,895] {processor.py:642} INFO - Processing file /Users/nikhilanand/airflow_venv/lib/python3.9/site-packages/airflow/example_dags/example_latest_only_with_trigger.py for tasks to queue
[2024-05-19 02:32:17,895] {logging_mixin.py:109} INFO - [2024-05-19 02:32:17,895] {dagbag.py:500} INFO - Filling up the DagBag from /Users/nikhilanand/airflow_venv/lib/python3.9/site-packages/airflow/example_dags/example_latest_only_with_trigger.py
[2024-05-19 02:32:17,911] {processor.py:654} INFO - DAG(s) dict_keys(['latest_only_with_trigger']) retrieved from /Users/nikhilanand/airflow_venv/lib/python3.9/site-packages/airflow/example_dags/example_latest_only_with_trigger.py
[2024-05-19 02:32:17,921] {logging_mixin.py:109} INFO - [2024-05-19 02:32:17,921] {dag.py:2396} INFO - Sync 1 DAGs
[2024-05-19 02:32:17,931] {logging_mixin.py:109} INFO - [2024-05-19 02:32:17,931] {dag.py:2935} INFO - Setting next_dagrun for latest_only_with_trigger to 2024-05-18T17:02:17.931085+00:00
[2024-05-19 02:32:17,935] {processor.py:171} INFO - Processing /Users/nikhilanand/airflow_venv/lib/python3.9/site-packages/airflow/example_dags/example_latest_only_with_trigger.py took 0.040 seconds
[2024-05-19 02:33:57,991] {processor.py:163} INFO - Started process (PID=35695) to work on /Users/nikhilanand/airflow_venv/lib/python3.9/site-packages/airflow/example_dags/example_latest_only_with_trigger.py
[2024-05-19 02:33:57,991] {processor.py:642} INFO - Processing file /Users/nikhilanand/airflow_venv/lib/python3.9/site-packages/airflow/example_dags/example_latest_only_with_trigger.py for tasks to queue
[2024-05-19 02:33:57,991] {logging_mixin.py:109} INFO - [2024-05-19 02:33:57,991] {dagbag.py:500} INFO - Filling up the DagBag from /Users/nikhilanand/airflow_venv/lib/python3.9/site-packages/airflow/example_dags/example_latest_only_with_trigger.py
[2024-05-19 02:33:58,033] {processor.py:654} INFO - DAG(s) dict_keys(['latest_only_with_trigger']) retrieved from /Users/nikhilanand/airflow_venv/lib/python3.9/site-packages/airflow/example_dags/example_latest_only_with_trigger.py
[2024-05-19 02:33:58,047] {logging_mixin.py:109} INFO - [2024-05-19 02:33:58,047] {dag.py:2396} INFO - Sync 1 DAGs
[2024-05-19 02:33:58,055] {logging_mixin.py:109} INFO - [2024-05-19 02:33:58,055] {dag.py:2935} INFO - Setting next_dagrun for latest_only_with_trigger to 2024-05-18T17:03:58.055388+00:00
[2024-05-19 02:33:58,060] {processor.py:171} INFO - Processing /Users/nikhilanand/airflow_venv/lib/python3.9/site-packages/airflow/example_dags/example_latest_only_with_trigger.py took 0.070 seconds
[2024-05-19 02:36:10,763] {processor.py:163} INFO - Started process (PID=37195) to work on /Users/nikhilanand/airflow_venv/lib/python3.9/site-packages/airflow/example_dags/example_latest_only_with_trigger.py
[2024-05-19 02:36:10,765] {processor.py:642} INFO - Processing file /Users/nikhilanand/airflow_venv/lib/python3.9/site-packages/airflow/example_dags/example_latest_only_with_trigger.py for tasks to queue
[2024-05-19 02:36:10,765] {logging_mixin.py:109} INFO - [2024-05-19 02:36:10,765] {dagbag.py:500} INFO - Filling up the DagBag from /Users/nikhilanand/airflow_venv/lib/python3.9/site-packages/airflow/example_dags/example_latest_only_with_trigger.py
[2024-05-19 02:36:10,780] {processor.py:654} INFO - DAG(s) dict_keys(['latest_only_with_trigger']) retrieved from /Users/nikhilanand/airflow_venv/lib/python3.9/site-packages/airflow/example_dags/example_latest_only_with_trigger.py
[2024-05-19 02:36:10,789] {logging_mixin.py:109} INFO - [2024-05-19 02:36:10,789] {dag.py:2396} INFO - Sync 1 DAGs
[2024-05-19 02:36:10,793] {logging_mixin.py:109} INFO - [2024-05-19 02:36:10,793] {dag.py:2935} INFO - Setting next_dagrun for latest_only_with_trigger to 2024-05-18T17:06:10.793526+00:00
[2024-05-19 02:36:10,797] {processor.py:171} INFO - Processing /Users/nikhilanand/airflow_venv/lib/python3.9/site-packages/airflow/example_dags/example_latest_only_with_trigger.py took 0.034 seconds
