[2024-05-19 02:27:51,509] {processor.py:163} INFO - Started process (PID=31107) to work on /Users/nikhilanand/airflow_venv/lib/python3.9/site-packages/airflow/example_dags/tutorial_etl_dag.py
[2024-05-19 02:27:51,510] {processor.py:642} INFO - Processing file /Users/nikhilanand/airflow_venv/lib/python3.9/site-packages/airflow/example_dags/tutorial_etl_dag.py for tasks to queue
[2024-05-19 02:27:51,510] {logging_mixin.py:109} INFO - [2024-05-19 02:27:51,510] {dagbag.py:500} INFO - Filling up the DagBag from /Users/nikhilanand/airflow_venv/lib/python3.9/site-packages/airflow/example_dags/tutorial_etl_dag.py
[2024-05-19 02:27:51,531] {processor.py:654} INFO - DAG(s) dict_keys(['tutorial_etl_dag']) retrieved from /Users/nikhilanand/airflow_venv/lib/python3.9/site-packages/airflow/example_dags/tutorial_etl_dag.py
[2024-05-19 02:27:51,536] {logging_mixin.py:109} INFO - [2024-05-19 02:27:51,536] {dag.py:2396} INFO - Sync 1 DAGs
[2024-05-19 02:27:51,543] {logging_mixin.py:109} INFO - [2024-05-19 02:27:51,543] {dag.py:2935} INFO - Setting next_dagrun for tutorial_etl_dag to None
[2024-05-19 02:27:51,547] {processor.py:171} INFO - Processing /Users/nikhilanand/airflow_venv/lib/python3.9/site-packages/airflow/example_dags/tutorial_etl_dag.py took 0.037 seconds
[2024-05-19 02:28:55,326] {processor.py:163} INFO - Started process (PID=32244) to work on /Users/nikhilanand/airflow_venv/lib/python3.9/site-packages/airflow/example_dags/tutorial_etl_dag.py
[2024-05-19 02:28:55,326] {processor.py:642} INFO - Processing file /Users/nikhilanand/airflow_venv/lib/python3.9/site-packages/airflow/example_dags/tutorial_etl_dag.py for tasks to queue
[2024-05-19 02:28:55,326] {logging_mixin.py:109} INFO - [2024-05-19 02:28:55,326] {dagbag.py:500} INFO - Filling up the DagBag from /Users/nikhilanand/airflow_venv/lib/python3.9/site-packages/airflow/example_dags/tutorial_etl_dag.py
[2024-05-19 02:28:55,349] {processor.py:654} INFO - DAG(s) dict_keys(['tutorial_etl_dag']) retrieved from /Users/nikhilanand/airflow_venv/lib/python3.9/site-packages/airflow/example_dags/tutorial_etl_dag.py
[2024-05-19 02:28:55,357] {logging_mixin.py:109} INFO - [2024-05-19 02:28:55,357] {dag.py:2396} INFO - Sync 1 DAGs
[2024-05-19 02:28:55,362] {logging_mixin.py:109} INFO - [2024-05-19 02:28:55,362] {dag.py:2935} INFO - Setting next_dagrun for tutorial_etl_dag to None
[2024-05-19 02:28:55,366] {processor.py:171} INFO - Processing /Users/nikhilanand/airflow_venv/lib/python3.9/site-packages/airflow/example_dags/tutorial_etl_dag.py took 0.041 seconds
[2024-05-19 02:30:35,289] {processor.py:163} INFO - Started process (PID=33387) to work on /Users/nikhilanand/airflow_venv/lib/python3.9/site-packages/airflow/example_dags/tutorial_etl_dag.py
[2024-05-19 02:30:35,291] {processor.py:642} INFO - Processing file /Users/nikhilanand/airflow_venv/lib/python3.9/site-packages/airflow/example_dags/tutorial_etl_dag.py for tasks to queue
[2024-05-19 02:30:35,291] {logging_mixin.py:109} INFO - [2024-05-19 02:30:35,291] {dagbag.py:500} INFO - Filling up the DagBag from /Users/nikhilanand/airflow_venv/lib/python3.9/site-packages/airflow/example_dags/tutorial_etl_dag.py
[2024-05-19 02:30:35,313] {processor.py:654} INFO - DAG(s) dict_keys(['tutorial_etl_dag']) retrieved from /Users/nikhilanand/airflow_venv/lib/python3.9/site-packages/airflow/example_dags/tutorial_etl_dag.py
[2024-05-19 02:30:35,321] {logging_mixin.py:109} INFO - [2024-05-19 02:30:35,321] {dag.py:2396} INFO - Sync 1 DAGs
[2024-05-19 02:30:35,326] {logging_mixin.py:109} INFO - [2024-05-19 02:30:35,326] {dag.py:2935} INFO - Setting next_dagrun for tutorial_etl_dag to None
[2024-05-19 02:30:35,330] {processor.py:171} INFO - Processing /Users/nikhilanand/airflow_venv/lib/python3.9/site-packages/airflow/example_dags/tutorial_etl_dag.py took 0.041 seconds
[2024-05-19 02:31:58,350] {processor.py:163} INFO - Started process (PID=34319) to work on /Users/nikhilanand/airflow_venv/lib/python3.9/site-packages/airflow/example_dags/tutorial_etl_dag.py
[2024-05-19 02:31:58,351] {processor.py:642} INFO - Processing file /Users/nikhilanand/airflow_venv/lib/python3.9/site-packages/airflow/example_dags/tutorial_etl_dag.py for tasks to queue
[2024-05-19 02:31:58,351] {logging_mixin.py:109} INFO - [2024-05-19 02:31:58,351] {dagbag.py:500} INFO - Filling up the DagBag from /Users/nikhilanand/airflow_venv/lib/python3.9/site-packages/airflow/example_dags/tutorial_etl_dag.py
[2024-05-19 02:31:58,373] {processor.py:654} INFO - DAG(s) dict_keys(['tutorial_etl_dag']) retrieved from /Users/nikhilanand/airflow_venv/lib/python3.9/site-packages/airflow/example_dags/tutorial_etl_dag.py
[2024-05-19 02:31:58,382] {logging_mixin.py:109} INFO - [2024-05-19 02:31:58,382] {dag.py:2396} INFO - Sync 1 DAGs
[2024-05-19 02:31:58,387] {logging_mixin.py:109} INFO - [2024-05-19 02:31:58,387] {dag.py:2935} INFO - Setting next_dagrun for tutorial_etl_dag to None
[2024-05-19 02:31:58,391] {processor.py:171} INFO - Processing /Users/nikhilanand/airflow_venv/lib/python3.9/site-packages/airflow/example_dags/tutorial_etl_dag.py took 0.041 seconds
[2024-05-19 02:33:16,882] {processor.py:163} INFO - Started process (PID=35220) to work on /Users/nikhilanand/airflow_venv/lib/python3.9/site-packages/airflow/example_dags/tutorial_etl_dag.py
[2024-05-19 02:33:16,883] {processor.py:642} INFO - Processing file /Users/nikhilanand/airflow_venv/lib/python3.9/site-packages/airflow/example_dags/tutorial_etl_dag.py for tasks to queue
[2024-05-19 02:33:16,883] {logging_mixin.py:109} INFO - [2024-05-19 02:33:16,883] {dagbag.py:500} INFO - Filling up the DagBag from /Users/nikhilanand/airflow_venv/lib/python3.9/site-packages/airflow/example_dags/tutorial_etl_dag.py
[2024-05-19 02:33:16,907] {processor.py:654} INFO - DAG(s) dict_keys(['tutorial_etl_dag']) retrieved from /Users/nikhilanand/airflow_venv/lib/python3.9/site-packages/airflow/example_dags/tutorial_etl_dag.py
[2024-05-19 02:33:16,916] {logging_mixin.py:109} INFO - [2024-05-19 02:33:16,916] {dag.py:2396} INFO - Sync 1 DAGs
[2024-05-19 02:33:16,922] {logging_mixin.py:109} INFO - [2024-05-19 02:33:16,921] {dag.py:2935} INFO - Setting next_dagrun for tutorial_etl_dag to None
[2024-05-19 02:33:16,925] {processor.py:171} INFO - Processing /Users/nikhilanand/airflow_venv/lib/python3.9/site-packages/airflow/example_dags/tutorial_etl_dag.py took 0.043 seconds
[2024-05-19 02:35:40,352] {processor.py:163} INFO - Started process (PID=36852) to work on /Users/nikhilanand/airflow_venv/lib/python3.9/site-packages/airflow/example_dags/tutorial_etl_dag.py
[2024-05-19 02:35:40,353] {processor.py:642} INFO - Processing file /Users/nikhilanand/airflow_venv/lib/python3.9/site-packages/airflow/example_dags/tutorial_etl_dag.py for tasks to queue
[2024-05-19 02:35:40,353] {logging_mixin.py:109} INFO - [2024-05-19 02:35:40,353] {dagbag.py:500} INFO - Filling up the DagBag from /Users/nikhilanand/airflow_venv/lib/python3.9/site-packages/airflow/example_dags/tutorial_etl_dag.py
[2024-05-19 02:35:40,376] {processor.py:654} INFO - DAG(s) dict_keys(['tutorial_etl_dag']) retrieved from /Users/nikhilanand/airflow_venv/lib/python3.9/site-packages/airflow/example_dags/tutorial_etl_dag.py
[2024-05-19 02:35:40,384] {logging_mixin.py:109} INFO - [2024-05-19 02:35:40,384] {dag.py:2396} INFO - Sync 1 DAGs
[2024-05-19 02:35:40,389] {logging_mixin.py:109} INFO - [2024-05-19 02:35:40,389] {dag.py:2935} INFO - Setting next_dagrun for tutorial_etl_dag to None
[2024-05-19 02:35:40,393] {processor.py:171} INFO - Processing /Users/nikhilanand/airflow_venv/lib/python3.9/site-packages/airflow/example_dags/tutorial_etl_dag.py took 0.042 seconds
[2024-05-19 02:36:32,124] {processor.py:163} INFO - Started process (PID=37459) to work on /Users/nikhilanand/airflow_venv/lib/python3.9/site-packages/airflow/example_dags/tutorial_etl_dag.py
[2024-05-19 02:36:32,124] {processor.py:642} INFO - Processing file /Users/nikhilanand/airflow_venv/lib/python3.9/site-packages/airflow/example_dags/tutorial_etl_dag.py for tasks to queue
[2024-05-19 02:36:32,124] {logging_mixin.py:109} INFO - [2024-05-19 02:36:32,124] {dagbag.py:500} INFO - Filling up the DagBag from /Users/nikhilanand/airflow_venv/lib/python3.9/site-packages/airflow/example_dags/tutorial_etl_dag.py
[2024-05-19 02:36:32,147] {processor.py:654} INFO - DAG(s) dict_keys(['tutorial_etl_dag']) retrieved from /Users/nikhilanand/airflow_venv/lib/python3.9/site-packages/airflow/example_dags/tutorial_etl_dag.py
[2024-05-19 02:36:32,156] {logging_mixin.py:109} INFO - [2024-05-19 02:36:32,156] {dag.py:2396} INFO - Sync 1 DAGs
[2024-05-19 02:36:32,161] {logging_mixin.py:109} INFO - [2024-05-19 02:36:32,161] {dag.py:2935} INFO - Setting next_dagrun for tutorial_etl_dag to None
[2024-05-19 02:36:32,165] {processor.py:171} INFO - Processing /Users/nikhilanand/airflow_venv/lib/python3.9/site-packages/airflow/example_dags/tutorial_etl_dag.py took 0.041 seconds
