[2024-05-19 02:27:49,595] {processor.py:163} INFO - Started process (PID=31082) to work on /Users/nikhilanand/airflow_venv/lib/python3.9/site-packages/airflow/example_dags/tutorial_taskflow_api_etl.py
[2024-05-19 02:27:49,595] {processor.py:642} INFO - Processing file /Users/nikhilanand/airflow_venv/lib/python3.9/site-packages/airflow/example_dags/tutorial_taskflow_api_etl.py for tasks to queue
[2024-05-19 02:27:49,596] {logging_mixin.py:109} INFO - [2024-05-19 02:27:49,596] {dagbag.py:500} INFO - Filling up the DagBag from /Users/nikhilanand/airflow_venv/lib/python3.9/site-packages/airflow/example_dags/tutorial_taskflow_api_etl.py
[2024-05-19 02:27:49,620] {processor.py:654} INFO - DAG(s) dict_keys(['tutorial_taskflow_api_etl']) retrieved from /Users/nikhilanand/airflow_venv/lib/python3.9/site-packages/airflow/example_dags/tutorial_taskflow_api_etl.py
[2024-05-19 02:27:49,625] {logging_mixin.py:109} INFO - [2024-05-19 02:27:49,625] {dag.py:2396} INFO - Sync 1 DAGs
[2024-05-19 02:27:49,632] {logging_mixin.py:109} INFO - [2024-05-19 02:27:49,632] {dag.py:2935} INFO - Setting next_dagrun for tutorial_taskflow_api_etl to None
[2024-05-19 02:27:49,636] {processor.py:171} INFO - Processing /Users/nikhilanand/airflow_venv/lib/python3.9/site-packages/airflow/example_dags/tutorial_taskflow_api_etl.py took 0.041 seconds
[2024-05-19 02:28:53,306] {processor.py:163} INFO - Started process (PID=32219) to work on /Users/nikhilanand/airflow_venv/lib/python3.9/site-packages/airflow/example_dags/tutorial_taskflow_api_etl.py
[2024-05-19 02:28:53,306] {processor.py:642} INFO - Processing file /Users/nikhilanand/airflow_venv/lib/python3.9/site-packages/airflow/example_dags/tutorial_taskflow_api_etl.py for tasks to queue
[2024-05-19 02:28:53,306] {logging_mixin.py:109} INFO - [2024-05-19 02:28:53,306] {dagbag.py:500} INFO - Filling up the DagBag from /Users/nikhilanand/airflow_venv/lib/python3.9/site-packages/airflow/example_dags/tutorial_taskflow_api_etl.py
[2024-05-19 02:28:53,329] {processor.py:654} INFO - DAG(s) dict_keys(['tutorial_taskflow_api_etl']) retrieved from /Users/nikhilanand/airflow_venv/lib/python3.9/site-packages/airflow/example_dags/tutorial_taskflow_api_etl.py
[2024-05-19 02:28:53,447] {logging_mixin.py:109} INFO - [2024-05-19 02:28:53,447] {dag.py:2396} INFO - Sync 1 DAGs
[2024-05-19 02:28:53,451] {logging_mixin.py:109} INFO - [2024-05-19 02:28:53,451] {dag.py:2935} INFO - Setting next_dagrun for tutorial_taskflow_api_etl to None
[2024-05-19 02:28:53,456] {processor.py:171} INFO - Processing /Users/nikhilanand/airflow_venv/lib/python3.9/site-packages/airflow/example_dags/tutorial_taskflow_api_etl.py took 0.150 seconds
[2024-05-19 02:30:33,253] {processor.py:163} INFO - Started process (PID=33364) to work on /Users/nikhilanand/airflow_venv/lib/python3.9/site-packages/airflow/example_dags/tutorial_taskflow_api_etl.py
[2024-05-19 02:30:33,254] {processor.py:642} INFO - Processing file /Users/nikhilanand/airflow_venv/lib/python3.9/site-packages/airflow/example_dags/tutorial_taskflow_api_etl.py for tasks to queue
[2024-05-19 02:30:33,255] {logging_mixin.py:109} INFO - [2024-05-19 02:30:33,255] {dagbag.py:500} INFO - Filling up the DagBag from /Users/nikhilanand/airflow_venv/lib/python3.9/site-packages/airflow/example_dags/tutorial_taskflow_api_etl.py
[2024-05-19 02:30:33,279] {processor.py:654} INFO - DAG(s) dict_keys(['tutorial_taskflow_api_etl']) retrieved from /Users/nikhilanand/airflow_venv/lib/python3.9/site-packages/airflow/example_dags/tutorial_taskflow_api_etl.py
[2024-05-19 02:30:33,397] {logging_mixin.py:109} INFO - [2024-05-19 02:30:33,397] {dag.py:2396} INFO - Sync 1 DAGs
[2024-05-19 02:30:33,402] {logging_mixin.py:109} INFO - [2024-05-19 02:30:33,402] {dag.py:2935} INFO - Setting next_dagrun for tutorial_taskflow_api_etl to None
[2024-05-19 02:30:33,406] {processor.py:171} INFO - Processing /Users/nikhilanand/airflow_venv/lib/python3.9/site-packages/airflow/example_dags/tutorial_taskflow_api_etl.py took 0.153 seconds
[2024-05-19 02:31:56,270] {processor.py:163} INFO - Started process (PID=34302) to work on /Users/nikhilanand/airflow_venv/lib/python3.9/site-packages/airflow/example_dags/tutorial_taskflow_api_etl.py
[2024-05-19 02:31:56,271] {processor.py:642} INFO - Processing file /Users/nikhilanand/airflow_venv/lib/python3.9/site-packages/airflow/example_dags/tutorial_taskflow_api_etl.py for tasks to queue
[2024-05-19 02:31:56,271] {logging_mixin.py:109} INFO - [2024-05-19 02:31:56,271] {dagbag.py:500} INFO - Filling up the DagBag from /Users/nikhilanand/airflow_venv/lib/python3.9/site-packages/airflow/example_dags/tutorial_taskflow_api_etl.py
[2024-05-19 02:31:56,295] {processor.py:654} INFO - DAG(s) dict_keys(['tutorial_taskflow_api_etl']) retrieved from /Users/nikhilanand/airflow_venv/lib/python3.9/site-packages/airflow/example_dags/tutorial_taskflow_api_etl.py
[2024-05-19 02:31:56,446] {logging_mixin.py:109} INFO - [2024-05-19 02:31:56,446] {dag.py:2396} INFO - Sync 1 DAGs
[2024-05-19 02:31:56,451] {logging_mixin.py:109} INFO - [2024-05-19 02:31:56,451] {dag.py:2935} INFO - Setting next_dagrun for tutorial_taskflow_api_etl to None
[2024-05-19 02:31:56,455] {processor.py:171} INFO - Processing /Users/nikhilanand/airflow_venv/lib/python3.9/site-packages/airflow/example_dags/tutorial_taskflow_api_etl.py took 0.185 seconds
[2024-05-19 02:32:48,724] {processor.py:163} INFO - Started process (PID=34898) to work on /Users/nikhilanand/airflow_venv/lib/python3.9/site-packages/airflow/example_dags/tutorial_taskflow_api_etl.py
[2024-05-19 02:32:48,724] {processor.py:642} INFO - Processing file /Users/nikhilanand/airflow_venv/lib/python3.9/site-packages/airflow/example_dags/tutorial_taskflow_api_etl.py for tasks to queue
[2024-05-19 02:32:48,725] {logging_mixin.py:109} INFO - [2024-05-19 02:32:48,725] {dagbag.py:500} INFO - Filling up the DagBag from /Users/nikhilanand/airflow_venv/lib/python3.9/site-packages/airflow/example_dags/tutorial_taskflow_api_etl.py
[2024-05-19 02:32:48,753] {processor.py:654} INFO - DAG(s) dict_keys(['tutorial_taskflow_api_etl']) retrieved from /Users/nikhilanand/airflow_venv/lib/python3.9/site-packages/airflow/example_dags/tutorial_taskflow_api_etl.py
[2024-05-19 02:32:48,896] {logging_mixin.py:109} INFO - [2024-05-19 02:32:48,896] {dag.py:2396} INFO - Sync 1 DAGs
[2024-05-19 02:32:48,902] {logging_mixin.py:109} INFO - [2024-05-19 02:32:48,902] {dag.py:2935} INFO - Setting next_dagrun for tutorial_taskflow_api_etl to None
[2024-05-19 02:32:48,907] {processor.py:171} INFO - Processing /Users/nikhilanand/airflow_venv/lib/python3.9/site-packages/airflow/example_dags/tutorial_taskflow_api_etl.py took 0.183 seconds
[2024-05-19 02:33:48,162] {processor.py:163} INFO - Started process (PID=35582) to work on /Users/nikhilanand/airflow_venv/lib/python3.9/site-packages/airflow/example_dags/tutorial_taskflow_api_etl.py
[2024-05-19 02:33:48,162] {processor.py:642} INFO - Processing file /Users/nikhilanand/airflow_venv/lib/python3.9/site-packages/airflow/example_dags/tutorial_taskflow_api_etl.py for tasks to queue
[2024-05-19 02:33:48,162] {logging_mixin.py:109} INFO - [2024-05-19 02:33:48,162] {dagbag.py:500} INFO - Filling up the DagBag from /Users/nikhilanand/airflow_venv/lib/python3.9/site-packages/airflow/example_dags/tutorial_taskflow_api_etl.py
[2024-05-19 02:33:48,186] {processor.py:654} INFO - DAG(s) dict_keys(['tutorial_taskflow_api_etl']) retrieved from /Users/nikhilanand/airflow_venv/lib/python3.9/site-packages/airflow/example_dags/tutorial_taskflow_api_etl.py
[2024-05-19 02:33:48,304] {logging_mixin.py:109} INFO - [2024-05-19 02:33:48,304] {dag.py:2396} INFO - Sync 1 DAGs
[2024-05-19 02:33:48,308] {logging_mixin.py:109} INFO - [2024-05-19 02:33:48,308] {dag.py:2935} INFO - Setting next_dagrun for tutorial_taskflow_api_etl to None
[2024-05-19 02:33:48,313] {processor.py:171} INFO - Processing /Users/nikhilanand/airflow_venv/lib/python3.9/site-packages/airflow/example_dags/tutorial_taskflow_api_etl.py took 0.151 seconds
[2024-05-19 02:35:38,280] {processor.py:163} INFO - Started process (PID=36834) to work on /Users/nikhilanand/airflow_venv/lib/python3.9/site-packages/airflow/example_dags/tutorial_taskflow_api_etl.py
[2024-05-19 02:35:38,281] {processor.py:642} INFO - Processing file /Users/nikhilanand/airflow_venv/lib/python3.9/site-packages/airflow/example_dags/tutorial_taskflow_api_etl.py for tasks to queue
[2024-05-19 02:35:38,282] {logging_mixin.py:109} INFO - [2024-05-19 02:35:38,282] {dagbag.py:500} INFO - Filling up the DagBag from /Users/nikhilanand/airflow_venv/lib/python3.9/site-packages/airflow/example_dags/tutorial_taskflow_api_etl.py
[2024-05-19 02:35:38,306] {processor.py:654} INFO - DAG(s) dict_keys(['tutorial_taskflow_api_etl']) retrieved from /Users/nikhilanand/airflow_venv/lib/python3.9/site-packages/airflow/example_dags/tutorial_taskflow_api_etl.py
[2024-05-19 02:35:38,463] {logging_mixin.py:109} INFO - [2024-05-19 02:35:38,463] {dag.py:2396} INFO - Sync 1 DAGs
[2024-05-19 02:35:38,467] {logging_mixin.py:109} INFO - [2024-05-19 02:35:38,467] {dag.py:2935} INFO - Setting next_dagrun for tutorial_taskflow_api_etl to None
[2024-05-19 02:35:38,472] {processor.py:171} INFO - Processing /Users/nikhilanand/airflow_venv/lib/python3.9/site-packages/airflow/example_dags/tutorial_taskflow_api_etl.py took 0.192 seconds
[2024-05-19 02:36:30,078] {processor.py:163} INFO - Started process (PID=37436) to work on /Users/nikhilanand/airflow_venv/lib/python3.9/site-packages/airflow/example_dags/tutorial_taskflow_api_etl.py
[2024-05-19 02:36:30,078] {processor.py:642} INFO - Processing file /Users/nikhilanand/airflow_venv/lib/python3.9/site-packages/airflow/example_dags/tutorial_taskflow_api_etl.py for tasks to queue
[2024-05-19 02:36:30,078] {logging_mixin.py:109} INFO - [2024-05-19 02:36:30,078] {dagbag.py:500} INFO - Filling up the DagBag from /Users/nikhilanand/airflow_venv/lib/python3.9/site-packages/airflow/example_dags/tutorial_taskflow_api_etl.py
[2024-05-19 02:36:30,101] {processor.py:654} INFO - DAG(s) dict_keys(['tutorial_taskflow_api_etl']) retrieved from /Users/nikhilanand/airflow_venv/lib/python3.9/site-packages/airflow/example_dags/tutorial_taskflow_api_etl.py
[2024-05-19 02:36:30,229] {logging_mixin.py:109} INFO - [2024-05-19 02:36:30,229] {dag.py:2396} INFO - Sync 1 DAGs
[2024-05-19 02:36:30,233] {logging_mixin.py:109} INFO - [2024-05-19 02:36:30,233] {dag.py:2935} INFO - Setting next_dagrun for tutorial_taskflow_api_etl to None
[2024-05-19 02:36:30,238] {processor.py:171} INFO - Processing /Users/nikhilanand/airflow_venv/lib/python3.9/site-packages/airflow/example_dags/tutorial_taskflow_api_etl.py took 0.161 seconds
