[2024-05-19 02:27:53,368] {processor.py:163} INFO - Started process (PID=31130) to work on /Users/nikhilanand/airflow_venv/lib/python3.9/site-packages/airflow/example_dags/tutorial.py
[2024-05-19 02:27:53,369] {processor.py:642} INFO - Processing file /Users/nikhilanand/airflow_venv/lib/python3.9/site-packages/airflow/example_dags/tutorial.py for tasks to queue
[2024-05-19 02:27:53,369] {logging_mixin.py:109} INFO - [2024-05-19 02:27:53,369] {dagbag.py:500} INFO - Filling up the DagBag from /Users/nikhilanand/airflow_venv/lib/python3.9/site-packages/airflow/example_dags/tutorial.py
[2024-05-19 02:27:53,385] {processor.py:654} INFO - DAG(s) dict_keys(['tutorial']) retrieved from /Users/nikhilanand/airflow_venv/lib/python3.9/site-packages/airflow/example_dags/tutorial.py
[2024-05-19 02:27:53,394] {logging_mixin.py:109} INFO - [2024-05-19 02:27:53,394] {dag.py:2396} INFO - Sync 1 DAGs
[2024-05-19 02:27:53,399] {logging_mixin.py:109} INFO - [2024-05-19 02:27:53,399] {dag.py:2935} INFO - Setting next_dagrun for tutorial to 2024-05-17T20:57:53.399187+00:00
[2024-05-19 02:27:53,403] {processor.py:171} INFO - Processing /Users/nikhilanand/airflow_venv/lib/python3.9/site-packages/airflow/example_dags/tutorial.py took 0.035 seconds
[2024-05-19 02:28:57,208] {processor.py:163} INFO - Started process (PID=32259) to work on /Users/nikhilanand/airflow_venv/lib/python3.9/site-packages/airflow/example_dags/tutorial.py
[2024-05-19 02:28:57,209] {processor.py:642} INFO - Processing file /Users/nikhilanand/airflow_venv/lib/python3.9/site-packages/airflow/example_dags/tutorial.py for tasks to queue
[2024-05-19 02:28:57,209] {logging_mixin.py:109} INFO - [2024-05-19 02:28:57,209] {dagbag.py:500} INFO - Filling up the DagBag from /Users/nikhilanand/airflow_venv/lib/python3.9/site-packages/airflow/example_dags/tutorial.py
[2024-05-19 02:28:57,225] {processor.py:654} INFO - DAG(s) dict_keys(['tutorial']) retrieved from /Users/nikhilanand/airflow_venv/lib/python3.9/site-packages/airflow/example_dags/tutorial.py
[2024-05-19 02:28:57,233] {logging_mixin.py:109} INFO - [2024-05-19 02:28:57,233] {dag.py:2396} INFO - Sync 1 DAGs
[2024-05-19 02:28:57,237] {logging_mixin.py:109} INFO - [2024-05-19 02:28:57,237] {dag.py:2935} INFO - Setting next_dagrun for tutorial to 2024-05-17T20:58:57.237705+00:00
[2024-05-19 02:28:57,241] {processor.py:171} INFO - Processing /Users/nikhilanand/airflow_venv/lib/python3.9/site-packages/airflow/example_dags/tutorial.py took 0.033 seconds
[2024-05-19 02:30:37,188] {processor.py:163} INFO - Started process (PID=33410) to work on /Users/nikhilanand/airflow_venv/lib/python3.9/site-packages/airflow/example_dags/tutorial.py
[2024-05-19 02:30:37,189] {processor.py:642} INFO - Processing file /Users/nikhilanand/airflow_venv/lib/python3.9/site-packages/airflow/example_dags/tutorial.py for tasks to queue
[2024-05-19 02:30:37,189] {logging_mixin.py:109} INFO - [2024-05-19 02:30:37,189] {dagbag.py:500} INFO - Filling up the DagBag from /Users/nikhilanand/airflow_venv/lib/python3.9/site-packages/airflow/example_dags/tutorial.py
[2024-05-19 02:30:37,209] {processor.py:654} INFO - DAG(s) dict_keys(['tutorial']) retrieved from /Users/nikhilanand/airflow_venv/lib/python3.9/site-packages/airflow/example_dags/tutorial.py
[2024-05-19 02:30:37,219] {logging_mixin.py:109} INFO - [2024-05-19 02:30:37,219] {dag.py:2396} INFO - Sync 1 DAGs
[2024-05-19 02:30:37,224] {logging_mixin.py:109} INFO - [2024-05-19 02:30:37,224] {dag.py:2935} INFO - Setting next_dagrun for tutorial to 2024-05-17T21:00:37.224488+00:00
[2024-05-19 02:30:37,228] {processor.py:171} INFO - Processing /Users/nikhilanand/airflow_venv/lib/python3.9/site-packages/airflow/example_dags/tutorial.py took 0.041 seconds
[2024-05-19 02:32:00,255] {processor.py:163} INFO - Started process (PID=34346) to work on /Users/nikhilanand/airflow_venv/lib/python3.9/site-packages/airflow/example_dags/tutorial.py
[2024-05-19 02:32:00,256] {processor.py:642} INFO - Processing file /Users/nikhilanand/airflow_venv/lib/python3.9/site-packages/airflow/example_dags/tutorial.py for tasks to queue
[2024-05-19 02:32:00,256] {logging_mixin.py:109} INFO - [2024-05-19 02:32:00,256] {dagbag.py:500} INFO - Filling up the DagBag from /Users/nikhilanand/airflow_venv/lib/python3.9/site-packages/airflow/example_dags/tutorial.py
[2024-05-19 02:32:00,274] {processor.py:654} INFO - DAG(s) dict_keys(['tutorial']) retrieved from /Users/nikhilanand/airflow_venv/lib/python3.9/site-packages/airflow/example_dags/tutorial.py
[2024-05-19 02:32:00,284] {logging_mixin.py:109} INFO - [2024-05-19 02:32:00,284] {dag.py:2396} INFO - Sync 1 DAGs
[2024-05-19 02:32:00,290] {logging_mixin.py:109} INFO - [2024-05-19 02:32:00,290] {dag.py:2935} INFO - Setting next_dagrun for tutorial to 2024-05-17T21:02:00.289956+00:00
[2024-05-19 02:32:00,294] {processor.py:171} INFO - Processing /Users/nikhilanand/airflow_venv/lib/python3.9/site-packages/airflow/example_dags/tutorial.py took 0.040 seconds
[2024-05-19 02:33:19,863] {processor.py:163} INFO - Started process (PID=35254) to work on /Users/nikhilanand/airflow_venv/lib/python3.9/site-packages/airflow/example_dags/tutorial.py
[2024-05-19 02:33:19,863] {processor.py:642} INFO - Processing file /Users/nikhilanand/airflow_venv/lib/python3.9/site-packages/airflow/example_dags/tutorial.py for tasks to queue
[2024-05-19 02:33:19,864] {logging_mixin.py:109} INFO - [2024-05-19 02:33:19,863] {dagbag.py:500} INFO - Filling up the DagBag from /Users/nikhilanand/airflow_venv/lib/python3.9/site-packages/airflow/example_dags/tutorial.py
[2024-05-19 02:33:19,879] {processor.py:654} INFO - DAG(s) dict_keys(['tutorial']) retrieved from /Users/nikhilanand/airflow_venv/lib/python3.9/site-packages/airflow/example_dags/tutorial.py
[2024-05-19 02:33:19,888] {logging_mixin.py:109} INFO - [2024-05-19 02:33:19,888] {dag.py:2396} INFO - Sync 1 DAGs
[2024-05-19 02:33:19,892] {logging_mixin.py:109} INFO - [2024-05-19 02:33:19,892] {dag.py:2935} INFO - Setting next_dagrun for tutorial to 2024-05-17T21:03:19.892724+00:00
[2024-05-19 02:33:19,896] {processor.py:171} INFO - Processing /Users/nikhilanand/airflow_venv/lib/python3.9/site-packages/airflow/example_dags/tutorial.py took 0.033 seconds
[2024-05-19 02:35:42,250] {processor.py:163} INFO - Started process (PID=36875) to work on /Users/nikhilanand/airflow_venv/lib/python3.9/site-packages/airflow/example_dags/tutorial.py
[2024-05-19 02:35:42,250] {processor.py:642} INFO - Processing file /Users/nikhilanand/airflow_venv/lib/python3.9/site-packages/airflow/example_dags/tutorial.py for tasks to queue
[2024-05-19 02:35:42,250] {logging_mixin.py:109} INFO - [2024-05-19 02:35:42,250] {dagbag.py:500} INFO - Filling up the DagBag from /Users/nikhilanand/airflow_venv/lib/python3.9/site-packages/airflow/example_dags/tutorial.py
[2024-05-19 02:35:42,266] {processor.py:654} INFO - DAG(s) dict_keys(['tutorial']) retrieved from /Users/nikhilanand/airflow_venv/lib/python3.9/site-packages/airflow/example_dags/tutorial.py
[2024-05-19 02:35:42,276] {logging_mixin.py:109} INFO - [2024-05-19 02:35:42,276] {dag.py:2396} INFO - Sync 1 DAGs
[2024-05-19 02:35:42,280] {logging_mixin.py:109} INFO - [2024-05-19 02:35:42,280] {dag.py:2935} INFO - Setting next_dagrun for tutorial to 2024-05-17T21:05:42.280842+00:00
[2024-05-19 02:35:42,284] {processor.py:171} INFO - Processing /Users/nikhilanand/airflow_venv/lib/python3.9/site-packages/airflow/example_dags/tutorial.py took 0.035 seconds
[2024-05-19 02:36:33,981] {processor.py:163} INFO - Started process (PID=37486) to work on /Users/nikhilanand/airflow_venv/lib/python3.9/site-packages/airflow/example_dags/tutorial.py
[2024-05-19 02:36:33,982] {processor.py:642} INFO - Processing file /Users/nikhilanand/airflow_venv/lib/python3.9/site-packages/airflow/example_dags/tutorial.py for tasks to queue
[2024-05-19 02:36:33,982] {logging_mixin.py:109} INFO - [2024-05-19 02:36:33,982] {dagbag.py:500} INFO - Filling up the DagBag from /Users/nikhilanand/airflow_venv/lib/python3.9/site-packages/airflow/example_dags/tutorial.py
[2024-05-19 02:36:33,998] {processor.py:654} INFO - DAG(s) dict_keys(['tutorial']) retrieved from /Users/nikhilanand/airflow_venv/lib/python3.9/site-packages/airflow/example_dags/tutorial.py
[2024-05-19 02:36:34,007] {logging_mixin.py:109} INFO - [2024-05-19 02:36:34,007] {dag.py:2396} INFO - Sync 1 DAGs
[2024-05-19 02:36:34,011] {logging_mixin.py:109} INFO - [2024-05-19 02:36:34,011] {dag.py:2935} INFO - Setting next_dagrun for tutorial to 2024-05-17T21:06:34.011558+00:00
[2024-05-19 02:36:34,015] {processor.py:171} INFO - Processing /Users/nikhilanand/airflow_venv/lib/python3.9/site-packages/airflow/example_dags/tutorial.py took 0.034 seconds
