[2024-05-19 02:27:41,619] {processor.py:163} INFO - Started process (PID=30640) to work on /Users/nikhilanand/BDLProject/dags/preprocess_airflow.py
[2024-05-19 02:27:41,619] {processor.py:642} INFO - Processing file /Users/nikhilanand/BDLProject/dags/preprocess_airflow.py for tasks to queue
[2024-05-19 02:27:41,619] {logging_mixin.py:109} INFO - [2024-05-19 02:27:41,619] {dagbag.py:500} INFO - Filling up the DagBag from /Users/nikhilanand/BDLProject/dags/preprocess_airflow.py
[2024-05-19 02:27:41,971] {logging_mixin.py:109} INFO - curl -o data/training.csv "https://storage.googleapis.com/kaggle-competitions-data/kaggle-v2/62891/6855609/compressed/training.csv.zip?GoogleAccessId=web-data@kaggle-161607.iam.gserviceaccount.com&Expires=1716100019&Signature=cz%2FG3wvyhW9QcUGYEAJ2bNXo6%2FIgCjqrbvxZGtyEC7%2BuoZkfBknQIlCuccOA82cjZjppreHd9XQcWXHNVvudXozi1iJJhcQzdZoqUzMux3lrBSZGGtZ%2BTYufw53k5WMQ2ByF%2Fm%2FhqJSjTlijkZOfRMJgbJkvGIcbMwIZxOwmXho%2FQjn6XGxSTsbNYaBfDl9%2FFtxqUz7eM42Y6WHzRbCbinHh0NqnRIAWNwh6ixYM7GRdSVhJiMmS7Ed9oLMvTUQBgi6qgyRB5BDejTJ6v31mCQdJcO0Nb53bbmzxl42nFMnBEtw3HhVgkD4rJcDbQXiWLRs0C1rKC5w2jGDA2c10sw%3D%3D&response-content-disposition=attachment%3B+filename%3Dtraining.csv.zip"
[2024-05-19 02:27:41,986] {processor.py:654} INFO - DAG(s) dict_keys(['keypoints_dag']) retrieved from /Users/nikhilanand/BDLProject/dags/preprocess_airflow.py
[2024-05-19 02:27:41,991] {logging_mixin.py:109} INFO - [2024-05-19 02:27:41,991] {dag.py:2396} INFO - Sync 1 DAGs
[2024-05-19 02:27:41,998] {logging_mixin.py:109} INFO - [2024-05-19 02:27:41,998] {dag.py:2935} INFO - Setting next_dagrun for keypoints_dag to 2024-05-17 00:00:00+00:00
[2024-05-19 02:27:42,003] {processor.py:171} INFO - Processing /Users/nikhilanand/BDLProject/dags/preprocess_airflow.py took 0.384 seconds
[2024-05-19 02:28:45,482] {processor.py:163} INFO - Started process (PID=32134) to work on /Users/nikhilanand/BDLProject/dags/preprocess_airflow.py
[2024-05-19 02:28:45,482] {processor.py:642} INFO - Processing file /Users/nikhilanand/BDLProject/dags/preprocess_airflow.py for tasks to queue
[2024-05-19 02:28:45,483] {logging_mixin.py:109} INFO - [2024-05-19 02:28:45,483] {dagbag.py:500} INFO - Filling up the DagBag from /Users/nikhilanand/BDLProject/dags/preprocess_airflow.py
[2024-05-19 02:28:45,823] {logging_mixin.py:109} INFO - curl -o data/training.csv "https://storage.googleapis.com/kaggle-competitions-data/kaggle-v2/62891/6855609/compressed/training.csv.zip?GoogleAccessId=web-data@kaggle-161607.iam.gserviceaccount.com&Expires=1716100019&Signature=cz%2FG3wvyhW9QcUGYEAJ2bNXo6%2FIgCjqrbvxZGtyEC7%2BuoZkfBknQIlCuccOA82cjZjppreHd9XQcWXHNVvudXozi1iJJhcQzdZoqUzMux3lrBSZGGtZ%2BTYufw53k5WMQ2ByF%2Fm%2FhqJSjTlijkZOfRMJgbJkvGIcbMwIZxOwmXho%2FQjn6XGxSTsbNYaBfDl9%2FFtxqUz7eM42Y6WHzRbCbinHh0NqnRIAWNwh6ixYM7GRdSVhJiMmS7Ed9oLMvTUQBgi6qgyRB5BDejTJ6v31mCQdJcO0Nb53bbmzxl42nFMnBEtw3HhVgkD4rJcDbQXiWLRs0C1rKC5w2jGDA2c10sw%3D%3D&response-content-disposition=attachment%3B+filename%3Dtraining.csv.zip"
[2024-05-19 02:28:45,837] {processor.py:654} INFO - DAG(s) dict_keys(['keypoints_dag']) retrieved from /Users/nikhilanand/BDLProject/dags/preprocess_airflow.py
[2024-05-19 02:28:45,846] {logging_mixin.py:109} INFO - [2024-05-19 02:28:45,845] {dag.py:2396} INFO - Sync 1 DAGs
[2024-05-19 02:28:45,851] {logging_mixin.py:109} INFO - [2024-05-19 02:28:45,851] {dag.py:2935} INFO - Setting next_dagrun for keypoints_dag to 2024-05-17 00:00:00+00:00
[2024-05-19 02:28:45,855] {processor.py:171} INFO - Processing /Users/nikhilanand/BDLProject/dags/preprocess_airflow.py took 0.373 seconds
[2024-05-19 02:29:20,128] {processor.py:163} INFO - Started process (PID=32536) to work on /Users/nikhilanand/BDLProject/dags/preprocess_airflow.py
[2024-05-19 02:29:20,129] {processor.py:642} INFO - Processing file /Users/nikhilanand/BDLProject/dags/preprocess_airflow.py for tasks to queue
[2024-05-19 02:29:20,129] {logging_mixin.py:109} INFO - [2024-05-19 02:29:20,129] {dagbag.py:500} INFO - Filling up the DagBag from /Users/nikhilanand/BDLProject/dags/preprocess_airflow.py
[2024-05-19 02:29:20,490] {logging_mixin.py:109} INFO - curl -o data/training.csv "https://storage.googleapis.com/kaggle-competitions-data/kaggle-v2/62891/6855609/compressed/training.csv.zip?GoogleAccessId=web-data@kaggle-161607.iam.gserviceaccount.com&Expires=1716100019&Signature=cz%2FG3wvyhW9QcUGYEAJ2bNXo6%2FIgCjqrbvxZGtyEC7%2BuoZkfBknQIlCuccOA82cjZjppreHd9XQcWXHNVvudXozi1iJJhcQzdZoqUzMux3lrBSZGGtZ%2BTYufw53k5WMQ2ByF%2Fm%2FhqJSjTlijkZOfRMJgbJkvGIcbMwIZxOwmXho%2FQjn6XGxSTsbNYaBfDl9%2FFtxqUz7eM42Y6WHzRbCbinHh0NqnRIAWNwh6ixYM7GRdSVhJiMmS7Ed9oLMvTUQBgi6qgyRB5BDejTJ6v31mCQdJcO0Nb53bbmzxl42nFMnBEtw3HhVgkD4rJcDbQXiWLRs0C1rKC5w2jGDA2c10sw%3D%3D&response-content-disposition=attachment%3B+filename%3Dtraining.csv.zip"
[2024-05-19 02:29:20,505] {processor.py:654} INFO - DAG(s) dict_keys(['keypoints_dag']) retrieved from /Users/nikhilanand/BDLProject/dags/preprocess_airflow.py
[2024-05-19 02:29:20,513] {logging_mixin.py:109} INFO - [2024-05-19 02:29:20,513] {dag.py:2396} INFO - Sync 1 DAGs
[2024-05-19 02:29:20,518] {logging_mixin.py:109} INFO - [2024-05-19 02:29:20,518] {dag.py:2935} INFO - Setting next_dagrun for keypoints_dag to 2024-05-17 00:00:00+00:00
[2024-05-19 02:29:20,522] {processor.py:171} INFO - Processing /Users/nikhilanand/BDLProject/dags/preprocess_airflow.py took 0.394 seconds
[2024-05-19 02:30:25,082] {processor.py:163} INFO - Started process (PID=33277) to work on /Users/nikhilanand/BDLProject/dags/preprocess_airflow.py
[2024-05-19 02:30:25,083] {processor.py:642} INFO - Processing file /Users/nikhilanand/BDLProject/dags/preprocess_airflow.py for tasks to queue
[2024-05-19 02:30:25,083] {logging_mixin.py:109} INFO - [2024-05-19 02:30:25,083] {dagbag.py:500} INFO - Filling up the DagBag from /Users/nikhilanand/BDLProject/dags/preprocess_airflow.py
[2024-05-19 02:30:25,442] {logging_mixin.py:109} INFO - curl -o data/training.csv "https://storage.googleapis.com/kaggle-competitions-data/kaggle-v2/62891/6855609/compressed/training.csv.zip?GoogleAccessId=web-data@kaggle-161607.iam.gserviceaccount.com&Expires=1716100019&Signature=cz%2FG3wvyhW9QcUGYEAJ2bNXo6%2FIgCjqrbvxZGtyEC7%2BuoZkfBknQIlCuccOA82cjZjppreHd9XQcWXHNVvudXozi1iJJhcQzdZoqUzMux3lrBSZGGtZ%2BTYufw53k5WMQ2ByF%2Fm%2FhqJSjTlijkZOfRMJgbJkvGIcbMwIZxOwmXho%2FQjn6XGxSTsbNYaBfDl9%2FFtxqUz7eM42Y6WHzRbCbinHh0NqnRIAWNwh6ixYM7GRdSVhJiMmS7Ed9oLMvTUQBgi6qgyRB5BDejTJ6v31mCQdJcO0Nb53bbmzxl42nFMnBEtw3HhVgkD4rJcDbQXiWLRs0C1rKC5w2jGDA2c10sw%3D%3D&response-content-disposition=attachment%3B+filename%3Dtraining.csv.zip"
[2024-05-19 02:30:25,457] {processor.py:654} INFO - DAG(s) dict_keys(['keypoints_dag']) retrieved from /Users/nikhilanand/BDLProject/dags/preprocess_airflow.py
[2024-05-19 02:30:25,573] {logging_mixin.py:109} INFO - [2024-05-19 02:30:25,573] {dag.py:2396} INFO - Sync 1 DAGs
[2024-05-19 02:30:25,578] {logging_mixin.py:109} INFO - [2024-05-19 02:30:25,578] {dag.py:2935} INFO - Setting next_dagrun for keypoints_dag to 2024-05-18T00:00:00+00:00
[2024-05-19 02:30:25,582] {processor.py:171} INFO - Processing /Users/nikhilanand/BDLProject/dags/preprocess_airflow.py took 0.501 seconds
[2024-05-19 02:31:48,510] {processor.py:163} INFO - Started process (PID=34208) to work on /Users/nikhilanand/BDLProject/dags/preprocess_airflow.py
[2024-05-19 02:31:48,511] {processor.py:642} INFO - Processing file /Users/nikhilanand/BDLProject/dags/preprocess_airflow.py for tasks to queue
[2024-05-19 02:31:48,511] {logging_mixin.py:109} INFO - [2024-05-19 02:31:48,511] {dagbag.py:500} INFO - Filling up the DagBag from /Users/nikhilanand/BDLProject/dags/preprocess_airflow.py
[2024-05-19 02:31:48,848] {logging_mixin.py:109} INFO - curl -o data/training.csv "https://storage.googleapis.com/kaggle-competitions-data/kaggle-v2/62891/6855609/compressed/training.csv.zip?GoogleAccessId=web-data@kaggle-161607.iam.gserviceaccount.com&Expires=1716100019&Signature=cz%2FG3wvyhW9QcUGYEAJ2bNXo6%2FIgCjqrbvxZGtyEC7%2BuoZkfBknQIlCuccOA82cjZjppreHd9XQcWXHNVvudXozi1iJJhcQzdZoqUzMux3lrBSZGGtZ%2BTYufw53k5WMQ2ByF%2Fm%2FhqJSjTlijkZOfRMJgbJkvGIcbMwIZxOwmXho%2FQjn6XGxSTsbNYaBfDl9%2FFtxqUz7eM42Y6WHzRbCbinHh0NqnRIAWNwh6ixYM7GRdSVhJiMmS7Ed9oLMvTUQBgi6qgyRB5BDejTJ6v31mCQdJcO0Nb53bbmzxl42nFMnBEtw3HhVgkD4rJcDbQXiWLRs0C1rKC5w2jGDA2c10sw%3D%3D&response-content-disposition=attachment%3B+filename%3Dtraining.csv.zip"
[2024-05-19 02:31:48,863] {processor.py:654} INFO - DAG(s) dict_keys(['keypoints_dag']) retrieved from /Users/nikhilanand/BDLProject/dags/preprocess_airflow.py
[2024-05-19 02:31:48,872] {logging_mixin.py:109} INFO - [2024-05-19 02:31:48,872] {dag.py:2396} INFO - Sync 1 DAGs
[2024-05-19 02:31:48,877] {logging_mixin.py:109} INFO - [2024-05-19 02:31:48,877] {dag.py:2935} INFO - Setting next_dagrun for keypoints_dag to 2024-05-18T00:00:00+00:00
[2024-05-19 02:31:48,881] {processor.py:171} INFO - Processing /Users/nikhilanand/BDLProject/dags/preprocess_airflow.py took 0.371 seconds
[2024-05-19 02:32:40,591] {processor.py:163} INFO - Started process (PID=34809) to work on /Users/nikhilanand/BDLProject/dags/preprocess_airflow.py
[2024-05-19 02:32:40,591] {processor.py:642} INFO - Processing file /Users/nikhilanand/BDLProject/dags/preprocess_airflow.py for tasks to queue
[2024-05-19 02:32:40,591] {logging_mixin.py:109} INFO - [2024-05-19 02:32:40,591] {dagbag.py:500} INFO - Filling up the DagBag from /Users/nikhilanand/BDLProject/dags/preprocess_airflow.py
[2024-05-19 02:32:40,944] {logging_mixin.py:109} INFO - curl -o data/training.csv "https://storage.googleapis.com/kaggle-competitions-data/kaggle-v2/62891/6855609/compressed/training.csv.zip?GoogleAccessId=web-data@kaggle-161607.iam.gserviceaccount.com&Expires=1716100019&Signature=cz%2FG3wvyhW9QcUGYEAJ2bNXo6%2FIgCjqrbvxZGtyEC7%2BuoZkfBknQIlCuccOA82cjZjppreHd9XQcWXHNVvudXozi1iJJhcQzdZoqUzMux3lrBSZGGtZ%2BTYufw53k5WMQ2ByF%2Fm%2FhqJSjTlijkZOfRMJgbJkvGIcbMwIZxOwmXho%2FQjn6XGxSTsbNYaBfDl9%2FFtxqUz7eM42Y6WHzRbCbinHh0NqnRIAWNwh6ixYM7GRdSVhJiMmS7Ed9oLMvTUQBgi6qgyRB5BDejTJ6v31mCQdJcO0Nb53bbmzxl42nFMnBEtw3HhVgkD4rJcDbQXiWLRs0C1rKC5w2jGDA2c10sw%3D%3D&response-content-disposition=attachment%3B+filename%3Dtraining.csv.zip"
[2024-05-19 02:32:40,959] {processor.py:654} INFO - DAG(s) dict_keys(['keypoints_dag']) retrieved from /Users/nikhilanand/BDLProject/dags/preprocess_airflow.py
[2024-05-19 02:32:41,075] {logging_mixin.py:109} INFO - [2024-05-19 02:32:41,075] {dag.py:2396} INFO - Sync 1 DAGs
[2024-05-19 02:32:41,080] {logging_mixin.py:109} INFO - [2024-05-19 02:32:41,080] {dag.py:2935} INFO - Setting next_dagrun for keypoints_dag to 2024-05-18T00:00:00+00:00
[2024-05-19 02:32:41,085] {processor.py:171} INFO - Processing /Users/nikhilanand/BDLProject/dags/preprocess_airflow.py took 0.495 seconds
[2024-05-19 02:33:40,464] {processor.py:163} INFO - Started process (PID=35495) to work on /Users/nikhilanand/BDLProject/dags/preprocess_airflow.py
[2024-05-19 02:33:40,464] {processor.py:642} INFO - Processing file /Users/nikhilanand/BDLProject/dags/preprocess_airflow.py for tasks to queue
[2024-05-19 02:33:40,465] {logging_mixin.py:109} INFO - [2024-05-19 02:33:40,465] {dagbag.py:500} INFO - Filling up the DagBag from /Users/nikhilanand/BDLProject/dags/preprocess_airflow.py
[2024-05-19 02:33:40,820] {logging_mixin.py:109} INFO - curl -o data/training.csv "https://storage.googleapis.com/kaggle-competitions-data/kaggle-v2/62891/6855609/compressed/training.csv.zip?GoogleAccessId=web-data@kaggle-161607.iam.gserviceaccount.com&Expires=1716100019&Signature=cz%2FG3wvyhW9QcUGYEAJ2bNXo6%2FIgCjqrbvxZGtyEC7%2BuoZkfBknQIlCuccOA82cjZjppreHd9XQcWXHNVvudXozi1iJJhcQzdZoqUzMux3lrBSZGGtZ%2BTYufw53k5WMQ2ByF%2Fm%2FhqJSjTlijkZOfRMJgbJkvGIcbMwIZxOwmXho%2FQjn6XGxSTsbNYaBfDl9%2FFtxqUz7eM42Y6WHzRbCbinHh0NqnRIAWNwh6ixYM7GRdSVhJiMmS7Ed9oLMvTUQBgi6qgyRB5BDejTJ6v31mCQdJcO0Nb53bbmzxl42nFMnBEtw3HhVgkD4rJcDbQXiWLRs0C1rKC5w2jGDA2c10sw%3D%3D&response-content-disposition=attachment%3B+filename%3Dtraining.csv.zip"
[2024-05-19 02:33:40,835] {processor.py:654} INFO - DAG(s) dict_keys(['keypoints_dag']) retrieved from /Users/nikhilanand/BDLProject/dags/preprocess_airflow.py
[2024-05-19 02:33:40,843] {logging_mixin.py:109} INFO - [2024-05-19 02:33:40,843] {dag.py:2396} INFO - Sync 1 DAGs
[2024-05-19 02:33:40,849] {logging_mixin.py:109} INFO - [2024-05-19 02:33:40,849] {dag.py:2935} INFO - Setting next_dagrun for keypoints_dag to 2024-05-18T00:00:00+00:00
[2024-05-19 02:33:40,853] {processor.py:171} INFO - Processing /Users/nikhilanand/BDLProject/dags/preprocess_airflow.py took 0.389 seconds
[2024-05-19 02:35:30,681] {processor.py:163} INFO - Started process (PID=36751) to work on /Users/nikhilanand/BDLProject/dags/preprocess_airflow.py
[2024-05-19 02:35:30,682] {processor.py:642} INFO - Processing file /Users/nikhilanand/BDLProject/dags/preprocess_airflow.py for tasks to queue
[2024-05-19 02:35:30,683] {logging_mixin.py:109} INFO - [2024-05-19 02:35:30,683] {dagbag.py:500} INFO - Filling up the DagBag from /Users/nikhilanand/BDLProject/dags/preprocess_airflow.py
[2024-05-19 02:35:31,031] {logging_mixin.py:109} INFO - curl -o data/training.csv "https://storage.googleapis.com/kaggle-competitions-data/kaggle-v2/62891/6855609/compressed/training.csv.zip?GoogleAccessId=web-data@kaggle-161607.iam.gserviceaccount.com&Expires=1716100019&Signature=cz%2FG3wvyhW9QcUGYEAJ2bNXo6%2FIgCjqrbvxZGtyEC7%2BuoZkfBknQIlCuccOA82cjZjppreHd9XQcWXHNVvudXozi1iJJhcQzdZoqUzMux3lrBSZGGtZ%2BTYufw53k5WMQ2ByF%2Fm%2FhqJSjTlijkZOfRMJgbJkvGIcbMwIZxOwmXho%2FQjn6XGxSTsbNYaBfDl9%2FFtxqUz7eM42Y6WHzRbCbinHh0NqnRIAWNwh6ixYM7GRdSVhJiMmS7Ed9oLMvTUQBgi6qgyRB5BDejTJ6v31mCQdJcO0Nb53bbmzxl42nFMnBEtw3HhVgkD4rJcDbQXiWLRs0C1rKC5w2jGDA2c10sw%3D%3D&response-content-disposition=attachment%3B+filename%3Dtraining.csv.zip"
[2024-05-19 02:35:31,045] {processor.py:654} INFO - DAG(s) dict_keys(['keypoints_dag']) retrieved from /Users/nikhilanand/BDLProject/dags/preprocess_airflow.py
[2024-05-19 02:35:31,054] {logging_mixin.py:109} INFO - [2024-05-19 02:35:31,054] {dag.py:2396} INFO - Sync 1 DAGs
[2024-05-19 02:35:31,059] {logging_mixin.py:109} INFO - [2024-05-19 02:35:31,059] {dag.py:2935} INFO - Setting next_dagrun for keypoints_dag to 2024-05-18T00:00:00+00:00
[2024-05-19 02:35:31,063] {processor.py:171} INFO - Processing /Users/nikhilanand/BDLProject/dags/preprocess_airflow.py took 0.383 seconds
[2024-05-19 02:36:22,374] {processor.py:163} INFO - Started process (PID=37332) to work on /Users/nikhilanand/BDLProject/dags/preprocess_airflow.py
[2024-05-19 02:36:22,375] {processor.py:642} INFO - Processing file /Users/nikhilanand/BDLProject/dags/preprocess_airflow.py for tasks to queue
[2024-05-19 02:36:22,375] {logging_mixin.py:109} INFO - [2024-05-19 02:36:22,375] {dagbag.py:500} INFO - Filling up the DagBag from /Users/nikhilanand/BDLProject/dags/preprocess_airflow.py
[2024-05-19 02:36:22,718] {logging_mixin.py:109} INFO - curl -o data/training.csv "https://storage.googleapis.com/kaggle-competitions-data/kaggle-v2/62891/6855609/compressed/training.csv.zip?GoogleAccessId=web-data@kaggle-161607.iam.gserviceaccount.com&Expires=1716100019&Signature=cz%2FG3wvyhW9QcUGYEAJ2bNXo6%2FIgCjqrbvxZGtyEC7%2BuoZkfBknQIlCuccOA82cjZjppreHd9XQcWXHNVvudXozi1iJJhcQzdZoqUzMux3lrBSZGGtZ%2BTYufw53k5WMQ2ByF%2Fm%2FhqJSjTlijkZOfRMJgbJkvGIcbMwIZxOwmXho%2FQjn6XGxSTsbNYaBfDl9%2FFtxqUz7eM42Y6WHzRbCbinHh0NqnRIAWNwh6ixYM7GRdSVhJiMmS7Ed9oLMvTUQBgi6qgyRB5BDejTJ6v31mCQdJcO0Nb53bbmzxl42nFMnBEtw3HhVgkD4rJcDbQXiWLRs0C1rKC5w2jGDA2c10sw%3D%3D&response-content-disposition=attachment%3B+filename%3Dtraining.csv.zip"
[2024-05-19 02:36:22,733] {processor.py:654} INFO - DAG(s) dict_keys(['keypoints_dag']) retrieved from /Users/nikhilanand/BDLProject/dags/preprocess_airflow.py
[2024-05-19 02:36:22,742] {logging_mixin.py:109} INFO - [2024-05-19 02:36:22,742] {dag.py:2396} INFO - Sync 1 DAGs
[2024-05-19 02:36:22,748] {logging_mixin.py:109} INFO - [2024-05-19 02:36:22,748] {dag.py:2935} INFO - Setting next_dagrun for keypoints_dag to 2024-05-18T00:00:00+00:00
[2024-05-19 02:36:22,751] {processor.py:171} INFO - Processing /Users/nikhilanand/BDLProject/dags/preprocess_airflow.py took 0.377 seconds
[2024-05-19 02:36:55,231] {processor.py:163} INFO - Started process (PID=37725) to work on /Users/nikhilanand/BDLProject/dags/preprocess_airflow.py
[2024-05-19 02:36:55,232] {processor.py:642} INFO - Processing file /Users/nikhilanand/BDLProject/dags/preprocess_airflow.py for tasks to queue
[2024-05-19 02:36:55,232] {logging_mixin.py:109} INFO - [2024-05-19 02:36:55,232] {dagbag.py:500} INFO - Filling up the DagBag from /Users/nikhilanand/BDLProject/dags/preprocess_airflow.py
[2024-05-19 02:36:55,573] {logging_mixin.py:109} INFO - curl -o data/training.csv "https://storage.googleapis.com/kaggle-competitions-data/kaggle-v2/62891/6855609/compressed/training.csv.zip?GoogleAccessId=web-data@kaggle-161607.iam.gserviceaccount.com&Expires=1716100019&Signature=cz%2FG3wvyhW9QcUGYEAJ2bNXo6%2FIgCjqrbvxZGtyEC7%2BuoZkfBknQIlCuccOA82cjZjppreHd9XQcWXHNVvudXozi1iJJhcQzdZoqUzMux3lrBSZGGtZ%2BTYufw53k5WMQ2ByF%2Fm%2FhqJSjTlijkZOfRMJgbJkvGIcbMwIZxOwmXho%2FQjn6XGxSTsbNYaBfDl9%2FFtxqUz7eM42Y6WHzRbCbinHh0NqnRIAWNwh6ixYM7GRdSVhJiMmS7Ed9oLMvTUQBgi6qgyRB5BDejTJ6v31mCQdJcO0Nb53bbmzxl42nFMnBEtw3HhVgkD4rJcDbQXiWLRs0C1rKC5w2jGDA2c10sw%3D%3D&response-content-disposition=attachment%3B+filename%3Dtraining.csv.zip"
[2024-05-19 02:36:55,587] {processor.py:654} INFO - DAG(s) dict_keys(['keypoints_dag']) retrieved from /Users/nikhilanand/BDLProject/dags/preprocess_airflow.py
[2024-05-19 02:36:55,596] {logging_mixin.py:109} INFO - [2024-05-19 02:36:55,596] {dag.py:2396} INFO - Sync 1 DAGs
[2024-05-19 02:36:55,602] {logging_mixin.py:109} INFO - [2024-05-19 02:36:55,602] {dag.py:2935} INFO - Setting next_dagrun for keypoints_dag to 2024-05-18T00:00:00+00:00
[2024-05-19 02:36:55,606] {processor.py:171} INFO - Processing /Users/nikhilanand/BDLProject/dags/preprocess_airflow.py took 0.375 seconds
