[2024-05-19 02:27:45,797] {processor.py:163} INFO - Started process (PID=31032) to work on /Users/nikhilanand/airflow_venv/lib/python3.9/site-packages/airflow/example_dags/plugins/workday.py
[2024-05-19 02:27:45,797] {processor.py:642} INFO - Processing file /Users/nikhilanand/airflow_venv/lib/python3.9/site-packages/airflow/example_dags/plugins/workday.py for tasks to queue
[2024-05-19 02:27:45,798] {logging_mixin.py:109} INFO - [2024-05-19 02:27:45,797] {dagbag.py:500} INFO - Filling up the DagBag from /Users/nikhilanand/airflow_venv/lib/python3.9/site-packages/airflow/example_dags/plugins/workday.py
[2024-05-19 02:27:45,811] {processor.py:656} WARNING - No viable dags retrieved from /Users/nikhilanand/airflow_venv/lib/python3.9/site-packages/airflow/example_dags/plugins/workday.py
[2024-05-19 02:27:45,812] {processor.py:171} INFO - Processing /Users/nikhilanand/airflow_venv/lib/python3.9/site-packages/airflow/example_dags/plugins/workday.py took 0.015 seconds
[2024-05-19 02:28:49,554] {processor.py:163} INFO - Started process (PID=32172) to work on /Users/nikhilanand/airflow_venv/lib/python3.9/site-packages/airflow/example_dags/plugins/workday.py
[2024-05-19 02:28:49,554] {processor.py:642} INFO - Processing file /Users/nikhilanand/airflow_venv/lib/python3.9/site-packages/airflow/example_dags/plugins/workday.py for tasks to queue
[2024-05-19 02:28:49,555] {logging_mixin.py:109} INFO - [2024-05-19 02:28:49,554] {dagbag.py:500} INFO - Filling up the DagBag from /Users/nikhilanand/airflow_venv/lib/python3.9/site-packages/airflow/example_dags/plugins/workday.py
[2024-05-19 02:28:49,574] {processor.py:656} WARNING - No viable dags retrieved from /Users/nikhilanand/airflow_venv/lib/python3.9/site-packages/airflow/example_dags/plugins/workday.py
[2024-05-19 02:28:49,575] {processor.py:171} INFO - Processing /Users/nikhilanand/airflow_venv/lib/python3.9/site-packages/airflow/example_dags/plugins/workday.py took 0.022 seconds
[2024-05-19 02:30:29,494] {processor.py:163} INFO - Started process (PID=33326) to work on /Users/nikhilanand/airflow_venv/lib/python3.9/site-packages/airflow/example_dags/plugins/workday.py
[2024-05-19 02:30:29,496] {processor.py:642} INFO - Processing file /Users/nikhilanand/airflow_venv/lib/python3.9/site-packages/airflow/example_dags/plugins/workday.py for tasks to queue
[2024-05-19 02:30:29,496] {logging_mixin.py:109} INFO - [2024-05-19 02:30:29,496] {dagbag.py:500} INFO - Filling up the DagBag from /Users/nikhilanand/airflow_venv/lib/python3.9/site-packages/airflow/example_dags/plugins/workday.py
[2024-05-19 02:30:29,508] {processor.py:656} WARNING - No viable dags retrieved from /Users/nikhilanand/airflow_venv/lib/python3.9/site-packages/airflow/example_dags/plugins/workday.py
[2024-05-19 02:30:29,509] {processor.py:171} INFO - Processing /Users/nikhilanand/airflow_venv/lib/python3.9/site-packages/airflow/example_dags/plugins/workday.py took 0.015 seconds
[2024-05-19 02:31:52,516] {processor.py:163} INFO - Started process (PID=34256) to work on /Users/nikhilanand/airflow_venv/lib/python3.9/site-packages/airflow/example_dags/plugins/workday.py
[2024-05-19 02:31:52,517] {processor.py:642} INFO - Processing file /Users/nikhilanand/airflow_venv/lib/python3.9/site-packages/airflow/example_dags/plugins/workday.py for tasks to queue
[2024-05-19 02:31:52,517] {logging_mixin.py:109} INFO - [2024-05-19 02:31:52,517] {dagbag.py:500} INFO - Filling up the DagBag from /Users/nikhilanand/airflow_venv/lib/python3.9/site-packages/airflow/example_dags/plugins/workday.py
[2024-05-19 02:31:52,529] {processor.py:656} WARNING - No viable dags retrieved from /Users/nikhilanand/airflow_venv/lib/python3.9/site-packages/airflow/example_dags/plugins/workday.py
[2024-05-19 02:31:52,530] {processor.py:171} INFO - Processing /Users/nikhilanand/airflow_venv/lib/python3.9/site-packages/airflow/example_dags/plugins/workday.py took 0.015 seconds
[2024-05-19 02:32:44,705] {processor.py:163} INFO - Started process (PID=34858) to work on /Users/nikhilanand/airflow_venv/lib/python3.9/site-packages/airflow/example_dags/plugins/workday.py
[2024-05-19 02:32:44,705] {processor.py:642} INFO - Processing file /Users/nikhilanand/airflow_venv/lib/python3.9/site-packages/airflow/example_dags/plugins/workday.py for tasks to queue
[2024-05-19 02:32:44,705] {logging_mixin.py:109} INFO - [2024-05-19 02:32:44,705] {dagbag.py:500} INFO - Filling up the DagBag from /Users/nikhilanand/airflow_venv/lib/python3.9/site-packages/airflow/example_dags/plugins/workday.py
[2024-05-19 02:32:44,718] {processor.py:656} WARNING - No viable dags retrieved from /Users/nikhilanand/airflow_venv/lib/python3.9/site-packages/airflow/example_dags/plugins/workday.py
[2024-05-19 02:32:44,719] {processor.py:171} INFO - Processing /Users/nikhilanand/airflow_venv/lib/python3.9/site-packages/airflow/example_dags/plugins/workday.py took 0.014 seconds
[2024-05-19 02:33:44,437] {processor.py:163} INFO - Started process (PID=35535) to work on /Users/nikhilanand/airflow_venv/lib/python3.9/site-packages/airflow/example_dags/plugins/workday.py
[2024-05-19 02:33:44,437] {processor.py:642} INFO - Processing file /Users/nikhilanand/airflow_venv/lib/python3.9/site-packages/airflow/example_dags/plugins/workday.py for tasks to queue
[2024-05-19 02:33:44,437] {logging_mixin.py:109} INFO - [2024-05-19 02:33:44,437] {dagbag.py:500} INFO - Filling up the DagBag from /Users/nikhilanand/airflow_venv/lib/python3.9/site-packages/airflow/example_dags/plugins/workday.py
[2024-05-19 02:33:44,449] {processor.py:656} WARNING - No viable dags retrieved from /Users/nikhilanand/airflow_venv/lib/python3.9/site-packages/airflow/example_dags/plugins/workday.py
[2024-05-19 02:33:44,450] {processor.py:171} INFO - Processing /Users/nikhilanand/airflow_venv/lib/python3.9/site-packages/airflow/example_dags/plugins/workday.py took 0.014 seconds
[2024-05-19 02:35:34,579] {processor.py:163} INFO - Started process (PID=36791) to work on /Users/nikhilanand/airflow_venv/lib/python3.9/site-packages/airflow/example_dags/plugins/workday.py
[2024-05-19 02:35:34,580] {processor.py:642} INFO - Processing file /Users/nikhilanand/airflow_venv/lib/python3.9/site-packages/airflow/example_dags/plugins/workday.py for tasks to queue
[2024-05-19 02:35:34,580] {logging_mixin.py:109} INFO - [2024-05-19 02:35:34,580] {dagbag.py:500} INFO - Filling up the DagBag from /Users/nikhilanand/airflow_venv/lib/python3.9/site-packages/airflow/example_dags/plugins/workday.py
[2024-05-19 02:35:34,592] {processor.py:656} WARNING - No viable dags retrieved from /Users/nikhilanand/airflow_venv/lib/python3.9/site-packages/airflow/example_dags/plugins/workday.py
[2024-05-19 02:35:34,593] {processor.py:171} INFO - Processing /Users/nikhilanand/airflow_venv/lib/python3.9/site-packages/airflow/example_dags/plugins/workday.py took 0.015 seconds
[2024-05-19 02:36:26,378] {processor.py:163} INFO - Started process (PID=37388) to work on /Users/nikhilanand/airflow_venv/lib/python3.9/site-packages/airflow/example_dags/plugins/workday.py
[2024-05-19 02:36:26,378] {processor.py:642} INFO - Processing file /Users/nikhilanand/airflow_venv/lib/python3.9/site-packages/airflow/example_dags/plugins/workday.py for tasks to queue
[2024-05-19 02:36:26,378] {logging_mixin.py:109} INFO - [2024-05-19 02:36:26,378] {dagbag.py:500} INFO - Filling up the DagBag from /Users/nikhilanand/airflow_venv/lib/python3.9/site-packages/airflow/example_dags/plugins/workday.py
[2024-05-19 02:36:26,390] {processor.py:656} WARNING - No viable dags retrieved from /Users/nikhilanand/airflow_venv/lib/python3.9/site-packages/airflow/example_dags/plugins/workday.py
[2024-05-19 02:36:26,391] {processor.py:171} INFO - Processing /Users/nikhilanand/airflow_venv/lib/python3.9/site-packages/airflow/example_dags/plugins/workday.py took 0.014 seconds
