[2024-05-19 02:35:12,061] {taskinstance.py:1032} INFO - Dependencies all met for <TaskInstance: keypoints_dag.preprocess_data manual__2024-05-18T21:04:07.629303+00:00 [queued]>
[2024-05-19 02:35:12,064] {taskinstance.py:1032} INFO - Dependencies all met for <TaskInstance: keypoints_dag.preprocess_data manual__2024-05-18T21:04:07.629303+00:00 [queued]>
[2024-05-19 02:35:12,064] {taskinstance.py:1238} INFO - 
--------------------------------------------------------------------------------
[2024-05-19 02:35:12,064] {taskinstance.py:1239} INFO - Starting attempt 1 of 1
[2024-05-19 02:35:12,064] {taskinstance.py:1240} INFO - 
--------------------------------------------------------------------------------
[2024-05-19 02:35:12,067] {taskinstance.py:1259} INFO - Executing <Task(PythonOperator): preprocess_data> on 2024-05-18 21:04:07.629303+00:00
[2024-05-19 02:35:12,077] {standard_task_runner.py:52} INFO - Started process 36548 to run task
[2024-05-19 02:35:12,081] {standard_task_runner.py:76} INFO - Running: ['airflow', 'tasks', 'run', 'keypoints_dag', 'preprocess_data', 'manual__2024-05-18T21:04:07.629303+00:00', '--job-id', '16', '--raw', '--subdir', 'DAGS_FOLDER/preprocess_airflow.py', '--cfg-path', '/var/folders/hr/cn8gd6d15xv_6m22yptdtyhw0000gn/T/tmpdqxs0o9v', '--error-file', '/var/folders/hr/cn8gd6d15xv_6m22yptdtyhw0000gn/T/tmpx9ndwi93']
[2024-05-19 02:35:12,083] {standard_task_runner.py:77} INFO - Job 16: Subtask preprocess_data
[2024-05-19 02:35:12,103] {logging_mixin.py:109} INFO - Running <TaskInstance: keypoints_dag.preprocess_data manual__2024-05-18T21:04:07.629303+00:00 [running]> on host 1.0.0.0.0.0.0.0.0.0.0.0.0.0.0.0.0.0.0.0.0.0.0.0.0.0.0.0.0.0.0.0.ip6.arpa
[2024-05-19 02:35:12,120] {taskinstance.py:1424} INFO - Exporting the following env vars:
AIRFLOW_CTX_DAG_OWNER=airflow
AIRFLOW_CTX_DAG_ID=keypoints_dag
AIRFLOW_CTX_TASK_ID=preprocess_data
AIRFLOW_CTX_EXECUTION_DATE=2024-05-18T21:04:07.629303+00:00
AIRFLOW_CTX_DAG_RUN_ID=manual__2024-05-18T21:04:07.629303+00:00
[2024-05-19 02:35:12,123] {logging_mixin.py:109} WARNING - /Users/nikhilanand/airflow_venv/lib/python3.9/site-packages/airflow/utils/context.py:152 AirflowContextDeprecationWarning: Accessing 'execution_date' from the template is deprecated and will be removed in a future version. Please use 'data_interval_start' or 'logical_date' instead.
[2024-05-19 02:35:12,124] {logging_mixin.py:109} WARNING - /Users/nikhilanand/airflow_venv/lib/python3.9/site-packages/airflow/utils/context.py:152 AirflowContextDeprecationWarning: Accessing 'next_ds' from the template is deprecated and will be removed in a future version. Please use '{{ data_interval_end | ds }}' instead.
[2024-05-19 02:35:12,124] {logging_mixin.py:109} WARNING - /Users/nikhilanand/airflow_venv/lib/python3.9/site-packages/airflow/utils/context.py:152 AirflowContextDeprecationWarning: Accessing 'next_ds_nodash' from the template is deprecated and will be removed in a future version. Please use '{{ data_interval_end | ds_nodash }}' instead.
[2024-05-19 02:35:12,125] {logging_mixin.py:109} WARNING - /Users/nikhilanand/airflow_venv/lib/python3.9/site-packages/airflow/utils/context.py:152 AirflowContextDeprecationWarning: Accessing 'next_execution_date' from the template is deprecated and will be removed in a future version. Please use 'data_interval_end' instead.
[2024-05-19 02:35:12,125] {logging_mixin.py:109} WARNING - /Users/nikhilanand/airflow_venv/lib/python3.9/site-packages/airflow/utils/context.py:152 AirflowContextDeprecationWarning: Accessing 'prev_ds' from the template is deprecated and will be removed in a future version.
[2024-05-19 02:35:12,126] {logging_mixin.py:109} WARNING - /Users/nikhilanand/airflow_venv/lib/python3.9/site-packages/airflow/utils/context.py:152 AirflowContextDeprecationWarning: Accessing 'prev_ds_nodash' from the template is deprecated and will be removed in a future version.
[2024-05-19 02:35:12,126] {logging_mixin.py:109} WARNING - /Users/nikhilanand/airflow_venv/lib/python3.9/site-packages/airflow/utils/context.py:152 AirflowContextDeprecationWarning: Accessing 'prev_execution_date' from the template is deprecated and will be removed in a future version.
[2024-05-19 02:35:12,127] {logging_mixin.py:109} WARNING - /Users/nikhilanand/airflow_venv/lib/python3.9/site-packages/airflow/utils/context.py:152 AirflowContextDeprecationWarning: Accessing 'prev_execution_date_success' from the template is deprecated and will be removed in a future version. Please use 'prev_data_interval_start_success' instead.
[2024-05-19 02:35:12,127] {logging_mixin.py:109} WARNING - /Users/nikhilanand/airflow_venv/lib/python3.9/site-packages/airflow/utils/context.py:152 AirflowContextDeprecationWarning: Accessing 'tomorrow_ds' from the template is deprecated and will be removed in a future version.
[2024-05-19 02:35:12,128] {logging_mixin.py:109} WARNING - /Users/nikhilanand/airflow_venv/lib/python3.9/site-packages/airflow/utils/context.py:152 AirflowContextDeprecationWarning: Accessing 'tomorrow_ds_nodash' from the template is deprecated and will be removed in a future version.
[2024-05-19 02:35:12,128] {logging_mixin.py:109} WARNING - /Users/nikhilanand/airflow_venv/lib/python3.9/site-packages/airflow/utils/context.py:152 AirflowContextDeprecationWarning: Accessing 'yesterday_ds' from the template is deprecated and will be removed in a future version.
[2024-05-19 02:35:12,128] {logging_mixin.py:109} WARNING - /Users/nikhilanand/airflow_venv/lib/python3.9/site-packages/airflow/utils/context.py:152 AirflowContextDeprecationWarning: Accessing 'yesterday_ds_nodash' from the template is deprecated and will be removed in a future version.
[2024-05-19 02:35:20,945] {python.py:175} INFO - Done. Returned value was: None
[2024-05-19 02:35:20,952] {taskinstance.py:1267} INFO - Marking task as SUCCESS. dag_id=keypoints_dag, task_id=preprocess_data, execution_date=20240518T210407, start_date=20240518T210512, end_date=20240518T210520
[2024-05-19 02:35:21,007] {local_task_job.py:154} INFO - Task exited with return code 0
[2024-05-19 02:35:21,017] {local_task_job.py:264} INFO - 0 downstream tasks scheduled from follow-on schedule check
